<?xml version="1.0" encoding="UTF-8"?>
<!-- Generated by org.testng.reporters.JUnitReportReporter -->
<testsuite hostname="fv-az1385-582" failures="0" tests="1" name="tests.AddEmployeeTest" time="7.679" errors="0" timestamp="2025-01-02T17:24:38 UTC" skipped="0">
  <testcase classname="tests.AddEmployeeTest" name="testAddEmployee" time="7.679"/>
</testsuite> <!-- tests.AddEmployeeTest -->
