<?xml version="1.0" encoding="UTF-8"?>
<!-- Generated by org.testng.reporters.JUnitReportReporter -->
<testsuite hostname="fv-az654-766" failures="0" tests="2" name="tests.LoginTest" time="4.002" errors="0" timestamp="2025-01-02T02:39:43 UTC" skipped="0">
  <testcase classname="tests.LoginTest" name="testValidLogin" time="1.227"/>
  <testcase classname="tests.LoginTest" name="testInvalidLogin" time="2.775"/>
</testsuite> <!-- tests.LoginTest -->
