<?xml version="1.0" encoding="UTF-8"?>
<!-- Generated by org.testng.reporters.JUnitReportReporter -->
<testsuite hostname="fv-az529-308" failures="0" tests="1" name="tests.AddEmployeeTest" time="6.653" errors="0" timestamp="2025-01-02T08:16:22 UTC" skipped="0">
  <testcase classname="tests.AddEmployeeTest" name="testAddEmployee" time="6.653"/>
</testsuite> <!-- tests.AddEmployeeTest -->
