<?xml version="1.0" encoding="UTF-8"?>
<!-- Generated by org.testng.reporters.JUnitReportReporter -->
<testsuite hostname="fv-az1242-949" failures="0" tests="2" name="tests.LoginTest" time="2.566" errors="0" timestamp="2025-01-02T09:44:44 UTC" skipped="0">
  <testcase classname="tests.LoginTest" name="testInvalidLogin" time="1.409"/>
  <testcase classname="tests.LoginTest" name="testValidLogin" time="1.157"/>
</testsuite> <!-- tests.LoginTest -->
