<?xml version="1.0" encoding="UTF-8"?>
<!-- Generated by org.testng.reporters.JUnitReportReporter -->
<testsuite hostname="fv-az768-402" failures="0" tests="2" name="tests.LoginTest" time="4.087" errors="0" timestamp="2025-01-02T13:08:08 UTC" skipped="0">
  <testcase classname="tests.LoginTest" name="testInvalidLogin" time="2.694"/>
  <testcase classname="tests.LoginTest" name="testValidLogin" time="1.393"/>
</testsuite> <!-- tests.LoginTest -->
