<?xml version="1.0" encoding="UTF-8"?>
<!-- Generated by org.testng.reporters.JUnitReportReporter -->
<testsuite hostname="fv-az1487-293" failures="0" tests="2" name="tests.LoginTest" time="2.573" errors="0" timestamp="2025-01-02T08:50:10 UTC" skipped="0">
  <testcase classname="tests.LoginTest" name="testInvalidLogin" time="1.412"/>
  <testcase classname="tests.LoginTest" name="testValidLogin" time="1.161"/>
</testsuite> <!-- tests.LoginTest -->
