<?xml version="1.0" encoding="UTF-8"?>
<!-- Generated by org.testng.reporters.JUnitReportReporter -->
<testsuite hostname="fv-az1200-688" failures="0" tests="2" name="tests.LoginTest" time="2.684" errors="0" timestamp="2025-01-02T10:36:12 UTC" skipped="0">
  <testcase classname="tests.LoginTest" name="testInvalidLogin" time="1.503"/>
  <testcase classname="tests.LoginTest" name="testValidLogin" time="1.181"/>
</testsuite> <!-- tests.LoginTest -->
