<?xml version="1.0" encoding="UTF-8"?>
<!-- Generated by org.testng.reporters.JUnitReportReporter -->
<testsuite hostname="fv-az1385-582" failures="0" tests="2" name="tests.LoginTest" time="3.584" errors="0" timestamp="2025-01-02T17:24:38 UTC" skipped="0">
  <testcase classname="tests.LoginTest" name="testInvalidLogin" time="2.183"/>
  <testcase classname="tests.LoginTest" name="testValidLogin" time="1.401"/>
</testsuite> <!-- tests.LoginTest -->
