<?xml version="1.0" encoding="UTF-8"?>
<!-- Generated by org.testng.reporters.JUnitReportReporter -->
<testsuite hostname="fv-az1380-866" failures="0" tests="2" name="tests.LoginTest" time="2.605" errors="0" timestamp="2025-01-02T09:02:15 UTC" skipped="0">
  <testcase classname="tests.LoginTest" name="testInvalidLogin" time="1.438"/>
  <testcase classname="tests.LoginTest" name="testValidLogin" time="1.167"/>
</testsuite> <!-- tests.LoginTest -->
