<?xml version="1.0" encoding="UTF-8"?>
<!-- Generated by org.testng.reporters.JUnitReportReporter -->
<testsuite hostname="fv-az529-308" failures="0" tests="2" name="tests.LoginTest" time="2.447" errors="0" timestamp="2025-01-02T08:16:22 UTC" skipped="0">
  <testcase classname="tests.LoginTest" name="testInvalidLogin" time="1.326"/>
  <testcase classname="tests.LoginTest" name="testValidLogin" time="1.121"/>
</testsuite> <!-- tests.LoginTest -->
