<?xml version="1.0" encoding="UTF-8"?>
<!-- Generated by org.testng.reporters.JUnitReportReporter -->
<testsuite hostname="fv-az768-402" failures="0" tests="1" name="tests.AddEmployeeTest" time="7.112" errors="0" timestamp="2025-01-02T13:08:08 UTC" skipped="0">
  <testcase classname="tests.AddEmployeeTest" name="testAddEmployee" time="7.112"/>
</testsuite> <!-- tests.AddEmployeeTest -->
