<?xml version="1.0" encoding="UTF-8"?>
<testsuite xmlns:xsi="http://www.w3.org/2001/XMLSchema-instance" xsi:noNamespaceSchemaLocation="https://maven.apache.org/surefire/maven-surefire-plugin/xsd/surefire-test-report-3.0.xsd" version="3.0" name="TestSuite" time="12.441" tests="3" errors="0" skipped="0" failures="0">
  <properties>
    <property name="java.specification.version" value="23"/>
    <property name="sun.jnu.encoding" value="UTF-8"/>
    <property name="java.class.path" value="/home/runner/work/endtoendproject/endtoendproject/target/test-classes:/home/runner/work/endtoendproject/endtoendproject/target/classes:/home/runner/.m2/repository/io/qameta/allure/allure-testng/2.29.1/allure-testng-2.29.1.jar:/home/runner/.m2/repository/io/qameta/allure/allure-java-commons/2.29.1/allure-java-commons-2.29.1.jar:/home/runner/.m2/repository/io/qameta/allure/allure-model/2.29.1/allure-model-2.29.1.jar:/home/runner/.m2/repository/io/qameta/allure/allure-test-filter/2.29.1/allure-test-filter-2.29.1.jar:/home/runner/.m2/repository/org/seleniumhq/selenium/selenium-java/4.13.0/selenium-java-4.13.0.jar:/home/runner/.m2/repository/org/seleniumhq/selenium/selenium-api/4.13.0/selenium-api-4.13.0.jar:/home/runner/.m2/repository/org/seleniumhq/selenium/selenium-chrome-driver/4.13.0/selenium-chrome-driver-4.13.0.jar:/home/runner/.m2/repository/com/google/auto/service/auto-service-annotations/1.1.1/auto-service-annotations-1.1.1.jar:/home/runner/.m2/repository/com/google/guava/guava/32.1.2-jre/guava-32.1.2-jre.jar:/home/runner/.m2/repository/com/google/guava/failureaccess/1.0.1/failureaccess-1.0.1.jar:/home/runner/.m2/repository/com/google/guava/listenablefuture/9999.0-empty-to-avoid-conflict-with-guava/listenablefuture-9999.0-empty-to-avoid-conflict-with-guava.jar:/home/runner/.m2/repository/com/google/code/findbugs/jsr305/3.0.2/jsr305-3.0.2.jar:/home/runner/.m2/repository/org/checkerframework/checker-qual/3.33.0/checker-qual-3.33.0.jar:/home/runner/.m2/repository/com/google/errorprone/error_prone_annotations/2.18.0/error_prone_annotations-2.18.0.jar:/home/runner/.m2/repository/com/google/j2objc/j2objc-annotations/2.8/j2objc-annotations-2.8.jar:/home/runner/.m2/repository/org/seleniumhq/selenium/selenium-chromium-driver/4.13.0/selenium-chromium-driver-4.13.0.jar:/home/runner/.m2/repository/org/seleniumhq/selenium/selenium-json/4.13.0/selenium-json-4.13.0.jar:/home/runner/.m2/repository/org/seleniumhq/selenium/selenium-manager/4.13.0/selenium-manager-4.13.0.jar:/home/runner/.m2/repository/org/seleniumhq/selenium/selenium-devtools-v115/4.13.0/selenium-devtools-v115-4.13.0.jar:/home/runner/.m2/repository/org/seleniumhq/selenium/selenium-devtools-v116/4.13.0/selenium-devtools-v116-4.13.0.jar:/home/runner/.m2/repository/org/seleniumhq/selenium/selenium-devtools-v117/4.13.0/selenium-devtools-v117-4.13.0.jar:/home/runner/.m2/repository/org/seleniumhq/selenium/selenium-devtools-v85/4.13.0/selenium-devtools-v85-4.13.0.jar:/home/runner/.m2/repository/org/seleniumhq/selenium/selenium-edge-driver/4.13.0/selenium-edge-driver-4.13.0.jar:/home/runner/.m2/repository/org/seleniumhq/selenium/selenium-firefox-driver/4.13.0/selenium-firefox-driver-4.13.0.jar:/home/runner/.m2/repository/org/seleniumhq/selenium/selenium-http/4.13.0/selenium-http-4.13.0.jar:/home/runner/.m2/repository/dev/failsafe/failsafe/3.3.2/failsafe-3.3.2.jar:/home/runner/.m2/repository/org/seleniumhq/selenium/selenium-ie-driver/4.13.0/selenium-ie-driver-4.13.0.jar:/home/runner/.m2/repository/org/seleniumhq/selenium/selenium-remote-driver/4.13.0/selenium-remote-driver-4.13.0.jar:/home/runner/.m2/repository/io/netty/netty-buffer/4.1.96.Final/netty-buffer-4.1.96.Final.jar:/home/runner/.m2/repository/io/netty/netty-codec-http/4.1.96.Final/netty-codec-http-4.1.96.Final.jar:/home/runner/.m2/repository/io/netty/netty-codec/4.1.96.Final/netty-codec-4.1.96.Final.jar:/home/runner/.m2/repository/io/netty/netty-handler/4.1.96.Final/netty-handler-4.1.96.Final.jar:/home/runner/.m2/repository/io/netty/netty-common/4.1.96.Final/netty-common-4.1.96.Final.jar:/home/runner/.m2/repository/io/netty/netty-transport-classes-epoll/4.1.96.Final/netty-transport-classes-epoll-4.1.96.Final.jar:/home/runner/.m2/repository/io/netty/netty-transport-classes-kqueue/4.1.96.Final/netty-transport-classes-kqueue-4.1.96.Final.jar:/home/runner/.m2/repository/io/netty/netty-transport-native-epoll/4.1.96.Final/netty-transport-native-epoll-4.1.96.Final.jar:/home/runner/.m2/repository/io/netty/netty-transport-native-kqueue/4.1.96.Final/netty-transport-native-kqueue-4.1.96.Final.jar:/home/runner/.m2/repository/io/netty/netty-transport-native-unix-common/4.1.96.Final/netty-transport-native-unix-common-4.1.96.Final.jar:/home/runner/.m2/repository/io/netty/netty-transport/4.1.96.Final/netty-transport-4.1.96.Final.jar:/home/runner/.m2/repository/io/netty/netty-resolver/4.1.96.Final/netty-resolver-4.1.96.Final.jar:/home/runner/.m2/repository/io/opentelemetry/opentelemetry-api/1.28.0/opentelemetry-api-1.28.0.jar:/home/runner/.m2/repository/io/opentelemetry/opentelemetry-context/1.28.0/opentelemetry-context-1.28.0.jar:/home/runner/.m2/repository/io/opentelemetry/opentelemetry-exporter-logging/1.28.0/opentelemetry-exporter-logging-1.28.0.jar:/home/runner/.m2/repository/io/opentelemetry/opentelemetry-sdk-metrics/1.28.0/opentelemetry-sdk-metrics-1.28.0.jar:/home/runner/.m2/repository/io/opentelemetry/opentelemetry-extension-incubator/1.28.0-alpha/opentelemetry-extension-incubator-1.28.0-alpha.jar:/home/runner/.m2/repository/io/opentelemetry/opentelemetry-sdk-logs/1.28.0/opentelemetry-sdk-logs-1.28.0.jar:/home/runner/.m2/repository/io/opentelemetry/opentelemetry-sdk-common/1.28.0/opentelemetry-sdk-common-1.28.0.jar:/home/runner/.m2/repository/io/opentelemetry/opentelemetry-sdk-extension-autoconfigure-spi/1.28.0/opentelemetry-sdk-extension-autoconfigure-spi-1.28.0.jar:/home/runner/.m2/repository/io/opentelemetry/opentelemetry-sdk-extension-autoconfigure/1.28.0/opentelemetry-sdk-extension-autoconfigure-1.28.0.jar:/home/runner/.m2/repository/io/opentelemetry/opentelemetry-api-events/1.28.0-alpha/opentelemetry-api-events-1.28.0-alpha.jar:/home/runner/.m2/repository/io/opentelemetry/opentelemetry-sdk-trace/1.28.0/opentelemetry-sdk-trace-1.28.0.jar:/home/runner/.m2/repository/io/opentelemetry/opentelemetry-sdk/1.28.0/opentelemetry-sdk-1.28.0.jar:/home/runner/.m2/repository/io/opentelemetry/opentelemetry-semconv/1.28.0-alpha/opentelemetry-semconv-1.28.0-alpha.jar:/home/runner/.m2/repository/net/bytebuddy/byte-buddy/1.14.5/byte-buddy-1.14.5.jar:/home/runner/.m2/repository/org/asynchttpclient/async-http-client/2.12.3/async-http-client-2.12.3.jar:/home/runner/.m2/repository/org/asynchttpclient/async-http-client-netty-utils/2.12.3/async-http-client-netty-utils-2.12.3.jar:/home/runner/.m2/repository/io/netty/netty-codec-socks/4.1.60.Final/netty-codec-socks-4.1.60.Final.jar:/home/runner/.m2/repository/io/netty/netty-handler-proxy/4.1.60.Final/netty-handler-proxy-4.1.60.Final.jar:/home/runner/.m2/repository/io/netty/netty-transport-native-epoll/4.1.60.Final/netty-transport-native-epoll-4.1.60.Final-linux-x86_64.jar:/home/runner/.m2/repository/io/netty/netty-transport-native-kqueue/4.1.60.Final/netty-transport-native-kqueue-4.1.60.Final-osx-x86_64.jar:/home/runner/.m2/repository/com/typesafe/netty/netty-reactive-streams/2.0.4/netty-reactive-streams-2.0.4.jar:/home/runner/.m2/repository/com/sun/activation/jakarta.activation/1.2.2/jakarta.activation-1.2.2.jar:/home/runner/.m2/repository/org/seleniumhq/selenium/selenium-os/4.13.0/selenium-os-4.13.0.jar:/home/runner/.m2/repository/org/apache/commons/commons-exec/1.3/commons-exec-1.3.jar:/home/runner/.m2/repository/org/seleniumhq/selenium/selenium-safari-driver/4.13.0/selenium-safari-driver-4.13.0.jar:/home/runner/.m2/repository/org/seleniumhq/selenium/selenium-support/4.13.0/selenium-support-4.13.0.jar:/home/runner/.m2/repository/org/testng/testng/7.8.0/testng-7.8.0.jar:/home/runner/.m2/repository/org/slf4j/slf4j-api/1.7.36/slf4j-api-1.7.36.jar:/home/runner/.m2/repository/com/beust/jcommander/1.82/jcommander-1.82.jar:/home/runner/.m2/repository/org/webjars/jquery/3.6.1/jquery-3.6.1.jar:/home/runner/.m2/repository/org/slf4j/slf4j-simple/2.0.9/slf4j-simple-2.0.9.jar:/home/runner/.m2/repository/ch/qos/logback/logback-classic/1.2.11/logback-classic-1.2.11.jar:/home/runner/.m2/repository/ch/qos/logback/logback-core/1.2.11/logback-core-1.2.11.jar:/home/runner/.m2/repository/com/aventstack/extentreports/5.0.9/extentreports-5.0.9.jar:/home/runner/.m2/repository/io/reactivex/rxjava3/rxjava/3.0.4/rxjava-3.0.4.jar:/home/runner/.m2/repository/org/reactivestreams/reactive-streams/1.0.3/reactive-streams-1.0.3.jar:/home/runner/.m2/repository/org/freemarker/freemarker/2.3.30/freemarker-2.3.30.jar:/home/runner/.m2/repository/com/google/code/gson/gson/2.8.6/gson-2.8.6.jar:/home/runner/.m2/repository/org/projectlombok/lombok/1.18.24/lombok-1.18.24.jar:"/>
    <property name="java.vm.vendor" value="Eclipse Adoptium"/>
    <property name="sun.arch.data.model" value="64"/>
    <property name="java.vendor.url" value="https://adoptium.net/"/>
    <property name="user.timezone" value="Etc/UTC"/>
    <property name="os.name" value="Linux"/>
    <property name="java.vm.specification.version" value="23"/>
    <property name="sun.java.launcher" value="SUN_STANDARD"/>
    <property name="sun.boot.library.path" value="/opt/hostedtoolcache/Java_Temurin-Hotspot_jdk/23.0.1-11/x64/lib"/>
    <property name="sun.java.command" value="/home/runner/work/endtoendproject/endtoendproject/target/surefire/surefirebooter7027433085910588209.jar /home/runner/work/endtoendproject/endtoendproject/target/surefire 2025-01-02T09-02-02_890-jvmRun1 surefire18147674307444251522tmp surefire_09157177523455219610tmp"/>
    <property name="jdk.debug" value="release"/>
    <property name="surefire.test.class.path" value="/home/runner/work/endtoendproject/endtoendproject/target/test-classes:/home/runner/work/endtoendproject/endtoendproject/target/classes:/home/runner/.m2/repository/io/qameta/allure/allure-testng/2.29.1/allure-testng-2.29.1.jar:/home/runner/.m2/repository/io/qameta/allure/allure-java-commons/2.29.1/allure-java-commons-2.29.1.jar:/home/runner/.m2/repository/io/qameta/allure/allure-model/2.29.1/allure-model-2.29.1.jar:/home/runner/.m2/repository/io/qameta/allure/allure-test-filter/2.29.1/allure-test-filter-2.29.1.jar:/home/runner/.m2/repository/org/seleniumhq/selenium/selenium-java/4.13.0/selenium-java-4.13.0.jar:/home/runner/.m2/repository/org/seleniumhq/selenium/selenium-api/4.13.0/selenium-api-4.13.0.jar:/home/runner/.m2/repository/org/seleniumhq/selenium/selenium-chrome-driver/4.13.0/selenium-chrome-driver-4.13.0.jar:/home/runner/.m2/repository/com/google/auto/service/auto-service-annotations/1.1.1/auto-service-annotations-1.1.1.jar:/home/runner/.m2/repository/com/google/guava/guava/32.1.2-jre/guava-32.1.2-jre.jar:/home/runner/.m2/repository/com/google/guava/failureaccess/1.0.1/failureaccess-1.0.1.jar:/home/runner/.m2/repository/com/google/guava/listenablefuture/9999.0-empty-to-avoid-conflict-with-guava/listenablefuture-9999.0-empty-to-avoid-conflict-with-guava.jar:/home/runner/.m2/repository/com/google/code/findbugs/jsr305/3.0.2/jsr305-3.0.2.jar:/home/runner/.m2/repository/org/checkerframework/checker-qual/3.33.0/checker-qual-3.33.0.jar:/home/runner/.m2/repository/com/google/errorprone/error_prone_annotations/2.18.0/error_prone_annotations-2.18.0.jar:/home/runner/.m2/repository/com/google/j2objc/j2objc-annotations/2.8/j2objc-annotations-2.8.jar:/home/runner/.m2/repository/org/seleniumhq/selenium/selenium-chromium-driver/4.13.0/selenium-chromium-driver-4.13.0.jar:/home/runner/.m2/repository/org/seleniumhq/selenium/selenium-json/4.13.0/selenium-json-4.13.0.jar:/home/runner/.m2/repository/org/seleniumhq/selenium/selenium-manager/4.13.0/selenium-manager-4.13.0.jar:/home/runner/.m2/repository/org/seleniumhq/selenium/selenium-devtools-v115/4.13.0/selenium-devtools-v115-4.13.0.jar:/home/runner/.m2/repository/org/seleniumhq/selenium/selenium-devtools-v116/4.13.0/selenium-devtools-v116-4.13.0.jar:/home/runner/.m2/repository/org/seleniumhq/selenium/selenium-devtools-v117/4.13.0/selenium-devtools-v117-4.13.0.jar:/home/runner/.m2/repository/org/seleniumhq/selenium/selenium-devtools-v85/4.13.0/selenium-devtools-v85-4.13.0.jar:/home/runner/.m2/repository/org/seleniumhq/selenium/selenium-edge-driver/4.13.0/selenium-edge-driver-4.13.0.jar:/home/runner/.m2/repository/org/seleniumhq/selenium/selenium-firefox-driver/4.13.0/selenium-firefox-driver-4.13.0.jar:/home/runner/.m2/repository/org/seleniumhq/selenium/selenium-http/4.13.0/selenium-http-4.13.0.jar:/home/runner/.m2/repository/dev/failsafe/failsafe/3.3.2/failsafe-3.3.2.jar:/home/runner/.m2/repository/org/seleniumhq/selenium/selenium-ie-driver/4.13.0/selenium-ie-driver-4.13.0.jar:/home/runner/.m2/repository/org/seleniumhq/selenium/selenium-remote-driver/4.13.0/selenium-remote-driver-4.13.0.jar:/home/runner/.m2/repository/io/netty/netty-buffer/4.1.96.Final/netty-buffer-4.1.96.Final.jar:/home/runner/.m2/repository/io/netty/netty-codec-http/4.1.96.Final/netty-codec-http-4.1.96.Final.jar:/home/runner/.m2/repository/io/netty/netty-codec/4.1.96.Final/netty-codec-4.1.96.Final.jar:/home/runner/.m2/repository/io/netty/netty-handler/4.1.96.Final/netty-handler-4.1.96.Final.jar:/home/runner/.m2/repository/io/netty/netty-common/4.1.96.Final/netty-common-4.1.96.Final.jar:/home/runner/.m2/repository/io/netty/netty-transport-classes-epoll/4.1.96.Final/netty-transport-classes-epoll-4.1.96.Final.jar:/home/runner/.m2/repository/io/netty/netty-transport-classes-kqueue/4.1.96.Final/netty-transport-classes-kqueue-4.1.96.Final.jar:/home/runner/.m2/repository/io/netty/netty-transport-native-epoll/4.1.96.Final/netty-transport-native-epoll-4.1.96.Final.jar:/home/runner/.m2/repository/io/netty/netty-transport-native-kqueue/4.1.96.Final/netty-transport-native-kqueue-4.1.96.Final.jar:/home/runner/.m2/repository/io/netty/netty-transport-native-unix-common/4.1.96.Final/netty-transport-native-unix-common-4.1.96.Final.jar:/home/runner/.m2/repository/io/netty/netty-transport/4.1.96.Final/netty-transport-4.1.96.Final.jar:/home/runner/.m2/repository/io/netty/netty-resolver/4.1.96.Final/netty-resolver-4.1.96.Final.jar:/home/runner/.m2/repository/io/opentelemetry/opentelemetry-api/1.28.0/opentelemetry-api-1.28.0.jar:/home/runner/.m2/repository/io/opentelemetry/opentelemetry-context/1.28.0/opentelemetry-context-1.28.0.jar:/home/runner/.m2/repository/io/opentelemetry/opentelemetry-exporter-logging/1.28.0/opentelemetry-exporter-logging-1.28.0.jar:/home/runner/.m2/repository/io/opentelemetry/opentelemetry-sdk-metrics/1.28.0/opentelemetry-sdk-metrics-1.28.0.jar:/home/runner/.m2/repository/io/opentelemetry/opentelemetry-extension-incubator/1.28.0-alpha/opentelemetry-extension-incubator-1.28.0-alpha.jar:/home/runner/.m2/repository/io/opentelemetry/opentelemetry-sdk-logs/1.28.0/opentelemetry-sdk-logs-1.28.0.jar:/home/runner/.m2/repository/io/opentelemetry/opentelemetry-sdk-common/1.28.0/opentelemetry-sdk-common-1.28.0.jar:/home/runner/.m2/repository/io/opentelemetry/opentelemetry-sdk-extension-autoconfigure-spi/1.28.0/opentelemetry-sdk-extension-autoconfigure-spi-1.28.0.jar:/home/runner/.m2/repository/io/opentelemetry/opentelemetry-sdk-extension-autoconfigure/1.28.0/opentelemetry-sdk-extension-autoconfigure-1.28.0.jar:/home/runner/.m2/repository/io/opentelemetry/opentelemetry-api-events/1.28.0-alpha/opentelemetry-api-events-1.28.0-alpha.jar:/home/runner/.m2/repository/io/opentelemetry/opentelemetry-sdk-trace/1.28.0/opentelemetry-sdk-trace-1.28.0.jar:/home/runner/.m2/repository/io/opentelemetry/opentelemetry-sdk/1.28.0/opentelemetry-sdk-1.28.0.jar:/home/runner/.m2/repository/io/opentelemetry/opentelemetry-semconv/1.28.0-alpha/opentelemetry-semconv-1.28.0-alpha.jar:/home/runner/.m2/repository/net/bytebuddy/byte-buddy/1.14.5/byte-buddy-1.14.5.jar:/home/runner/.m2/repository/org/asynchttpclient/async-http-client/2.12.3/async-http-client-2.12.3.jar:/home/runner/.m2/repository/org/asynchttpclient/async-http-client-netty-utils/2.12.3/async-http-client-netty-utils-2.12.3.jar:/home/runner/.m2/repository/io/netty/netty-codec-socks/4.1.60.Final/netty-codec-socks-4.1.60.Final.jar:/home/runner/.m2/repository/io/netty/netty-handler-proxy/4.1.60.Final/netty-handler-proxy-4.1.60.Final.jar:/home/runner/.m2/repository/io/netty/netty-transport-native-epoll/4.1.60.Final/netty-transport-native-epoll-4.1.60.Final-linux-x86_64.jar:/home/runner/.m2/repository/io/netty/netty-transport-native-kqueue/4.1.60.Final/netty-transport-native-kqueue-4.1.60.Final-osx-x86_64.jar:/home/runner/.m2/repository/com/typesafe/netty/netty-reactive-streams/2.0.4/netty-reactive-streams-2.0.4.jar:/home/runner/.m2/repository/com/sun/activation/jakarta.activation/1.2.2/jakarta.activation-1.2.2.jar:/home/runner/.m2/repository/org/seleniumhq/selenium/selenium-os/4.13.0/selenium-os-4.13.0.jar:/home/runner/.m2/repository/org/apache/commons/commons-exec/1.3/commons-exec-1.3.jar:/home/runner/.m2/repository/org/seleniumhq/selenium/selenium-safari-driver/4.13.0/selenium-safari-driver-4.13.0.jar:/home/runner/.m2/repository/org/seleniumhq/selenium/selenium-support/4.13.0/selenium-support-4.13.0.jar:/home/runner/.m2/repository/org/testng/testng/7.8.0/testng-7.8.0.jar:/home/runner/.m2/repository/org/slf4j/slf4j-api/1.7.36/slf4j-api-1.7.36.jar:/home/runner/.m2/repository/com/beust/jcommander/1.82/jcommander-1.82.jar:/home/runner/.m2/repository/org/webjars/jquery/3.6.1/jquery-3.6.1.jar:/home/runner/.m2/repository/org/slf4j/slf4j-simple/2.0.9/slf4j-simple-2.0.9.jar:/home/runner/.m2/repository/ch/qos/logback/logback-classic/1.2.11/logback-classic-1.2.11.jar:/home/runner/.m2/repository/ch/qos/logback/logback-core/1.2.11/logback-core-1.2.11.jar:/home/runner/.m2/repository/com/aventstack/extentreports/5.0.9/extentreports-5.0.9.jar:/home/runner/.m2/repository/io/reactivex/rxjava3/rxjava/3.0.4/rxjava-3.0.4.jar:/home/runner/.m2/repository/org/reactivestreams/reactive-streams/1.0.3/reactive-streams-1.0.3.jar:/home/runner/.m2/repository/org/freemarker/freemarker/2.3.30/freemarker-2.3.30.jar:/home/runner/.m2/repository/com/google/code/gson/gson/2.8.6/gson-2.8.6.jar:/home/runner/.m2/repository/org/projectlombok/lombok/1.18.24/lombok-1.18.24.jar:"/>
    <property name="sun.cpu.endian" value="little"/>
    <property name="user.home" value="/home/runner"/>
    <property name="user.language" value="en"/>
    <property name="java.specification.vendor" value="Oracle Corporation"/>
    <property name="java.version.date" value="2024-10-15"/>
    <property name="java.home" value="/opt/hostedtoolcache/Java_Temurin-Hotspot_jdk/23.0.1-11/x64"/>
    <property name="file.separator" value="/"/>
    <property name="basedir" value="/home/runner/work/endtoendproject/endtoendproject"/>
    <property name="java.vm.compressedOopsMode" value="Zero based"/>
    <property name="line.separator" value="&#10;"/>
    <property name="java.specification.name" value="Java Platform API Specification"/>
    <property name="java.vm.specification.vendor" value="Oracle Corporation"/>
    <property name="surefire.real.class.path" value="/home/runner/work/endtoendproject/endtoendproject/target/surefire/surefirebooter7027433085910588209.jar"/>
    <property name="sun.management.compiler" value="HotSpot 64-Bit Tiered Compilers"/>
    <property name="java.runtime.version" value="23.0.1+11"/>
    <property name="user.name" value="runner"/>
    <property name="stdout.encoding" value="UTF-8"/>
    <property name="path.separator" value=":"/>
    <property name="os.version" value="6.5.0-1025-azure"/>
    <property name="java.runtime.name" value="OpenJDK Runtime Environment"/>
    <property name="file.encoding" value="UTF-8"/>
    <property name="java.vm.name" value="OpenJDK 64-Bit Server VM"/>
    <property name="java.vendor.version" value="Temurin-23.0.1+11"/>
    <property name="localRepository" value="/home/runner/.m2/repository"/>
    <property name="java.vendor.url.bug" value="https://github.com/adoptium/adoptium-support/issues"/>
    <property name="java.io.tmpdir" value="/tmp"/>
    <property name="java.version" value="23.0.1"/>
    <property name="user.dir" value="/home/runner/work/endtoendproject/endtoendproject"/>
    <property name="os.arch" value="amd64"/>
    <property name="java.vm.specification.name" value="Java Virtual Machine Specification"/>
    <property name="native.encoding" value="UTF-8"/>
    <property name="java.library.path" value="/usr/java/packages/lib:/usr/lib64:/lib64:/lib:/usr/lib"/>
    <property name="java.vm.info" value="mixed mode, sharing"/>
    <property name="stderr.encoding" value="UTF-8"/>
    <property name="java.vendor" value="Eclipse Adoptium"/>
    <property name="java.vm.version" value="23.0.1+11"/>
    <property name="sun.io.unicode.encoding" value="UnicodeLittle"/>
    <property name="java.class.version" value="67.0"/>
  </properties>
  <testcase name="testInvalidLogin" classname="tests.LoginTest" time="1.469">
    <system-out><![CDATA[09:02:04.514 [main] DEBUG io.netty.util.internal.logging.InternalLoggerFactory - Using SLF4J as the default logging framework
09:02:04.517 [main] DEBUG io.netty.util.ResourceLeakDetector - -Dio.netty.leakDetection.level: simple
09:02:04.517 [main] DEBUG io.netty.util.ResourceLeakDetector - -Dio.netty.leakDetection.targetRecords: 4
09:02:04.521 [main] DEBUG io.netty.util.ResourceLeakDetectorFactory - Loaded default ResourceLeakDetector: io.netty.util.ResourceLeakDetector@5f4d427e
09:02:04.529 [main] DEBUG io.netty.util.internal.PlatformDependent0 - -Dio.netty.noUnsafe: false
09:02:04.530 [main] DEBUG io.netty.util.internal.PlatformDependent0 - Java version: 23
09:02:04.530 [main] DEBUG io.netty.util.internal.PlatformDependent0 - sun.misc.Unsafe.theUnsafe: available
09:02:04.531 [main] DEBUG io.netty.util.internal.PlatformDependent0 - sun.misc.Unsafe.copyMemory: available
09:02:04.531 [main] DEBUG io.netty.util.internal.PlatformDependent0 - sun.misc.Unsafe.storeFence: available
09:02:04.532 [main] DEBUG io.netty.util.internal.PlatformDependent0 - java.nio.Buffer.address: available
09:02:04.532 [main] DEBUG io.netty.util.internal.PlatformDependent0 - direct buffer constructor: unavailable: Reflective setAccessible(true) disabled
09:02:04.532 [main] DEBUG io.netty.util.internal.PlatformDependent0 - java.nio.Bits.unaligned: available, true
09:02:04.533 [main] DEBUG io.netty.util.internal.PlatformDependent0 - jdk.internal.misc.Unsafe.allocateUninitializedArray(int): unavailable: class io.netty.util.internal.PlatformDependent0$7 cannot access class jdk.internal.misc.Unsafe (in module java.base) because module java.base does not export jdk.internal.misc to unnamed module @73e22a3d
09:02:04.533 [main] DEBUG io.netty.util.internal.PlatformDependent0 - java.nio.DirectByteBuffer.<init>(long, {int,long}): unavailable
09:02:04.533 [main] DEBUG io.netty.util.internal.PlatformDependent - sun.misc.Unsafe: available
09:02:04.534 [main] DEBUG io.netty.util.internal.PlatformDependent - maxDirectMemory: 4190109696 bytes (maybe)
09:02:04.534 [main] DEBUG io.netty.util.internal.PlatformDependent - -Dio.netty.tmpdir: /tmp (java.io.tmpdir)
09:02:04.534 [main] DEBUG io.netty.util.internal.PlatformDependent - -Dio.netty.bitMode: 64 (sun.arch.data.model)
09:02:04.535 [main] DEBUG io.netty.util.internal.PlatformDependent - -Dio.netty.maxDirectMemory: -1 bytes
09:02:04.535 [main] DEBUG io.netty.util.internal.PlatformDependent - -Dio.netty.uninitializedArrayAllocationThreshold: -1
09:02:04.537 [main] DEBUG io.netty.util.internal.CleanerJava9 - java.nio.ByteBuffer.cleaner(): available
09:02:04.537 [main] DEBUG io.netty.util.internal.PlatformDependent - -Dio.netty.noPreferDirect: false
09:02:04.542 [main] DEBUG io.netty.util.internal.PlatformDependent - org.jctools-core.MpscChunkedArrayQueue: available
09:02:04.552 [main] DEBUG io.netty.util.internal.InternalThreadLocalMap - -Dio.netty.threadLocalMap.stringBuilder.initialSize: 1024
09:02:04.552 [main] DEBUG io.netty.util.internal.InternalThreadLocalMap - -Dio.netty.threadLocalMap.stringBuilder.maxSize: 4096
09:02:04.684 [main] DEBUG io.netty.handler.ssl.JdkSslContext - Default protocols (JDK): [TLSv1.3, TLSv1.2] 
09:02:04.684 [main] DEBUG io.netty.handler.ssl.JdkSslContext - Default cipher suites (JDK): [TLS_ECDHE_ECDSA_WITH_AES_256_GCM_SHA384, TLS_ECDHE_ECDSA_WITH_AES_128_GCM_SHA256, TLS_ECDHE_RSA_WITH_AES_128_GCM_SHA256, TLS_ECDHE_RSA_WITH_AES_256_GCM_SHA384, TLS_ECDHE_RSA_WITH_AES_128_CBC_SHA, TLS_ECDHE_RSA_WITH_AES_256_CBC_SHA, TLS_RSA_WITH_AES_128_GCM_SHA256, TLS_RSA_WITH_AES_128_CBC_SHA, TLS_RSA_WITH_AES_256_CBC_SHA, TLS_AES_128_GCM_SHA256, TLS_AES_256_GCM_SHA384]
09:02:04.691 [main] DEBUG io.netty.util.concurrent.GlobalEventExecutor - -Dio.netty.globalEventExecutor.quietPeriodSeconds: 1
09:02:04.700 [main] DEBUG io.netty.channel.MultithreadEventLoopGroup - -Dio.netty.eventLoopThreads: 8
09:02:04.706 [main] DEBUG io.netty.channel.nio.NioEventLoop - -Dio.netty.noKeySetOptimization: false
09:02:04.706 [main] DEBUG io.netty.channel.nio.NioEventLoop - -Dio.netty.selectorAutoRebuildThreshold: 512
09:02:04.723 [main] DEBUG io.netty.buffer.PooledByteBufAllocator - -Dio.netty.allocator.numHeapArenas: 8
09:02:04.723 [main] DEBUG io.netty.buffer.PooledByteBufAllocator - -Dio.netty.allocator.numDirectArenas: 8
09:02:04.723 [main] DEBUG io.netty.buffer.PooledByteBufAllocator - -Dio.netty.allocator.pageSize: 8192
09:02:04.723 [main] DEBUG io.netty.buffer.PooledByteBufAllocator - -Dio.netty.allocator.maxOrder: 9
09:02:04.723 [main] DEBUG io.netty.buffer.PooledByteBufAllocator - -Dio.netty.allocator.chunkSize: 4194304
09:02:04.723 [main] DEBUG io.netty.buffer.PooledByteBufAllocator - -Dio.netty.allocator.smallCacheSize: 256
09:02:04.723 [main] DEBUG io.netty.buffer.PooledByteBufAllocator - -Dio.netty.allocator.normalCacheSize: 64
09:02:04.723 [main] DEBUG io.netty.buffer.PooledByteBufAllocator - -Dio.netty.allocator.maxCachedBufferCapacity: 32768
09:02:04.723 [main] DEBUG io.netty.buffer.PooledByteBufAllocator - -Dio.netty.allocator.cacheTrimInterval: 8192
09:02:04.723 [main] DEBUG io.netty.buffer.PooledByteBufAllocator - -Dio.netty.allocator.cacheTrimIntervalMillis: 0
09:02:04.723 [main] DEBUG io.netty.buffer.PooledByteBufAllocator - -Dio.netty.allocator.useCacheForAllThreads: false
09:02:04.723 [main] DEBUG io.netty.buffer.PooledByteBufAllocator - -Dio.netty.allocator.maxCachedByteBuffersPerChunk: 1023
09:02:04.731 [main] DEBUG io.netty.buffer.ByteBufUtil - -Dio.netty.allocator.type: pooled
09:02:04.732 [main] DEBUG io.netty.buffer.ByteBufUtil - -Dio.netty.threadLocalDirectBufferSize: 0
09:02:04.732 [main] DEBUG io.netty.buffer.ByteBufUtil - -Dio.netty.maxThreadLocalCharBufferSize: 16384
09:02:04.906 [Forwarding newSession on session null to remote] DEBUG io.netty.channel.DefaultChannelId - -Dio.netty.processId: 1940 (auto-detected)
09:02:04.908 [Forwarding newSession on session null to remote] DEBUG io.netty.util.NetUtil - -Djava.net.preferIPv4Stack: false
09:02:04.908 [Forwarding newSession on session null to remote] DEBUG io.netty.util.NetUtil - -Djava.net.preferIPv6Addresses: false
09:02:04.909 [Forwarding newSession on session null to remote] DEBUG io.netty.util.NetUtilInitializations - Loopback interface: lo (lo, 0:0:0:0:0:0:0:1%lo)
09:02:04.909 [Forwarding newSession on session null to remote] DEBUG io.netty.util.NetUtil - /proc/sys/net/core/somaxconn: 4096
09:02:04.910 [Forwarding newSession on session null to remote] DEBUG io.netty.channel.DefaultChannelId - -Dio.netty.machineId: 00:0d:3a:ff:fe:3d:2c:dc (auto-detected)
09:02:04.946 [AsyncHttpClient-1-2] DEBUG io.netty.buffer.AbstractByteBuf - -Dio.netty.buffer.checkAccessible: true
09:02:04.946 [AsyncHttpClient-1-2] DEBUG io.netty.buffer.AbstractByteBuf - -Dio.netty.buffer.checkBounds: true
09:02:04.946 [AsyncHttpClient-1-2] DEBUG io.netty.util.ResourceLeakDetectorFactory - Loaded default ResourceLeakDetector: io.netty.util.ResourceLeakDetector@25da9508
09:02:04.961 [AsyncHttpClient-1-2] DEBUG org.asynchttpclient.netty.channel.NettyConnectListener - Using new Channel '[id: 0x28e37bd7, L:/127.0.0.1:54680 - R:localhost/127.0.0.1:14176]' for 'POST' to '/session'
09:02:04.978 [AsyncHttpClient-1-2] DEBUG io.netty.util.Recycler - -Dio.netty.recycler.maxCapacityPerThread: 4096
09:02:04.979 [AsyncHttpClient-1-2] DEBUG io.netty.util.Recycler - -Dio.netty.recycler.ratio: 8
09:02:04.979 [AsyncHttpClient-1-2] DEBUG io.netty.util.Recycler - -Dio.netty.recycler.chunkSize: 32
09:02:04.979 [AsyncHttpClient-1-2] DEBUG io.netty.util.Recycler - -Dio.netty.recycler.blocking: false
09:02:04.979 [AsyncHttpClient-1-2] DEBUG io.netty.util.Recycler - -Dio.netty.recycler.batchFastThreadLocalOnly: true
09:02:05.566 [AsyncHttpClient-1-2] DEBUG io.netty.handler.codec.compression.Brotli - brotli4j not in the classpath; Brotli support will be unavailable.
09:02:05.566 [AsyncHttpClient-1-2] DEBUG org.asynchttpclient.netty.handler.HttpHandler - 

Request DefaultHttpRequest(decodeResult: success, version: HTTP/1.1)
POST /session HTTP/1.1
User-Agent: selenium/4.13.0 (java unix)
Content-Length: 385
Content-Type: application/json; charset=utf-8
host: localhost:14176
accept: */*

Response DefaultHttpResponse(decodeResult: success, version: HTTP/1.1)
HTTP/1.1 200 OK
Content-Length: 850
Content-Type: application/json; charset=utf-8
cache-control: no-cache

09:02:05.571 [AsyncHttpClient-1-2] DEBUG org.asynchttpclient.netty.channel.ChannelManager - Adding key: http://localhost:14176 for channel [id: 0x28e37bd7, L:/127.0.0.1:54680 - R:localhost/127.0.0.1:14176]
09:02:05.610 [AsyncHttpClient-1-3] DEBUG org.asynchttpclient.netty.channel.NettyConnectListener - Using new Channel '[id: 0xe47ac08f, L:/127.0.0.1:56480 - R:localhost/127.0.0.1:46235]' for 'GET' to '/json/version'
09:02:05.613 [AsyncHttpClient-1-3] DEBUG org.asynchttpclient.netty.handler.HttpHandler - 

Request DefaultFullHttpRequest(decodeResult: success, version: HTTP/1.1, content: EmptyByteBufBE)
GET /json/version HTTP/1.1
User-Agent: selenium/4.13.0 (java unix)
host: localhost:46235
accept: */*

Response DefaultHttpResponse(decodeResult: success, version: HTTP/1.1)
HTTP/1.1 200 OK
Content-Security-Policy: frame-ancestors 'none'
Content-Length: 414
Content-Type: application/json; charset=UTF-8

09:02:05.613 [AsyncHttpClient-1-3] DEBUG org.asynchttpclient.netty.channel.ChannelManager - Adding key: http://localhost:46235 for channel [id: 0xe47ac08f, L:/127.0.0.1:56480 - R:localhost/127.0.0.1:46235]
09:02:05.618 [main] DEBUG io.netty.util.internal.ThreadLocalRandom - -Dio.netty.initialSeedUniquifier: 0x1c130b9934d1c4af
09:02:05.620 [AsyncHttpClient-1-4] DEBUG org.asynchttpclient.netty.channel.NettyConnectListener - Using new Channel '[id: 0x5592dfb6, L:/127.0.0.1:56496 - R:localhost/127.0.0.1:46235]' for 'GET' to '/devtools/browser/d5dcd162-100b-4123-a1bc-d84e181b47b5'
09:02:05.624 [AsyncHttpClient-1-4] DEBUG org.asynchttpclient.netty.handler.WebSocketHandler - 

Request DefaultFullHttpRequest(decodeResult: success, version: HTTP/1.1, content: EmptyByteBufBE)
GET /devtools/browser/d5dcd162-100b-4123-a1bc-d84e181b47b5 HTTP/1.1
upgrade: websocket
connection: upgrade
sec-websocket-key: wYc9yiKLLaE8bK/cxsfjvw==
sec-websocket-version: 13
origin: http://localhost:46235
host: localhost:46235
accept: */*
user-agent: AHC/2.1

Response DefaultHttpResponse(decodeResult: success, version: HTTP/1.1)
HTTP/1.1 101 WebSocket Protocol Handshake
Upgrade: WebSocket
Connection: Upgrade
Sec-WebSocket-Accept: g3HysukxvUANapfquK4+bbbU800=

09:02:05.656 [Forwarding setTimeout on session 4a00177a305ff2d0d05c21d29db111c5 to remote] DEBUG org.asynchttpclient.netty.request.NettyRequestSender - Using pooled Channel '[id: 0x28e37bd7, L:/127.0.0.1:54680 - R:localhost/127.0.0.1:14176]' for 'POST' to 'http://localhost:14176/session/4a00177a305ff2d0d05c21d29db111c5/timeouts'
09:02:05.656 [Forwarding setTimeout on session 4a00177a305ff2d0d05c21d29db111c5 to remote] DEBUG org.asynchttpclient.netty.request.NettyRequestSender - Using open Channel [id: 0x28e37bd7, L:/127.0.0.1:54680 - R:localhost/127.0.0.1:14176] for POST '/session/4a00177a305ff2d0d05c21d29db111c5/timeouts'
09:02:05.658 [AsyncHttpClient-1-2] DEBUG org.asynchttpclient.netty.handler.HttpHandler - 

Request DefaultHttpRequest(decodeResult: success, version: HTTP/1.1)
POST /session/4a00177a305ff2d0d05c21d29db111c5/timeouts HTTP/1.1
User-Agent: selenium/4.13.0 (java unix)
Content-Length: 23
Content-Type: application/json; charset=utf-8
host: localhost:14176
accept: */*

Response DefaultHttpResponse(decodeResult: success, version: HTTP/1.1)
HTTP/1.1 200 OK
Content-Length: 14
Content-Type: application/json; charset=utf-8
cache-control: no-cache

09:02:05.658 [AsyncHttpClient-1-2] DEBUG org.asynchttpclient.netty.channel.ChannelManager - Adding key: http://localhost:14176 for channel [id: 0x28e37bd7, L:/127.0.0.1:54680 - R:localhost/127.0.0.1:14176]
09:02:05.709 [Forwarding get on session 4a00177a305ff2d0d05c21d29db111c5 to remote] DEBUG org.asynchttpclient.netty.request.NettyRequestSender - Using pooled Channel '[id: 0x28e37bd7, L:/127.0.0.1:54680 - R:localhost/127.0.0.1:14176]' for 'POST' to 'http://localhost:14176/session/4a00177a305ff2d0d05c21d29db111c5/url'
09:02:05.709 [Forwarding get on session 4a00177a305ff2d0d05c21d29db111c5 to remote] DEBUG org.asynchttpclient.netty.request.NettyRequestSender - Using open Channel [id: 0x28e37bd7, L:/127.0.0.1:54680 - R:localhost/127.0.0.1:14176] for POST '/session/4a00177a305ff2d0d05c21d29db111c5/url'
09:02:05.746 [AsyncHttpClient-1-1] DEBUG org.asynchttpclient.netty.channel.DefaultChannelPool - Entry count for : http://localhost:46235 : 1
09:02:06.294 [AsyncHttpClient-1-2] DEBUG org.asynchttpclient.netty.handler.HttpHandler - 

Request DefaultHttpRequest(decodeResult: success, version: HTTP/1.1)
POST /session/4a00177a305ff2d0d05c21d29db111c5/url HTTP/1.1
User-Agent: selenium/4.13.0 (java unix)
Content-Length: 111
Content-Type: application/json; charset=utf-8
host: localhost:14176
accept: */*

Response DefaultHttpResponse(decodeResult: success, version: HTTP/1.1)
HTTP/1.1 200 OK
Content-Length: 14
Content-Type: application/json; charset=utf-8
cache-control: no-cache

09:02:06.294 [AsyncHttpClient-1-2] DEBUG org.asynchttpclient.netty.channel.ChannelManager - Adding key: http://localhost:14176 for channel [id: 0x28e37bd7, L:/127.0.0.1:54680 - R:localhost/127.0.0.1:14176]
09:02:06.296 [Forwarding findElement on session 4a00177a305ff2d0d05c21d29db111c5 to remote] DEBUG org.asynchttpclient.netty.request.NettyRequestSender - Using pooled Channel '[id: 0x28e37bd7, L:/127.0.0.1:54680 - R:localhost/127.0.0.1:14176]' for 'POST' to 'http://localhost:14176/session/4a00177a305ff2d0d05c21d29db111c5/element'
09:02:06.296 [Forwarding findElement on session 4a00177a305ff2d0d05c21d29db111c5 to remote] DEBUG org.asynchttpclient.netty.request.NettyRequestSender - Using open Channel [id: 0x28e37bd7, L:/127.0.0.1:54680 - R:localhost/127.0.0.1:14176] for POST '/session/4a00177a305ff2d0d05c21d29db111c5/element'
09:02:06.494 [AsyncHttpClient-1-2] DEBUG org.asynchttpclient.netty.handler.HttpHandler - 

Request DefaultHttpRequest(decodeResult: success, version: HTTP/1.1)
POST /session/4a00177a305ff2d0d05c21d29db111c5/element HTTP/1.1
User-Agent: selenium/4.13.0 (java unix)
Content-Length: 62
Content-Type: application/json; charset=utf-8
host: localhost:14176
accept: */*

Response DefaultHttpResponse(decodeResult: success, version: HTTP/1.1)
HTTP/1.1 200 OK
Content-Length: 125
Content-Type: application/json; charset=utf-8
cache-control: no-cache

09:02:06.494 [AsyncHttpClient-1-2] DEBUG org.asynchttpclient.netty.channel.ChannelManager - Adding key: http://localhost:14176 for channel [id: 0x28e37bd7, L:/127.0.0.1:54680 - R:localhost/127.0.0.1:14176]
09:02:06.499 [Forwarding sendKeysToElement on session 4a00177a305ff2d0d05c21d29db111c5 to remote] DEBUG org.asynchttpclient.netty.request.NettyRequestSender - Using pooled Channel '[id: 0x28e37bd7, L:/127.0.0.1:54680 - R:localhost/127.0.0.1:14176]' for 'POST' to 'http://localhost:14176/session/4a00177a305ff2d0d05c21d29db111c5/element/f.DE90FCCD3B52AA5358AD85CD0AF939B4.d.BDAC43404074AFDA9B57C36FEDEC60C9.e.2/value'
09:02:06.500 [Forwarding sendKeysToElement on session 4a00177a305ff2d0d05c21d29db111c5 to remote] DEBUG org.asynchttpclient.netty.request.NettyRequestSender - Using open Channel [id: 0x28e37bd7, L:/127.0.0.1:54680 - R:localhost/127.0.0.1:14176] for POST '/session/4a00177a305ff2d0d05c21d29db111c5/element/f.DE90FCCD3B52AA5358AD85CD0AF939B4.d.BDAC43404074AFDA9B57C36FEDEC60C9.e.2/value'
09:02:06.563 [AsyncHttpClient-1-2] DEBUG org.asynchttpclient.netty.handler.HttpHandler - 

Request DefaultHttpRequest(decodeResult: success, version: HTTP/1.1)
POST /session/4a00177a305ff2d0d05c21d29db111c5/element/f.DE90FCCD3B52AA5358AD85CD0AF939B4.d.BDAC43404074AFDA9B57C36FEDEC60C9.e.2/value HTTP/1.1
User-Agent: selenium/4.13.0 (java unix)
Content-Length: 268
Content-Type: application/json; charset=utf-8
host: localhost:14176
accept: */*

Response DefaultHttpResponse(decodeResult: success, version: HTTP/1.1)
HTTP/1.1 200 OK
Content-Length: 14
Content-Type: application/json; charset=utf-8
cache-control: no-cache

09:02:06.564 [AsyncHttpClient-1-2] DEBUG org.asynchttpclient.netty.channel.ChannelManager - Adding key: http://localhost:14176 for channel [id: 0x28e37bd7, L:/127.0.0.1:54680 - R:localhost/127.0.0.1:14176]
09:02:06.565 [Forwarding findElement on session 4a00177a305ff2d0d05c21d29db111c5 to remote] DEBUG org.asynchttpclient.netty.request.NettyRequestSender - Using pooled Channel '[id: 0x28e37bd7, L:/127.0.0.1:54680 - R:localhost/127.0.0.1:14176]' for 'POST' to 'http://localhost:14176/session/4a00177a305ff2d0d05c21d29db111c5/element'
09:02:06.565 [Forwarding findElement on session 4a00177a305ff2d0d05c21d29db111c5 to remote] DEBUG org.asynchttpclient.netty.request.NettyRequestSender - Using open Channel [id: 0x28e37bd7, L:/127.0.0.1:54680 - R:localhost/127.0.0.1:14176] for POST '/session/4a00177a305ff2d0d05c21d29db111c5/element'
09:02:06.575 [AsyncHttpClient-1-2] DEBUG org.asynchttpclient.netty.handler.HttpHandler - 

Request DefaultHttpRequest(decodeResult: success, version: HTTP/1.1)
POST /session/4a00177a305ff2d0d05c21d29db111c5/element HTTP/1.1
User-Agent: selenium/4.13.0 (java unix)
Content-Length: 62
Content-Type: application/json; charset=utf-8
host: localhost:14176
accept: */*

Response DefaultHttpResponse(decodeResult: success, version: HTTP/1.1)
HTTP/1.1 200 OK
Content-Length: 125
Content-Type: application/json; charset=utf-8
cache-control: no-cache

09:02:06.575 [AsyncHttpClient-1-2] DEBUG org.asynchttpclient.netty.channel.ChannelManager - Adding key: http://localhost:14176 for channel [id: 0x28e37bd7, L:/127.0.0.1:54680 - R:localhost/127.0.0.1:14176]
09:02:06.577 [Forwarding sendKeysToElement on session 4a00177a305ff2d0d05c21d29db111c5 to remote] DEBUG org.asynchttpclient.netty.request.NettyRequestSender - Using pooled Channel '[id: 0x28e37bd7, L:/127.0.0.1:54680 - R:localhost/127.0.0.1:14176]' for 'POST' to 'http://localhost:14176/session/4a00177a305ff2d0d05c21d29db111c5/element/f.DE90FCCD3B52AA5358AD85CD0AF939B4.d.BDAC43404074AFDA9B57C36FEDEC60C9.e.4/value'
09:02:06.577 [Forwarding sendKeysToElement on session 4a00177a305ff2d0d05c21d29db111c5 to remote] DEBUG org.asynchttpclient.netty.request.NettyRequestSender - Using open Channel [id: 0x28e37bd7, L:/127.0.0.1:54680 - R:localhost/127.0.0.1:14176] for POST '/session/4a00177a305ff2d0d05c21d29db111c5/element/f.DE90FCCD3B52AA5358AD85CD0AF939B4.d.BDAC43404074AFDA9B57C36FEDEC60C9.e.4/value'
09:02:06.628 [AsyncHttpClient-1-2] DEBUG org.asynchttpclient.netty.handler.HttpHandler - 

Request DefaultHttpRequest(decodeResult: success, version: HTTP/1.1)
POST /session/4a00177a305ff2d0d05c21d29db111c5/element/f.DE90FCCD3B52AA5358AD85CD0AF939B4.d.BDAC43404074AFDA9B57C36FEDEC60C9.e.4/value HTTP/1.1
User-Agent: selenium/4.13.0 (java unix)
Content-Length: 268
Content-Type: application/json; charset=utf-8
host: localhost:14176
accept: */*

Response DefaultHttpResponse(decodeResult: success, version: HTTP/1.1)
HTTP/1.1 200 OK
Content-Length: 14
Content-Type: application/json; charset=utf-8
cache-control: no-cache

09:02:06.628 [AsyncHttpClient-1-2] DEBUG org.asynchttpclient.netty.channel.ChannelManager - Adding key: http://localhost:14176 for channel [id: 0x28e37bd7, L:/127.0.0.1:54680 - R:localhost/127.0.0.1:14176]
09:02:06.630 [Forwarding findElement on session 4a00177a305ff2d0d05c21d29db111c5 to remote] DEBUG org.asynchttpclient.netty.request.NettyRequestSender - Using pooled Channel '[id: 0x28e37bd7, L:/127.0.0.1:54680 - R:localhost/127.0.0.1:14176]' for 'POST' to 'http://localhost:14176/session/4a00177a305ff2d0d05c21d29db111c5/element'
09:02:06.630 [Forwarding findElement on session 4a00177a305ff2d0d05c21d29db111c5 to remote] DEBUG org.asynchttpclient.netty.request.NettyRequestSender - Using open Channel [id: 0x28e37bd7, L:/127.0.0.1:54680 - R:localhost/127.0.0.1:14176] for POST '/session/4a00177a305ff2d0d05c21d29db111c5/element'
09:02:06.639 [AsyncHttpClient-1-2] DEBUG org.asynchttpclient.netty.handler.HttpHandler - 

Request DefaultHttpRequest(decodeResult: success, version: HTTP/1.1)
POST /session/4a00177a305ff2d0d05c21d29db111c5/element HTTP/1.1
User-Agent: selenium/4.13.0 (java unix)
Content-Length: 71
Content-Type: application/json; charset=utf-8
host: localhost:14176
accept: */*

Response DefaultHttpResponse(decodeResult: success, version: HTTP/1.1)
HTTP/1.1 200 OK
Content-Length: 126
Content-Type: application/json; charset=utf-8
cache-control: no-cache

09:02:06.639 [AsyncHttpClient-1-2] DEBUG org.asynchttpclient.netty.channel.ChannelManager - Adding key: http://localhost:14176 for channel [id: 0x28e37bd7, L:/127.0.0.1:54680 - R:localhost/127.0.0.1:14176]
09:02:06.641 [Forwarding clickElement on session 4a00177a305ff2d0d05c21d29db111c5 to remote] DEBUG org.asynchttpclient.netty.request.NettyRequestSender - Using pooled Channel '[id: 0x28e37bd7, L:/127.0.0.1:54680 - R:localhost/127.0.0.1:14176]' for 'POST' to 'http://localhost:14176/session/4a00177a305ff2d0d05c21d29db111c5/element/f.DE90FCCD3B52AA5358AD85CD0AF939B4.d.BDAC43404074AFDA9B57C36FEDEC60C9.e.19/click'
09:02:06.641 [Forwarding clickElement on session 4a00177a305ff2d0d05c21d29db111c5 to remote] DEBUG org.asynchttpclient.netty.request.NettyRequestSender - Using open Channel [id: 0x28e37bd7, L:/127.0.0.1:54680 - R:localhost/127.0.0.1:14176] for POST '/session/4a00177a305ff2d0d05c21d29db111c5/element/f.DE90FCCD3B52AA5358AD85CD0AF939B4.d.BDAC43404074AFDA9B57C36FEDEC60C9.e.19/click'
09:02:06.845 [AsyncHttpClient-1-1] DEBUG org.asynchttpclient.netty.channel.DefaultChannelPool - Entry count for : http://localhost:46235 : 1
09:02:06.951 [AsyncHttpClient-1-2] DEBUG org.asynchttpclient.netty.handler.HttpHandler - 

Request DefaultHttpRequest(decodeResult: success, version: HTTP/1.1)
POST /session/4a00177a305ff2d0d05c21d29db111c5/element/f.DE90FCCD3B52AA5358AD85CD0AF939B4.d.BDAC43404074AFDA9B57C36FEDEC60C9.e.19/click HTTP/1.1
User-Agent: selenium/4.13.0 (java unix)
Content-Length: 88
Content-Type: application/json; charset=utf-8
host: localhost:14176
accept: */*

Response DefaultHttpResponse(decodeResult: success, version: HTTP/1.1)
HTTP/1.1 200 OK
Content-Length: 14
Content-Type: application/json; charset=utf-8
cache-control: no-cache

09:02:06.951 [AsyncHttpClient-1-2] DEBUG org.asynchttpclient.netty.channel.ChannelManager - Adding key: http://localhost:14176 for channel [id: 0x28e37bd7, L:/127.0.0.1:54680 - R:localhost/127.0.0.1:14176]
09:02:06.953 [Forwarding findElement on session 4a00177a305ff2d0d05c21d29db111c5 to remote] DEBUG org.asynchttpclient.netty.request.NettyRequestSender - Using pooled Channel '[id: 0x28e37bd7, L:/127.0.0.1:54680 - R:localhost/127.0.0.1:14176]' for 'POST' to 'http://localhost:14176/session/4a00177a305ff2d0d05c21d29db111c5/element'
09:02:06.953 [Forwarding findElement on session 4a00177a305ff2d0d05c21d29db111c5 to remote] DEBUG org.asynchttpclient.netty.request.NettyRequestSender - Using open Channel [id: 0x28e37bd7, L:/127.0.0.1:54680 - R:localhost/127.0.0.1:14176] for POST '/session/4a00177a305ff2d0d05c21d29db111c5/element'
09:02:07.085 [AsyncHttpClient-1-2] DEBUG org.asynchttpclient.netty.handler.HttpHandler - 

Request DefaultHttpRequest(decodeResult: success, version: HTTP/1.1)
POST /session/4a00177a305ff2d0d05c21d29db111c5/element HTTP/1.1
User-Agent: selenium/4.13.0 (java unix)
Content-Length: 104
Content-Type: application/json; charset=utf-8
host: localhost:14176
accept: */*

Response DefaultHttpResponse(decodeResult: success, version: HTTP/1.1)
HTTP/1.1 200 OK
Content-Length: 126
Content-Type: application/json; charset=utf-8
cache-control: no-cache

09:02:07.085 [AsyncHttpClient-1-2] DEBUG org.asynchttpclient.netty.channel.ChannelManager - Adding key: http://localhost:14176 for channel [id: 0x28e37bd7, L:/127.0.0.1:54680 - R:localhost/127.0.0.1:14176]
09:02:07.096 [Forwarding isElementDisplayed on session 4a00177a305ff2d0d05c21d29db111c5 to remote] DEBUG org.asynchttpclient.netty.request.NettyRequestSender - Using pooled Channel '[id: 0x28e37bd7, L:/127.0.0.1:54680 - R:localhost/127.0.0.1:14176]' for 'POST' to 'http://localhost:14176/session/4a00177a305ff2d0d05c21d29db111c5/execute/sync'
09:02:07.096 [Forwarding isElementDisplayed on session 4a00177a305ff2d0d05c21d29db111c5 to remote] DEBUG org.asynchttpclient.netty.request.NettyRequestSender - Using open Channel [id: 0x28e37bd7, L:/127.0.0.1:54680 - R:localhost/127.0.0.1:14176] for POST '/session/4a00177a305ff2d0d05c21d29db111c5/execute/sync'
09:02:07.111 [AsyncHttpClient-1-2] DEBUG org.asynchttpclient.netty.handler.HttpHandler - 

Request DefaultHttpRequest(decodeResult: success, version: HTTP/1.1)
POST /session/4a00177a305ff2d0d05c21d29db111c5/execute/sync HTTP/1.1
User-Agent: selenium/4.13.0 (java unix)
Content-Length: 48845
Content-Type: application/json; charset=utf-8
host: localhost:14176
accept: */*

Response DefaultHttpResponse(decodeResult: success, version: HTTP/1.1)
HTTP/1.1 200 OK
Content-Length: 14
Content-Type: application/json; charset=utf-8
cache-control: no-cache

09:02:07.111 [AsyncHttpClient-1-2] DEBUG org.asynchttpclient.netty.channel.ChannelManager - Adding key: http://localhost:14176 for channel [id: 0x28e37bd7, L:/127.0.0.1:54680 - R:localhost/127.0.0.1:14176]
]]></system-out>
    <system-err><![CDATA[Jan 02, 2025 9:02:05 AM org.openqa.selenium.devtools.CdpVersionFinder findNearestMatch
WARNING: Unable to find CDP implementation matching 131
Jan 02, 2025 9:02:05 AM org.openqa.selenium.chromium.ChromiumDriver lambda$new$5
WARNING: Unable to find version of CDP to use for 131.0.6778.139. You may need to include a dependency on a specific version of the CDP using something similar to `org.seleniumhq.selenium:selenium-devtools-v86:4.13.0` where the version ("v86") matches the version of the chromium-based browser you're using and the version number of the artifact is the same as Selenium's.
]]></system-err>
  </testcase>
  <testcase name="testValidLogin" classname="tests.LoginTest" time="1.172">
    <system-out><![CDATA[09:02:07.152 [Forwarding get on session 4a00177a305ff2d0d05c21d29db111c5 to remote] DEBUG org.asynchttpclient.netty.request.NettyRequestSender - Using pooled Channel '[id: 0x28e37bd7, L:/127.0.0.1:54680 - R:localhost/127.0.0.1:14176]' for 'POST' to 'http://localhost:14176/session/4a00177a305ff2d0d05c21d29db111c5/url'
09:02:07.152 [Forwarding get on session 4a00177a305ff2d0d05c21d29db111c5 to remote] DEBUG org.asynchttpclient.netty.request.NettyRequestSender - Using open Channel [id: 0x28e37bd7, L:/127.0.0.1:54680 - R:localhost/127.0.0.1:14176] for POST '/session/4a00177a305ff2d0d05c21d29db111c5/url'
09:02:07.294 [AsyncHttpClient-1-2] DEBUG org.asynchttpclient.netty.handler.HttpHandler - 

Request DefaultHttpRequest(decodeResult: success, version: HTTP/1.1)
POST /session/4a00177a305ff2d0d05c21d29db111c5/url HTTP/1.1
User-Agent: selenium/4.13.0 (java unix)
Content-Length: 111
Content-Type: application/json; charset=utf-8
host: localhost:14176
accept: */*

Response DefaultHttpResponse(decodeResult: success, version: HTTP/1.1)
HTTP/1.1 200 OK
Content-Length: 14
Content-Type: application/json; charset=utf-8
cache-control: no-cache

09:02:07.294 [AsyncHttpClient-1-2] DEBUG org.asynchttpclient.netty.channel.ChannelManager - Adding key: http://localhost:14176 for channel [id: 0x28e37bd7, L:/127.0.0.1:54680 - R:localhost/127.0.0.1:14176]
09:02:07.296 [Forwarding findElement on session 4a00177a305ff2d0d05c21d29db111c5 to remote] DEBUG org.asynchttpclient.netty.request.NettyRequestSender - Using pooled Channel '[id: 0x28e37bd7, L:/127.0.0.1:54680 - R:localhost/127.0.0.1:14176]' for 'POST' to 'http://localhost:14176/session/4a00177a305ff2d0d05c21d29db111c5/element'
09:02:07.296 [Forwarding findElement on session 4a00177a305ff2d0d05c21d29db111c5 to remote] DEBUG org.asynchttpclient.netty.request.NettyRequestSender - Using open Channel [id: 0x28e37bd7, L:/127.0.0.1:54680 - R:localhost/127.0.0.1:14176] for POST '/session/4a00177a305ff2d0d05c21d29db111c5/element'
09:02:07.411 [AsyncHttpClient-1-2] DEBUG org.asynchttpclient.netty.handler.HttpHandler - 

Request DefaultHttpRequest(decodeResult: success, version: HTTP/1.1)
POST /session/4a00177a305ff2d0d05c21d29db111c5/element HTTP/1.1
User-Agent: selenium/4.13.0 (java unix)
Content-Length: 62
Content-Type: application/json; charset=utf-8
host: localhost:14176
accept: */*

Response DefaultHttpResponse(decodeResult: success, version: HTTP/1.1)
HTTP/1.1 200 OK
Content-Length: 126
Content-Type: application/json; charset=utf-8
cache-control: no-cache

09:02:07.412 [AsyncHttpClient-1-2] DEBUG org.asynchttpclient.netty.channel.ChannelManager - Adding key: http://localhost:14176 for channel [id: 0x28e37bd7, L:/127.0.0.1:54680 - R:localhost/127.0.0.1:14176]
09:02:07.414 [Forwarding sendKeysToElement on session 4a00177a305ff2d0d05c21d29db111c5 to remote] DEBUG org.asynchttpclient.netty.request.NettyRequestSender - Using pooled Channel '[id: 0x28e37bd7, L:/127.0.0.1:54680 - R:localhost/127.0.0.1:14176]' for 'POST' to 'http://localhost:14176/session/4a00177a305ff2d0d05c21d29db111c5/element/f.DE90FCCD3B52AA5358AD85CD0AF939B4.d.DD5C927BF3718C6F604F7C604F15B83F.e.31/value'
09:02:07.414 [Forwarding sendKeysToElement on session 4a00177a305ff2d0d05c21d29db111c5 to remote] DEBUG org.asynchttpclient.netty.request.NettyRequestSender - Using open Channel [id: 0x28e37bd7, L:/127.0.0.1:54680 - R:localhost/127.0.0.1:14176] for POST '/session/4a00177a305ff2d0d05c21d29db111c5/element/f.DE90FCCD3B52AA5358AD85CD0AF939B4.d.DD5C927BF3718C6F604F7C604F15B83F.e.31/value'
09:02:07.437 [AsyncHttpClient-1-2] DEBUG org.asynchttpclient.netty.handler.HttpHandler - 

Request DefaultHttpRequest(decodeResult: success, version: HTTP/1.1)
POST /session/4a00177a305ff2d0d05c21d29db111c5/element/f.DE90FCCD3B52AA5358AD85CD0AF939B4.d.DD5C927BF3718C6F604F7C604F15B83F.e.31/value HTTP/1.1
User-Agent: selenium/4.13.0 (java unix)
Content-Length: 169
Content-Type: application/json; charset=utf-8
host: localhost:14176
accept: */*

Response DefaultHttpResponse(decodeResult: success, version: HTTP/1.1)
HTTP/1.1 200 OK
Content-Length: 14
Content-Type: application/json; charset=utf-8
cache-control: no-cache

09:02:07.437 [AsyncHttpClient-1-2] DEBUG org.asynchttpclient.netty.channel.ChannelManager - Adding key: http://localhost:14176 for channel [id: 0x28e37bd7, L:/127.0.0.1:54680 - R:localhost/127.0.0.1:14176]
09:02:07.439 [Forwarding findElement on session 4a00177a305ff2d0d05c21d29db111c5 to remote] DEBUG org.asynchttpclient.netty.request.NettyRequestSender - Using pooled Channel '[id: 0x28e37bd7, L:/127.0.0.1:54680 - R:localhost/127.0.0.1:14176]' for 'POST' to 'http://localhost:14176/session/4a00177a305ff2d0d05c21d29db111c5/element'
09:02:07.439 [Forwarding findElement on session 4a00177a305ff2d0d05c21d29db111c5 to remote] DEBUG org.asynchttpclient.netty.request.NettyRequestSender - Using open Channel [id: 0x28e37bd7, L:/127.0.0.1:54680 - R:localhost/127.0.0.1:14176] for POST '/session/4a00177a305ff2d0d05c21d29db111c5/element'
09:02:07.445 [AsyncHttpClient-1-2] DEBUG org.asynchttpclient.netty.handler.HttpHandler - 

Request DefaultHttpRequest(decodeResult: success, version: HTTP/1.1)
POST /session/4a00177a305ff2d0d05c21d29db111c5/element HTTP/1.1
User-Agent: selenium/4.13.0 (java unix)
Content-Length: 62
Content-Type: application/json; charset=utf-8
host: localhost:14176
accept: */*

Response DefaultHttpResponse(decodeResult: success, version: HTTP/1.1)
HTTP/1.1 200 OK
Content-Length: 126
Content-Type: application/json; charset=utf-8
cache-control: no-cache

09:02:07.445 [AsyncHttpClient-1-2] DEBUG org.asynchttpclient.netty.channel.ChannelManager - Adding key: http://localhost:14176 for channel [id: 0x28e37bd7, L:/127.0.0.1:54680 - R:localhost/127.0.0.1:14176]
09:02:07.448 [Forwarding sendKeysToElement on session 4a00177a305ff2d0d05c21d29db111c5 to remote] DEBUG org.asynchttpclient.netty.request.NettyRequestSender - Using pooled Channel '[id: 0x28e37bd7, L:/127.0.0.1:54680 - R:localhost/127.0.0.1:14176]' for 'POST' to 'http://localhost:14176/session/4a00177a305ff2d0d05c21d29db111c5/element/f.DE90FCCD3B52AA5358AD85CD0AF939B4.d.DD5C927BF3718C6F604F7C604F15B83F.e.33/value'
09:02:07.448 [Forwarding sendKeysToElement on session 4a00177a305ff2d0d05c21d29db111c5 to remote] DEBUG org.asynchttpclient.netty.request.NettyRequestSender - Using open Channel [id: 0x28e37bd7, L:/127.0.0.1:54680 - R:localhost/127.0.0.1:14176] for POST '/session/4a00177a305ff2d0d05c21d29db111c5/element/f.DE90FCCD3B52AA5358AD85CD0AF939B4.d.DD5C927BF3718C6F604F7C604F15B83F.e.33/value'
09:02:07.488 [AsyncHttpClient-1-2] DEBUG org.asynchttpclient.netty.handler.HttpHandler - 

Request DefaultHttpRequest(decodeResult: success, version: HTTP/1.1)
POST /session/4a00177a305ff2d0d05c21d29db111c5/element/f.DE90FCCD3B52AA5358AD85CD0AF939B4.d.DD5C927BF3718C6F604F7C604F15B83F.e.33/value HTTP/1.1
User-Agent: selenium/4.13.0 (java unix)
Content-Length: 199
Content-Type: application/json; charset=utf-8
host: localhost:14176
accept: */*

Response DefaultHttpResponse(decodeResult: success, version: HTTP/1.1)
HTTP/1.1 200 OK
Content-Length: 14
Content-Type: application/json; charset=utf-8
cache-control: no-cache

09:02:07.489 [AsyncHttpClient-1-2] DEBUG org.asynchttpclient.netty.channel.ChannelManager - Adding key: http://localhost:14176 for channel [id: 0x28e37bd7, L:/127.0.0.1:54680 - R:localhost/127.0.0.1:14176]
09:02:07.490 [Forwarding findElement on session 4a00177a305ff2d0d05c21d29db111c5 to remote] DEBUG org.asynchttpclient.netty.request.NettyRequestSender - Using pooled Channel '[id: 0x28e37bd7, L:/127.0.0.1:54680 - R:localhost/127.0.0.1:14176]' for 'POST' to 'http://localhost:14176/session/4a00177a305ff2d0d05c21d29db111c5/element'
09:02:07.490 [Forwarding findElement on session 4a00177a305ff2d0d05c21d29db111c5 to remote] DEBUG org.asynchttpclient.netty.request.NettyRequestSender - Using open Channel [id: 0x28e37bd7, L:/127.0.0.1:54680 - R:localhost/127.0.0.1:14176] for POST '/session/4a00177a305ff2d0d05c21d29db111c5/element'
09:02:07.496 [AsyncHttpClient-1-2] DEBUG org.asynchttpclient.netty.handler.HttpHandler - 

Request DefaultHttpRequest(decodeResult: success, version: HTTP/1.1)
POST /session/4a00177a305ff2d0d05c21d29db111c5/element HTTP/1.1
User-Agent: selenium/4.13.0 (java unix)
Content-Length: 71
Content-Type: application/json; charset=utf-8
host: localhost:14176
accept: */*

Response DefaultHttpResponse(decodeResult: success, version: HTTP/1.1)
HTTP/1.1 200 OK
Content-Length: 126
Content-Type: application/json; charset=utf-8
cache-control: no-cache

09:02:07.496 [AsyncHttpClient-1-2] DEBUG org.asynchttpclient.netty.channel.ChannelManager - Adding key: http://localhost:14176 for channel [id: 0x28e37bd7, L:/127.0.0.1:54680 - R:localhost/127.0.0.1:14176]
09:02:07.497 [Forwarding clickElement on session 4a00177a305ff2d0d05c21d29db111c5 to remote] DEBUG org.asynchttpclient.netty.request.NettyRequestSender - Using pooled Channel '[id: 0x28e37bd7, L:/127.0.0.1:54680 - R:localhost/127.0.0.1:14176]' for 'POST' to 'http://localhost:14176/session/4a00177a305ff2d0d05c21d29db111c5/element/f.DE90FCCD3B52AA5358AD85CD0AF939B4.d.DD5C927BF3718C6F604F7C604F15B83F.e.37/click'
09:02:07.498 [Forwarding clickElement on session 4a00177a305ff2d0d05c21d29db111c5 to remote] DEBUG org.asynchttpclient.netty.request.NettyRequestSender - Using open Channel [id: 0x28e37bd7, L:/127.0.0.1:54680 - R:localhost/127.0.0.1:14176] for POST '/session/4a00177a305ff2d0d05c21d29db111c5/element/f.DE90FCCD3B52AA5358AD85CD0AF939B4.d.DD5C927BF3718C6F604F7C604F15B83F.e.37/click'
09:02:07.945 [AsyncHttpClient-1-1] DEBUG org.asynchttpclient.netty.channel.DefaultChannelPool - Entry count for : http://localhost:46235 : 1
09:02:08.113 [AsyncHttpClient-1-2] DEBUG org.asynchttpclient.netty.handler.HttpHandler - 

Request DefaultHttpRequest(decodeResult: success, version: HTTP/1.1)
POST /session/4a00177a305ff2d0d05c21d29db111c5/element/f.DE90FCCD3B52AA5358AD85CD0AF939B4.d.DD5C927BF3718C6F604F7C604F15B83F.e.37/click HTTP/1.1
User-Agent: selenium/4.13.0 (java unix)
Content-Length: 88
Content-Type: application/json; charset=utf-8
host: localhost:14176
accept: */*

Response DefaultHttpResponse(decodeResult: success, version: HTTP/1.1)
HTTP/1.1 200 OK
Content-Length: 14
Content-Type: application/json; charset=utf-8
cache-control: no-cache

09:02:08.114 [AsyncHttpClient-1-2] DEBUG org.asynchttpclient.netty.channel.ChannelManager - Adding key: http://localhost:14176 for channel [id: 0x28e37bd7, L:/127.0.0.1:54680 - R:localhost/127.0.0.1:14176]
09:02:08.115 [Forwarding findElement on session 4a00177a305ff2d0d05c21d29db111c5 to remote] DEBUG org.asynchttpclient.netty.request.NettyRequestSender - Using pooled Channel '[id: 0x28e37bd7, L:/127.0.0.1:54680 - R:localhost/127.0.0.1:14176]' for 'POST' to 'http://localhost:14176/session/4a00177a305ff2d0d05c21d29db111c5/element'
09:02:08.116 [Forwarding findElement on session 4a00177a305ff2d0d05c21d29db111c5 to remote] DEBUG org.asynchttpclient.netty.request.NettyRequestSender - Using open Channel [id: 0x28e37bd7, L:/127.0.0.1:54680 - R:localhost/127.0.0.1:14176] for POST '/session/4a00177a305ff2d0d05c21d29db111c5/element'
09:02:08.278 [AsyncHttpClient-1-2] DEBUG org.asynchttpclient.netty.handler.HttpHandler - 

Request DefaultHttpRequest(decodeResult: success, version: HTTP/1.1)
POST /session/4a00177a305ff2d0d05c21d29db111c5/element HTTP/1.1
User-Agent: selenium/4.13.0 (java unix)
Content-Length: 79
Content-Type: application/json; charset=utf-8
host: localhost:14176
accept: */*

Response DefaultHttpResponse(decodeResult: success, version: HTTP/1.1)
HTTP/1.1 200 OK
Content-Length: 126
Content-Type: application/json; charset=utf-8
cache-control: no-cache

09:02:08.278 [AsyncHttpClient-1-2] DEBUG org.asynchttpclient.netty.channel.ChannelManager - Adding key: http://localhost:14176 for channel [id: 0x28e37bd7, L:/127.0.0.1:54680 - R:localhost/127.0.0.1:14176]
09:02:08.280 [Forwarding isElementDisplayed on session 4a00177a305ff2d0d05c21d29db111c5 to remote] DEBUG org.asynchttpclient.netty.request.NettyRequestSender - Using pooled Channel '[id: 0x28e37bd7, L:/127.0.0.1:54680 - R:localhost/127.0.0.1:14176]' for 'POST' to 'http://localhost:14176/session/4a00177a305ff2d0d05c21d29db111c5/execute/sync'
09:02:08.281 [Forwarding isElementDisplayed on session 4a00177a305ff2d0d05c21d29db111c5 to remote] DEBUG org.asynchttpclient.netty.request.NettyRequestSender - Using open Channel [id: 0x28e37bd7, L:/127.0.0.1:54680 - R:localhost/127.0.0.1:14176] for POST '/session/4a00177a305ff2d0d05c21d29db111c5/execute/sync'
09:02:08.292 [AsyncHttpClient-1-2] DEBUG org.asynchttpclient.netty.handler.HttpHandler - 

Request DefaultHttpRequest(decodeResult: success, version: HTTP/1.1)
POST /session/4a00177a305ff2d0d05c21d29db111c5/execute/sync HTTP/1.1
User-Agent: selenium/4.13.0 (java unix)
Content-Length: 48845
Content-Type: application/json; charset=utf-8
host: localhost:14176
accept: */*

Response DefaultHttpResponse(decodeResult: success, version: HTTP/1.1)
HTTP/1.1 200 OK
Content-Length: 14
Content-Type: application/json; charset=utf-8
cache-control: no-cache

09:02:08.292 [AsyncHttpClient-1-2] DEBUG org.asynchttpclient.netty.channel.ChannelManager - Adding key: http://localhost:14176 for channel [id: 0x28e37bd7, L:/127.0.0.1:54680 - R:localhost/127.0.0.1:14176]
09:02:08.293 [Forwarding findElement on session 4a00177a305ff2d0d05c21d29db111c5 to remote] DEBUG org.asynchttpclient.netty.request.NettyRequestSender - Using pooled Channel '[id: 0x28e37bd7, L:/127.0.0.1:54680 - R:localhost/127.0.0.1:14176]' for 'POST' to 'http://localhost:14176/session/4a00177a305ff2d0d05c21d29db111c5/element'
09:02:08.294 [Forwarding findElement on session 4a00177a305ff2d0d05c21d29db111c5 to remote] DEBUG org.asynchttpclient.netty.request.NettyRequestSender - Using open Channel [id: 0x28e37bd7, L:/127.0.0.1:54680 - R:localhost/127.0.0.1:14176] for POST '/session/4a00177a305ff2d0d05c21d29db111c5/element'
09:02:08.299 [AsyncHttpClient-1-2] DEBUG org.asynchttpclient.netty.handler.HttpHandler - 

Request DefaultHttpRequest(decodeResult: success, version: HTTP/1.1)
POST /session/4a00177a305ff2d0d05c21d29db111c5/element HTTP/1.1
User-Agent: selenium/4.13.0 (java unix)
Content-Length: 79
Content-Type: application/json; charset=utf-8
host: localhost:14176
accept: */*

Response DefaultHttpResponse(decodeResult: success, version: HTTP/1.1)
HTTP/1.1 200 OK
Content-Length: 126
Content-Type: application/json; charset=utf-8
cache-control: no-cache

09:02:08.299 [AsyncHttpClient-1-2] DEBUG org.asynchttpclient.netty.channel.ChannelManager - Adding key: http://localhost:14176 for channel [id: 0x28e37bd7, L:/127.0.0.1:54680 - R:localhost/127.0.0.1:14176]
09:02:08.300 [Forwarding getElementText on session 4a00177a305ff2d0d05c21d29db111c5 to remote] DEBUG org.asynchttpclient.netty.request.NettyRequestSender - Using pooled Channel '[id: 0x28e37bd7, L:/127.0.0.1:54680 - R:localhost/127.0.0.1:14176]' for 'GET' to 'http://localhost:14176/session/4a00177a305ff2d0d05c21d29db111c5/element/f.DE90FCCD3B52AA5358AD85CD0AF939B4.d.2959FEFBCA882F20E47B30FAED18DDB2.e.43/text'
09:02:08.300 [Forwarding getElementText on session 4a00177a305ff2d0d05c21d29db111c5 to remote] DEBUG org.asynchttpclient.netty.request.NettyRequestSender - Using open Channel [id: 0x28e37bd7, L:/127.0.0.1:54680 - R:localhost/127.0.0.1:14176] for GET '/session/4a00177a305ff2d0d05c21d29db111c5/element/f.DE90FCCD3B52AA5358AD85CD0AF939B4.d.2959FEFBCA882F20E47B30FAED18DDB2.e.43/text'
09:02:08.314 [AsyncHttpClient-1-2] DEBUG org.asynchttpclient.netty.handler.HttpHandler - 

Request DefaultFullHttpRequest(decodeResult: success, version: HTTP/1.1, content: EmptyByteBufBE)
GET /session/4a00177a305ff2d0d05c21d29db111c5/element/f.DE90FCCD3B52AA5358AD85CD0AF939B4.d.2959FEFBCA882F20E47B30FAED18DDB2.e.43/text HTTP/1.1
Cache-Control: no-cache
User-Agent: selenium/4.13.0 (java unix)
Content-Type: application/json; charset=utf-8
host: localhost:14176
accept: */*

Response DefaultHttpResponse(decodeResult: success, version: HTTP/1.1)
HTTP/1.1 200 OK
Content-Length: 21
Content-Type: application/json; charset=utf-8
cache-control: no-cache

09:02:08.315 [AsyncHttpClient-1-2] DEBUG org.asynchttpclient.netty.channel.ChannelManager - Adding key: http://localhost:14176 for channel [id: 0x28e37bd7, L:/127.0.0.1:54680 - R:localhost/127.0.0.1:14176]
]]></system-out>
  </testcase>
  <testcase name="testAddEmployee" classname="tests.AddEmployeeTest" time="6.633">
    <system-out><![CDATA[09:02:08.324 [AsyncHttpClient-1-4] DEBUG org.asynchttpclient.netty.handler.WebSocketHandler - Channel Closed: [id: 0x5592dfb6, L:/127.0.0.1:56496 ! R:localhost/127.0.0.1:46235] with attribute DISCARD
09:02:08.329 [Driver Command Executor] DEBUG org.asynchttpclient.netty.request.NettyRequestSender - Using pooled Channel '[id: 0x28e37bd7, L:/127.0.0.1:54680 - R:localhost/127.0.0.1:14176]' for 'DELETE' to 'http://localhost:14176/session/4a00177a305ff2d0d05c21d29db111c5'
09:02:08.329 [Driver Command Executor] DEBUG org.asynchttpclient.netty.request.NettyRequestSender - Using open Channel [id: 0x28e37bd7, L:/127.0.0.1:54680 - R:localhost/127.0.0.1:14176] for DELETE '/session/4a00177a305ff2d0d05c21d29db111c5'
09:02:08.340 [AsyncHttpClient-1-3] DEBUG org.asynchttpclient.netty.handler.HttpHandler - Channel Closed: [id: 0xe47ac08f, L:/127.0.0.1:56480 ! R:localhost/127.0.0.1:46235] with attribute DISCARD
09:02:08.381 [AsyncHttpClient-1-2] DEBUG org.asynchttpclient.netty.handler.HttpHandler - 

Request DefaultFullHttpRequest(decodeResult: success, version: HTTP/1.1, content: EmptyByteBufBE)
DELETE /session/4a00177a305ff2d0d05c21d29db111c5 HTTP/1.1
User-Agent: selenium/4.13.0 (java unix)
Content-Type: application/json; charset=utf-8
host: localhost:14176
accept: */*

Response DefaultHttpResponse(decodeResult: success, version: HTTP/1.1)
HTTP/1.1 200 OK
Content-Length: 14
Content-Type: application/json; charset=utf-8
cache-control: no-cache

09:02:08.381 [AsyncHttpClient-1-2] DEBUG org.asynchttpclient.netty.channel.ChannelManager - Adding key: http://localhost:14176 for channel [id: 0x28e37bd7, L:/127.0.0.1:54680 - R:localhost/127.0.0.1:14176]
09:02:08.394 [AsyncHttpClient-1-2] DEBUG org.asynchttpclient.netty.handler.HttpHandler - Channel Closed: [id: 0x28e37bd7, L:/127.0.0.1:54680 ! R:localhost/127.0.0.1:14176] with attribute DISCARD
09:02:08.818 [AsyncHttpClient-1-5] DEBUG org.asynchttpclient.netty.channel.NettyConnectListener - Using new Channel '[id: 0x5e28d901, L:/127.0.0.1:43930 - R:localhost/127.0.0.1:4205]' for 'POST' to '/session'
09:02:09.032 [AsyncHttpClient-1-5] DEBUG org.asynchttpclient.netty.handler.HttpHandler - 

Request DefaultHttpRequest(decodeResult: success, version: HTTP/1.1)
POST /session HTTP/1.1
User-Agent: selenium/4.13.0 (java unix)
Content-Length: 424
Content-Type: application/json; charset=utf-8
host: localhost:4205
accept: */*

Response DefaultHttpResponse(decodeResult: success, version: HTTP/1.1)
HTTP/1.1 200 OK
Content-Length: 850
Content-Type: application/json; charset=utf-8
cache-control: no-cache

09:02:09.033 [AsyncHttpClient-1-5] DEBUG org.asynchttpclient.netty.channel.ChannelManager - Adding key: http://localhost:4205 for channel [id: 0x5e28d901, L:/127.0.0.1:43930 - R:localhost/127.0.0.1:4205]
09:02:09.041 [AsyncHttpClient-1-6] DEBUG org.asynchttpclient.netty.channel.NettyConnectListener - Using new Channel '[id: 0xed42d5ef, L:/127.0.0.1:37772 - R:localhost/127.0.0.1:36457]' for 'GET' to '/json/version'
09:02:09.043 [AsyncHttpClient-1-6] DEBUG org.asynchttpclient.netty.handler.HttpHandler - 

Request DefaultFullHttpRequest(decodeResult: success, version: HTTP/1.1, content: EmptyByteBufBE)
GET /json/version HTTP/1.1
User-Agent: selenium/4.13.0 (java unix)
host: localhost:36457
accept: */*

Response DefaultHttpResponse(decodeResult: success, version: HTTP/1.1)
HTTP/1.1 200 OK
Content-Security-Policy: frame-ancestors 'none'
Content-Length: 414
Content-Type: application/json; charset=UTF-8

09:02:09.044 [AsyncHttpClient-1-6] DEBUG org.asynchttpclient.netty.channel.ChannelManager - Adding key: http://localhost:36457 for channel [id: 0xed42d5ef, L:/127.0.0.1:37772 - R:localhost/127.0.0.1:36457]
09:02:09.045 [AsyncHttpClient-1-1] DEBUG org.asynchttpclient.netty.channel.DefaultChannelPool - Entry count for : http://localhost:4205 : 1
09:02:09.045 [AsyncHttpClient-1-1] DEBUG org.asynchttpclient.netty.channel.DefaultChannelPool - Entry count for : http://localhost:36457 : 1
09:02:09.046 [AsyncHttpClient-1-1] DEBUG org.asynchttpclient.netty.channel.DefaultChannelPool - Entry count for : http://localhost:14176 : 1
09:02:09.046 [AsyncHttpClient-1-1] DEBUG org.asynchttpclient.netty.channel.DefaultChannelPool - Entry count for : http://localhost:46235 : 1
09:02:09.046 [AsyncHttpClient-1-1] DEBUG org.asynchttpclient.netty.channel.DefaultChannelPool - Adding Candidate expired Channel [id: 0x28e37bd7, L:/127.0.0.1:54680 ! R:localhost/127.0.0.1:14176] isIdleTimeoutExpired=false isRemotelyClosed=true isTtlExpired=false
09:02:09.046 [AsyncHttpClient-1-1] DEBUG org.asynchttpclient.netty.channel.DefaultChannelPool - Closing Idle Channel [id: 0x28e37bd7, L:/127.0.0.1:54680 ! R:localhost/127.0.0.1:14176]
09:02:09.046 [AsyncHttpClient-1-1] DEBUG org.asynchttpclient.netty.channel.DefaultChannelPool - Adding Candidate expired Channel [id: 0xe47ac08f, L:/127.0.0.1:56480 ! R:localhost/127.0.0.1:46235] isIdleTimeoutExpired=false isRemotelyClosed=true isTtlExpired=false
09:02:09.045 [AsyncHttpClient-1-7] DEBUG org.asynchttpclient.netty.channel.NettyConnectListener - Using new Channel '[id: 0x1615846f, L:/127.0.0.1:37776 - R:localhost/127.0.0.1:36457]' for 'GET' to '/devtools/browser/6cf31e1f-037c-4fa1-9128-84600174f8fc'
09:02:09.046 [AsyncHttpClient-1-1] DEBUG org.asynchttpclient.netty.channel.DefaultChannelPool - Closing Idle Channel [id: 0xe47ac08f, L:/127.0.0.1:56480 ! R:localhost/127.0.0.1:46235]
09:02:09.047 [AsyncHttpClient-1-1] DEBUG org.asynchttpclient.netty.channel.DefaultChannelPool - Closed 2 connections out of 4 in 1 ms
09:02:09.049 [AsyncHttpClient-1-7] DEBUG org.asynchttpclient.netty.handler.WebSocketHandler - 

Request DefaultFullHttpRequest(decodeResult: success, version: HTTP/1.1, content: EmptyByteBufBE)
GET /devtools/browser/6cf31e1f-037c-4fa1-9128-84600174f8fc HTTP/1.1
upgrade: websocket
connection: upgrade
sec-websocket-key: sW7WELUeTUFStxBAxqm9hg==
sec-websocket-version: 13
origin: http://localhost:36457
host: localhost:36457
accept: */*
user-agent: AHC/2.1

Response DefaultHttpResponse(decodeResult: success, version: HTTP/1.1)
HTTP/1.1 101 WebSocket Protocol Handshake
Upgrade: WebSocket
Connection: Upgrade
Sec-WebSocket-Accept: EHjVg3Qi1caGaqRdiXMwGKmu2Og=

09:02:09.054 [Forwarding setTimeout on session 44eb14877d37b1a679ce4bd28bfdaac0 to remote] DEBUG org.asynchttpclient.netty.request.NettyRequestSender - Using pooled Channel '[id: 0x5e28d901, L:/127.0.0.1:43930 - R:localhost/127.0.0.1:4205]' for 'POST' to 'http://localhost:4205/session/44eb14877d37b1a679ce4bd28bfdaac0/timeouts'
09:02:09.054 [Forwarding setTimeout on session 44eb14877d37b1a679ce4bd28bfdaac0 to remote] DEBUG org.asynchttpclient.netty.request.NettyRequestSender - Using open Channel [id: 0x5e28d901, L:/127.0.0.1:43930 - R:localhost/127.0.0.1:4205] for POST '/session/44eb14877d37b1a679ce4bd28bfdaac0/timeouts'
09:02:09.055 [AsyncHttpClient-1-5] DEBUG org.asynchttpclient.netty.handler.HttpHandler - 

Request DefaultHttpRequest(decodeResult: success, version: HTTP/1.1)
POST /session/44eb14877d37b1a679ce4bd28bfdaac0/timeouts HTTP/1.1
User-Agent: selenium/4.13.0 (java unix)
Content-Length: 23
Content-Type: application/json; charset=utf-8
host: localhost:4205
accept: */*

Response DefaultHttpResponse(decodeResult: success, version: HTTP/1.1)
HTTP/1.1 200 OK
Content-Length: 14
Content-Type: application/json; charset=utf-8
cache-control: no-cache

09:02:09.056 [AsyncHttpClient-1-5] DEBUG org.asynchttpclient.netty.channel.ChannelManager - Adding key: http://localhost:4205 for channel [id: 0x5e28d901, L:/127.0.0.1:43930 - R:localhost/127.0.0.1:4205]
09:02:09.061 [Forwarding get on session 44eb14877d37b1a679ce4bd28bfdaac0 to remote] DEBUG org.asynchttpclient.netty.request.NettyRequestSender - Using pooled Channel '[id: 0x5e28d901, L:/127.0.0.1:43930 - R:localhost/127.0.0.1:4205]' for 'POST' to 'http://localhost:4205/session/44eb14877d37b1a679ce4bd28bfdaac0/url'
09:02:09.062 [Forwarding get on session 44eb14877d37b1a679ce4bd28bfdaac0 to remote] DEBUG org.asynchttpclient.netty.request.NettyRequestSender - Using open Channel [id: 0x5e28d901, L:/127.0.0.1:43930 - R:localhost/127.0.0.1:4205] for POST '/session/44eb14877d37b1a679ce4bd28bfdaac0/url'
09:02:09.578 [AsyncHttpClient-1-5] DEBUG org.asynchttpclient.netty.handler.HttpHandler - 

Request DefaultHttpRequest(decodeResult: success, version: HTTP/1.1)
POST /session/44eb14877d37b1a679ce4bd28bfdaac0/url HTTP/1.1
User-Agent: selenium/4.13.0 (java unix)
Content-Length: 111
Content-Type: application/json; charset=utf-8
host: localhost:4205
accept: */*

Response DefaultHttpResponse(decodeResult: success, version: HTTP/1.1)
HTTP/1.1 200 OK
Content-Length: 14
Content-Type: application/json; charset=utf-8
cache-control: no-cache

09:02:09.578 [AsyncHttpClient-1-5] DEBUG org.asynchttpclient.netty.channel.ChannelManager - Adding key: http://localhost:4205 for channel [id: 0x5e28d901, L:/127.0.0.1:43930 - R:localhost/127.0.0.1:4205]
09:02:09.580 [Forwarding findElement on session 44eb14877d37b1a679ce4bd28bfdaac0 to remote] DEBUG org.asynchttpclient.netty.request.NettyRequestSender - Using pooled Channel '[id: 0x5e28d901, L:/127.0.0.1:43930 - R:localhost/127.0.0.1:4205]' for 'POST' to 'http://localhost:4205/session/44eb14877d37b1a679ce4bd28bfdaac0/element'
09:02:09.580 [Forwarding findElement on session 44eb14877d37b1a679ce4bd28bfdaac0 to remote] DEBUG org.asynchttpclient.netty.request.NettyRequestSender - Using open Channel [id: 0x5e28d901, L:/127.0.0.1:43930 - R:localhost/127.0.0.1:4205] for POST '/session/44eb14877d37b1a679ce4bd28bfdaac0/element'
09:02:09.749 [AsyncHttpClient-1-5] DEBUG org.asynchttpclient.netty.handler.HttpHandler - 

Request DefaultHttpRequest(decodeResult: success, version: HTTP/1.1)
POST /session/44eb14877d37b1a679ce4bd28bfdaac0/element HTTP/1.1
User-Agent: selenium/4.13.0 (java unix)
Content-Length: 62
Content-Type: application/json; charset=utf-8
host: localhost:4205
accept: */*

Response DefaultHttpResponse(decodeResult: success, version: HTTP/1.1)
HTTP/1.1 200 OK
Content-Length: 125
Content-Type: application/json; charset=utf-8
cache-control: no-cache

09:02:09.750 [AsyncHttpClient-1-5] DEBUG org.asynchttpclient.netty.channel.ChannelManager - Adding key: http://localhost:4205 for channel [id: 0x5e28d901, L:/127.0.0.1:43930 - R:localhost/127.0.0.1:4205]
09:02:09.752 [Forwarding sendKeysToElement on session 44eb14877d37b1a679ce4bd28bfdaac0 to remote] DEBUG org.asynchttpclient.netty.request.NettyRequestSender - Using pooled Channel '[id: 0x5e28d901, L:/127.0.0.1:43930 - R:localhost/127.0.0.1:4205]' for 'POST' to 'http://localhost:4205/session/44eb14877d37b1a679ce4bd28bfdaac0/element/f.6DD4B9C54850DFD49A356ABD8BF194B2.d.0A3FBD0F24061F28CA9A2F7D598E1084.e.2/value'
09:02:09.752 [Forwarding sendKeysToElement on session 44eb14877d37b1a679ce4bd28bfdaac0 to remote] DEBUG org.asynchttpclient.netty.request.NettyRequestSender - Using open Channel [id: 0x5e28d901, L:/127.0.0.1:43930 - R:localhost/127.0.0.1:4205] for POST '/session/44eb14877d37b1a679ce4bd28bfdaac0/element/f.6DD4B9C54850DFD49A356ABD8BF194B2.d.0A3FBD0F24061F28CA9A2F7D598E1084.e.2/value'
09:02:09.796 [AsyncHttpClient-1-5] DEBUG org.asynchttpclient.netty.handler.HttpHandler - 

Request DefaultHttpRequest(decodeResult: success, version: HTTP/1.1)
POST /session/44eb14877d37b1a679ce4bd28bfdaac0/element/f.6DD4B9C54850DFD49A356ABD8BF194B2.d.0A3FBD0F24061F28CA9A2F7D598E1084.e.2/value HTTP/1.1
User-Agent: selenium/4.13.0 (java unix)
Content-Length: 168
Content-Type: application/json; charset=utf-8
host: localhost:4205
accept: */*

Response DefaultHttpResponse(decodeResult: success, version: HTTP/1.1)
HTTP/1.1 200 OK
Content-Length: 14
Content-Type: application/json; charset=utf-8
cache-control: no-cache

09:02:09.796 [AsyncHttpClient-1-5] DEBUG org.asynchttpclient.netty.channel.ChannelManager - Adding key: http://localhost:4205 for channel [id: 0x5e28d901, L:/127.0.0.1:43930 - R:localhost/127.0.0.1:4205]
09:02:09.798 [Forwarding findElement on session 44eb14877d37b1a679ce4bd28bfdaac0 to remote] DEBUG org.asynchttpclient.netty.request.NettyRequestSender - Using pooled Channel '[id: 0x5e28d901, L:/127.0.0.1:43930 - R:localhost/127.0.0.1:4205]' for 'POST' to 'http://localhost:4205/session/44eb14877d37b1a679ce4bd28bfdaac0/element'
09:02:09.798 [Forwarding findElement on session 44eb14877d37b1a679ce4bd28bfdaac0 to remote] DEBUG org.asynchttpclient.netty.request.NettyRequestSender - Using open Channel [id: 0x5e28d901, L:/127.0.0.1:43930 - R:localhost/127.0.0.1:4205] for POST '/session/44eb14877d37b1a679ce4bd28bfdaac0/element'
09:02:09.809 [AsyncHttpClient-1-5] DEBUG org.asynchttpclient.netty.handler.HttpHandler - 

Request DefaultHttpRequest(decodeResult: success, version: HTTP/1.1)
POST /session/44eb14877d37b1a679ce4bd28bfdaac0/element HTTP/1.1
User-Agent: selenium/4.13.0 (java unix)
Content-Length: 62
Content-Type: application/json; charset=utf-8
host: localhost:4205
accept: */*

Response DefaultHttpResponse(decodeResult: success, version: HTTP/1.1)
HTTP/1.1 200 OK
Content-Length: 125
Content-Type: application/json; charset=utf-8
cache-control: no-cache

09:02:09.810 [AsyncHttpClient-1-5] DEBUG org.asynchttpclient.netty.channel.ChannelManager - Adding key: http://localhost:4205 for channel [id: 0x5e28d901, L:/127.0.0.1:43930 - R:localhost/127.0.0.1:4205]
09:02:09.811 [Forwarding sendKeysToElement on session 44eb14877d37b1a679ce4bd28bfdaac0 to remote] DEBUG org.asynchttpclient.netty.request.NettyRequestSender - Using pooled Channel '[id: 0x5e28d901, L:/127.0.0.1:43930 - R:localhost/127.0.0.1:4205]' for 'POST' to 'http://localhost:4205/session/44eb14877d37b1a679ce4bd28bfdaac0/element/f.6DD4B9C54850DFD49A356ABD8BF194B2.d.0A3FBD0F24061F28CA9A2F7D598E1084.e.4/value'
09:02:09.812 [Forwarding sendKeysToElement on session 44eb14877d37b1a679ce4bd28bfdaac0 to remote] DEBUG org.asynchttpclient.netty.request.NettyRequestSender - Using open Channel [id: 0x5e28d901, L:/127.0.0.1:43930 - R:localhost/127.0.0.1:4205] for POST '/session/44eb14877d37b1a679ce4bd28bfdaac0/element/f.6DD4B9C54850DFD49A356ABD8BF194B2.d.0A3FBD0F24061F28CA9A2F7D598E1084.e.4/value'
09:02:09.864 [AsyncHttpClient-1-5] DEBUG org.asynchttpclient.netty.handler.HttpHandler - 

Request DefaultHttpRequest(decodeResult: success, version: HTTP/1.1)
POST /session/44eb14877d37b1a679ce4bd28bfdaac0/element/f.6DD4B9C54850DFD49A356ABD8BF194B2.d.0A3FBD0F24061F28CA9A2F7D598E1084.e.4/value HTTP/1.1
User-Agent: selenium/4.13.0 (java unix)
Content-Length: 198
Content-Type: application/json; charset=utf-8
host: localhost:4205
accept: */*

Response DefaultHttpResponse(decodeResult: success, version: HTTP/1.1)
HTTP/1.1 200 OK
Content-Length: 14
Content-Type: application/json; charset=utf-8
cache-control: no-cache

09:02:09.864 [AsyncHttpClient-1-5] DEBUG org.asynchttpclient.netty.channel.ChannelManager - Adding key: http://localhost:4205 for channel [id: 0x5e28d901, L:/127.0.0.1:43930 - R:localhost/127.0.0.1:4205]
09:02:09.865 [Forwarding findElement on session 44eb14877d37b1a679ce4bd28bfdaac0 to remote] DEBUG org.asynchttpclient.netty.request.NettyRequestSender - Using pooled Channel '[id: 0x5e28d901, L:/127.0.0.1:43930 - R:localhost/127.0.0.1:4205]' for 'POST' to 'http://localhost:4205/session/44eb14877d37b1a679ce4bd28bfdaac0/element'
09:02:09.865 [Forwarding findElement on session 44eb14877d37b1a679ce4bd28bfdaac0 to remote] DEBUG org.asynchttpclient.netty.request.NettyRequestSender - Using open Channel [id: 0x5e28d901, L:/127.0.0.1:43930 - R:localhost/127.0.0.1:4205] for POST '/session/44eb14877d37b1a679ce4bd28bfdaac0/element'
09:02:09.875 [AsyncHttpClient-1-5] DEBUG org.asynchttpclient.netty.handler.HttpHandler - 

Request DefaultHttpRequest(decodeResult: success, version: HTTP/1.1)
POST /session/44eb14877d37b1a679ce4bd28bfdaac0/element HTTP/1.1
User-Agent: selenium/4.13.0 (java unix)
Content-Length: 71
Content-Type: application/json; charset=utf-8
host: localhost:4205
accept: */*

Response DefaultHttpResponse(decodeResult: success, version: HTTP/1.1)
HTTP/1.1 200 OK
Content-Length: 126
Content-Type: application/json; charset=utf-8
cache-control: no-cache

09:02:09.875 [AsyncHttpClient-1-5] DEBUG org.asynchttpclient.netty.channel.ChannelManager - Adding key: http://localhost:4205 for channel [id: 0x5e28d901, L:/127.0.0.1:43930 - R:localhost/127.0.0.1:4205]
09:02:09.876 [Forwarding clickElement on session 44eb14877d37b1a679ce4bd28bfdaac0 to remote] DEBUG org.asynchttpclient.netty.request.NettyRequestSender - Using pooled Channel '[id: 0x5e28d901, L:/127.0.0.1:43930 - R:localhost/127.0.0.1:4205]' for 'POST' to 'http://localhost:4205/session/44eb14877d37b1a679ce4bd28bfdaac0/element/f.6DD4B9C54850DFD49A356ABD8BF194B2.d.0A3FBD0F24061F28CA9A2F7D598E1084.e.21/click'
09:02:09.876 [Forwarding clickElement on session 44eb14877d37b1a679ce4bd28bfdaac0 to remote] DEBUG org.asynchttpclient.netty.request.NettyRequestSender - Using open Channel [id: 0x5e28d901, L:/127.0.0.1:43930 - R:localhost/127.0.0.1:4205] for POST '/session/44eb14877d37b1a679ce4bd28bfdaac0/element/f.6DD4B9C54850DFD49A356ABD8BF194B2.d.0A3FBD0F24061F28CA9A2F7D598E1084.e.21/click'
09:02:10.145 [AsyncHttpClient-1-1] DEBUG org.asynchttpclient.netty.channel.DefaultChannelPool - Entry count for : http://localhost:36457 : 1
09:02:10.522 [AsyncHttpClient-1-5] DEBUG org.asynchttpclient.netty.handler.HttpHandler - 

Request DefaultHttpRequest(decodeResult: success, version: HTTP/1.1)
POST /session/44eb14877d37b1a679ce4bd28bfdaac0/element/f.6DD4B9C54850DFD49A356ABD8BF194B2.d.0A3FBD0F24061F28CA9A2F7D598E1084.e.21/click HTTP/1.1
User-Agent: selenium/4.13.0 (java unix)
Content-Length: 88
Content-Type: application/json; charset=utf-8
host: localhost:4205
accept: */*

Response DefaultHttpResponse(decodeResult: success, version: HTTP/1.1)
HTTP/1.1 200 OK
Content-Length: 14
Content-Type: application/json; charset=utf-8
cache-control: no-cache

09:02:10.522 [AsyncHttpClient-1-5] DEBUG org.asynchttpclient.netty.channel.ChannelManager - Adding key: http://localhost:4205 for channel [id: 0x5e28d901, L:/127.0.0.1:43930 - R:localhost/127.0.0.1:4205]
09:02:10.524 [Forwarding findElement on session 44eb14877d37b1a679ce4bd28bfdaac0 to remote] DEBUG org.asynchttpclient.netty.request.NettyRequestSender - Using pooled Channel '[id: 0x5e28d901, L:/127.0.0.1:43930 - R:localhost/127.0.0.1:4205]' for 'POST' to 'http://localhost:4205/session/44eb14877d37b1a679ce4bd28bfdaac0/element'
09:02:10.524 [Forwarding findElement on session 44eb14877d37b1a679ce4bd28bfdaac0 to remote] DEBUG org.asynchttpclient.netty.request.NettyRequestSender - Using open Channel [id: 0x5e28d901, L:/127.0.0.1:43930 - R:localhost/127.0.0.1:4205] for POST '/session/44eb14877d37b1a679ce4bd28bfdaac0/element'
09:02:10.676 [AsyncHttpClient-1-5] DEBUG org.asynchttpclient.netty.handler.HttpHandler - 

Request DefaultHttpRequest(decodeResult: success, version: HTTP/1.1)
POST /session/44eb14877d37b1a679ce4bd28bfdaac0/element HTTP/1.1
User-Agent: selenium/4.13.0 (java unix)
Content-Length: 67
Content-Type: application/json; charset=utf-8
host: localhost:4205
accept: */*

Response DefaultHttpResponse(decodeResult: success, version: HTTP/1.1)
HTTP/1.1 200 OK
Content-Length: 126
Content-Type: application/json; charset=utf-8
cache-control: no-cache

09:02:10.676 [AsyncHttpClient-1-5] DEBUG org.asynchttpclient.netty.channel.ChannelManager - Adding key: http://localhost:4205 for channel [id: 0x5e28d901, L:/127.0.0.1:43930 - R:localhost/127.0.0.1:4205]
09:02:10.678 [Forwarding clickElement on session 44eb14877d37b1a679ce4bd28bfdaac0 to remote] DEBUG org.asynchttpclient.netty.request.NettyRequestSender - Using pooled Channel '[id: 0x5e28d901, L:/127.0.0.1:43930 - R:localhost/127.0.0.1:4205]' for 'POST' to 'http://localhost:4205/session/44eb14877d37b1a679ce4bd28bfdaac0/element/f.6DD4B9C54850DFD49A356ABD8BF194B2.d.321B25EBDAD0DB29D98CD35D95ADC837.e.24/click'
09:02:10.678 [Forwarding clickElement on session 44eb14877d37b1a679ce4bd28bfdaac0 to remote] DEBUG org.asynchttpclient.netty.request.NettyRequestSender - Using open Channel [id: 0x5e28d901, L:/127.0.0.1:43930 - R:localhost/127.0.0.1:4205] for POST '/session/44eb14877d37b1a679ce4bd28bfdaac0/element/f.6DD4B9C54850DFD49A356ABD8BF194B2.d.321B25EBDAD0DB29D98CD35D95ADC837.e.24/click'
09:02:11.182 [AsyncHttpClient-1-5] DEBUG org.asynchttpclient.netty.handler.HttpHandler - 

Request DefaultHttpRequest(decodeResult: success, version: HTTP/1.1)
POST /session/44eb14877d37b1a679ce4bd28bfdaac0/element/f.6DD4B9C54850DFD49A356ABD8BF194B2.d.321B25EBDAD0DB29D98CD35D95ADC837.e.24/click HTTP/1.1
User-Agent: selenium/4.13.0 (java unix)
Content-Length: 88
Content-Type: application/json; charset=utf-8
host: localhost:4205
accept: */*

Response DefaultHttpResponse(decodeResult: success, version: HTTP/1.1)
HTTP/1.1 200 OK
Content-Length: 14
Content-Type: application/json; charset=utf-8
cache-control: no-cache

09:02:11.182 [AsyncHttpClient-1-5] DEBUG org.asynchttpclient.netty.channel.ChannelManager - Adding key: http://localhost:4205 for channel [id: 0x5e28d901, L:/127.0.0.1:43930 - R:localhost/127.0.0.1:4205]
09:02:11.184 [Forwarding findElement on session 44eb14877d37b1a679ce4bd28bfdaac0 to remote] DEBUG org.asynchttpclient.netty.request.NettyRequestSender - Using pooled Channel '[id: 0x5e28d901, L:/127.0.0.1:43930 - R:localhost/127.0.0.1:4205]' for 'POST' to 'http://localhost:4205/session/44eb14877d37b1a679ce4bd28bfdaac0/element'
09:02:11.184 [Forwarding findElement on session 44eb14877d37b1a679ce4bd28bfdaac0 to remote] DEBUG org.asynchttpclient.netty.request.NettyRequestSender - Using open Channel [id: 0x5e28d901, L:/127.0.0.1:43930 - R:localhost/127.0.0.1:4205] for POST '/session/44eb14877d37b1a679ce4bd28bfdaac0/element'
09:02:11.245 [AsyncHttpClient-1-1] DEBUG org.asynchttpclient.netty.channel.DefaultChannelPool - Entry count for : http://localhost:36457 : 1
09:02:11.367 [AsyncHttpClient-1-5] DEBUG org.asynchttpclient.netty.handler.HttpHandler - 

Request DefaultHttpRequest(decodeResult: success, version: HTTP/1.1)
POST /session/44eb14877d37b1a679ce4bd28bfdaac0/element HTTP/1.1
User-Agent: selenium/4.13.0 (java unix)
Content-Length: 93
Content-Type: application/json; charset=utf-8
host: localhost:4205
accept: */*

Response DefaultHttpResponse(decodeResult: success, version: HTTP/1.1)
HTTP/1.1 200 OK
Content-Length: 126
Content-Type: application/json; charset=utf-8
cache-control: no-cache

09:02:11.367 [AsyncHttpClient-1-5] DEBUG org.asynchttpclient.netty.channel.ChannelManager - Adding key: http://localhost:4205 for channel [id: 0x5e28d901, L:/127.0.0.1:43930 - R:localhost/127.0.0.1:4205]
09:02:11.370 [Forwarding isElementDisplayed on session 44eb14877d37b1a679ce4bd28bfdaac0 to remote] DEBUG org.asynchttpclient.netty.request.NettyRequestSender - Using pooled Channel '[id: 0x5e28d901, L:/127.0.0.1:43930 - R:localhost/127.0.0.1:4205]' for 'POST' to 'http://localhost:4205/session/44eb14877d37b1a679ce4bd28bfdaac0/execute/sync'
09:02:11.370 [Forwarding isElementDisplayed on session 44eb14877d37b1a679ce4bd28bfdaac0 to remote] DEBUG org.asynchttpclient.netty.request.NettyRequestSender - Using open Channel [id: 0x5e28d901, L:/127.0.0.1:43930 - R:localhost/127.0.0.1:4205] for POST '/session/44eb14877d37b1a679ce4bd28bfdaac0/execute/sync'
09:02:11.384 [AsyncHttpClient-1-5] DEBUG org.asynchttpclient.netty.handler.HttpHandler - 

Request DefaultHttpRequest(decodeResult: success, version: HTTP/1.1)
POST /session/44eb14877d37b1a679ce4bd28bfdaac0/execute/sync HTTP/1.1
User-Agent: selenium/4.13.0 (java unix)
Content-Length: 48845
Content-Type: application/json; charset=utf-8
host: localhost:4205
accept: */*

Response DefaultHttpResponse(decodeResult: success, version: HTTP/1.1)
HTTP/1.1 200 OK
Content-Length: 14
Content-Type: application/json; charset=utf-8
cache-control: no-cache

09:02:11.385 [AsyncHttpClient-1-5] DEBUG org.asynchttpclient.netty.channel.ChannelManager - Adding key: http://localhost:4205 for channel [id: 0x5e28d901, L:/127.0.0.1:43930 - R:localhost/127.0.0.1:4205]
09:02:11.386 [Forwarding findElement on session 44eb14877d37b1a679ce4bd28bfdaac0 to remote] DEBUG org.asynchttpclient.netty.request.NettyRequestSender - Using pooled Channel '[id: 0x5e28d901, L:/127.0.0.1:43930 - R:localhost/127.0.0.1:4205]' for 'POST' to 'http://localhost:4205/session/44eb14877d37b1a679ce4bd28bfdaac0/element'
09:02:11.386 [Forwarding findElement on session 44eb14877d37b1a679ce4bd28bfdaac0 to remote] DEBUG org.asynchttpclient.netty.request.NettyRequestSender - Using open Channel [id: 0x5e28d901, L:/127.0.0.1:43930 - R:localhost/127.0.0.1:4205] for POST '/session/44eb14877d37b1a679ce4bd28bfdaac0/element'
09:02:11.396 [AsyncHttpClient-1-5] DEBUG org.asynchttpclient.netty.handler.HttpHandler - 

Request DefaultHttpRequest(decodeResult: success, version: HTTP/1.1)
POST /session/44eb14877d37b1a679ce4bd28bfdaac0/element HTTP/1.1
User-Agent: selenium/4.13.0 (java unix)
Content-Length: 82
Content-Type: application/json; charset=utf-8
host: localhost:4205
accept: */*

Response DefaultHttpResponse(decodeResult: success, version: HTTP/1.1)
HTTP/1.1 200 OK
Content-Length: 126
Content-Type: application/json; charset=utf-8
cache-control: no-cache

09:02:11.396 [AsyncHttpClient-1-5] DEBUG org.asynchttpclient.netty.channel.ChannelManager - Adding key: http://localhost:4205 for channel [id: 0x5e28d901, L:/127.0.0.1:43930 - R:localhost/127.0.0.1:4205]
09:02:11.398 [Forwarding isElementDisplayed on session 44eb14877d37b1a679ce4bd28bfdaac0 to remote] DEBUG org.asynchttpclient.netty.request.NettyRequestSender - Using pooled Channel '[id: 0x5e28d901, L:/127.0.0.1:43930 - R:localhost/127.0.0.1:4205]' for 'POST' to 'http://localhost:4205/session/44eb14877d37b1a679ce4bd28bfdaac0/execute/sync'
09:02:11.398 [Forwarding isElementDisplayed on session 44eb14877d37b1a679ce4bd28bfdaac0 to remote] DEBUG org.asynchttpclient.netty.request.NettyRequestSender - Using open Channel [id: 0x5e28d901, L:/127.0.0.1:43930 - R:localhost/127.0.0.1:4205] for POST '/session/44eb14877d37b1a679ce4bd28bfdaac0/execute/sync'
09:02:11.408 [AsyncHttpClient-1-5] DEBUG org.asynchttpclient.netty.handler.HttpHandler - 

Request DefaultHttpRequest(decodeResult: success, version: HTTP/1.1)
POST /session/44eb14877d37b1a679ce4bd28bfdaac0/execute/sync HTTP/1.1
User-Agent: selenium/4.13.0 (java unix)
Content-Length: 48845
Content-Type: application/json; charset=utf-8
host: localhost:4205
accept: */*

Response DefaultHttpResponse(decodeResult: success, version: HTTP/1.1)
HTTP/1.1 200 OK
Content-Length: 14
Content-Type: application/json; charset=utf-8
cache-control: no-cache

09:02:11.409 [AsyncHttpClient-1-5] DEBUG org.asynchttpclient.netty.channel.ChannelManager - Adding key: http://localhost:4205 for channel [id: 0x5e28d901, L:/127.0.0.1:43930 - R:localhost/127.0.0.1:4205]
09:02:11.410 [Forwarding findElement on session 44eb14877d37b1a679ce4bd28bfdaac0 to remote] DEBUG org.asynchttpclient.netty.request.NettyRequestSender - Using pooled Channel '[id: 0x5e28d901, L:/127.0.0.1:43930 - R:localhost/127.0.0.1:4205]' for 'POST' to 'http://localhost:4205/session/44eb14877d37b1a679ce4bd28bfdaac0/element'
09:02:11.410 [Forwarding findElement on session 44eb14877d37b1a679ce4bd28bfdaac0 to remote] DEBUG org.asynchttpclient.netty.request.NettyRequestSender - Using open Channel [id: 0x5e28d901, L:/127.0.0.1:43930 - R:localhost/127.0.0.1:4205] for POST '/session/44eb14877d37b1a679ce4bd28bfdaac0/element'
09:02:11.424 [AsyncHttpClient-1-5] DEBUG org.asynchttpclient.netty.handler.HttpHandler - 

Request DefaultHttpRequest(decodeResult: success, version: HTTP/1.1)
POST /session/44eb14877d37b1a679ce4bd28bfdaac0/element HTTP/1.1
User-Agent: selenium/4.13.0 (java unix)
Content-Length: 83
Content-Type: application/json; charset=utf-8
host: localhost:4205
accept: */*

Response DefaultHttpResponse(decodeResult: success, version: HTTP/1.1)
HTTP/1.1 200 OK
Content-Length: 126
Content-Type: application/json; charset=utf-8
cache-control: no-cache

09:02:11.425 [AsyncHttpClient-1-5] DEBUG org.asynchttpclient.netty.channel.ChannelManager - Adding key: http://localhost:4205 for channel [id: 0x5e28d901, L:/127.0.0.1:43930 - R:localhost/127.0.0.1:4205]
09:02:11.427 [Forwarding isElementDisplayed on session 44eb14877d37b1a679ce4bd28bfdaac0 to remote] DEBUG org.asynchttpclient.netty.request.NettyRequestSender - Using pooled Channel '[id: 0x5e28d901, L:/127.0.0.1:43930 - R:localhost/127.0.0.1:4205]' for 'POST' to 'http://localhost:4205/session/44eb14877d37b1a679ce4bd28bfdaac0/execute/sync'
09:02:11.427 [Forwarding isElementDisplayed on session 44eb14877d37b1a679ce4bd28bfdaac0 to remote] DEBUG org.asynchttpclient.netty.request.NettyRequestSender - Using open Channel [id: 0x5e28d901, L:/127.0.0.1:43930 - R:localhost/127.0.0.1:4205] for POST '/session/44eb14877d37b1a679ce4bd28bfdaac0/execute/sync'
09:02:11.436 [AsyncHttpClient-1-5] DEBUG org.asynchttpclient.netty.handler.HttpHandler - 

Request DefaultHttpRequest(decodeResult: success, version: HTTP/1.1)
POST /session/44eb14877d37b1a679ce4bd28bfdaac0/execute/sync HTTP/1.1
User-Agent: selenium/4.13.0 (java unix)
Content-Length: 48845
Content-Type: application/json; charset=utf-8
host: localhost:4205
accept: */*

Response DefaultHttpResponse(decodeResult: success, version: HTTP/1.1)
HTTP/1.1 200 OK
Content-Length: 14
Content-Type: application/json; charset=utf-8
cache-control: no-cache

09:02:11.436 [AsyncHttpClient-1-5] DEBUG org.asynchttpclient.netty.channel.ChannelManager - Adding key: http://localhost:4205 for channel [id: 0x5e28d901, L:/127.0.0.1:43930 - R:localhost/127.0.0.1:4205]
09:02:11.438 [Forwarding findElement on session 44eb14877d37b1a679ce4bd28bfdaac0 to remote] DEBUG org.asynchttpclient.netty.request.NettyRequestSender - Using pooled Channel '[id: 0x5e28d901, L:/127.0.0.1:43930 - R:localhost/127.0.0.1:4205]' for 'POST' to 'http://localhost:4205/session/44eb14877d37b1a679ce4bd28bfdaac0/element'
09:02:11.438 [Forwarding findElement on session 44eb14877d37b1a679ce4bd28bfdaac0 to remote] DEBUG org.asynchttpclient.netty.request.NettyRequestSender - Using open Channel [id: 0x5e28d901, L:/127.0.0.1:43930 - R:localhost/127.0.0.1:4205] for POST '/session/44eb14877d37b1a679ce4bd28bfdaac0/element'
09:02:11.448 [AsyncHttpClient-1-5] DEBUG org.asynchttpclient.netty.handler.HttpHandler - 

Request DefaultHttpRequest(decodeResult: success, version: HTTP/1.1)
POST /session/44eb14877d37b1a679ce4bd28bfdaac0/element HTTP/1.1
User-Agent: selenium/4.13.0 (java unix)
Content-Length: 73
Content-Type: application/json; charset=utf-8
host: localhost:4205
accept: */*

Response DefaultHttpResponse(decodeResult: success, version: HTTP/1.1)
HTTP/1.1 200 OK
Content-Length: 126
Content-Type: application/json; charset=utf-8
cache-control: no-cache

09:02:11.448 [AsyncHttpClient-1-5] DEBUG org.asynchttpclient.netty.channel.ChannelManager - Adding key: http://localhost:4205 for channel [id: 0x5e28d901, L:/127.0.0.1:43930 - R:localhost/127.0.0.1:4205]
09:02:11.450 [Forwarding clickElement on session 44eb14877d37b1a679ce4bd28bfdaac0 to remote] DEBUG org.asynchttpclient.netty.request.NettyRequestSender - Using pooled Channel '[id: 0x5e28d901, L:/127.0.0.1:43930 - R:localhost/127.0.0.1:4205]' for 'POST' to 'http://localhost:4205/session/44eb14877d37b1a679ce4bd28bfdaac0/element/f.6DD4B9C54850DFD49A356ABD8BF194B2.d.248EEBD826774DFF2A50417244B39AE9.e.67/click'
09:02:11.450 [Forwarding clickElement on session 44eb14877d37b1a679ce4bd28bfdaac0 to remote] DEBUG org.asynchttpclient.netty.request.NettyRequestSender - Using open Channel [id: 0x5e28d901, L:/127.0.0.1:43930 - R:localhost/127.0.0.1:4205] for POST '/session/44eb14877d37b1a679ce4bd28bfdaac0/element/f.6DD4B9C54850DFD49A356ABD8BF194B2.d.248EEBD826774DFF2A50417244B39AE9.e.67/click'
09:02:11.658 [AsyncHttpClient-1-5] DEBUG org.asynchttpclient.netty.handler.HttpHandler - 

Request DefaultHttpRequest(decodeResult: success, version: HTTP/1.1)
POST /session/44eb14877d37b1a679ce4bd28bfdaac0/element/f.6DD4B9C54850DFD49A356ABD8BF194B2.d.248EEBD826774DFF2A50417244B39AE9.e.67/click HTTP/1.1
User-Agent: selenium/4.13.0 (java unix)
Content-Length: 88
Content-Type: application/json; charset=utf-8
host: localhost:4205
accept: */*

Response DefaultHttpResponse(decodeResult: success, version: HTTP/1.1)
HTTP/1.1 200 OK
Content-Length: 14
Content-Type: application/json; charset=utf-8
cache-control: no-cache

09:02:11.658 [AsyncHttpClient-1-5] DEBUG org.asynchttpclient.netty.channel.ChannelManager - Adding key: http://localhost:4205 for channel [id: 0x5e28d901, L:/127.0.0.1:43930 - R:localhost/127.0.0.1:4205]
09:02:11.660 [Forwarding findElement on session 44eb14877d37b1a679ce4bd28bfdaac0 to remote] DEBUG org.asynchttpclient.netty.request.NettyRequestSender - Using pooled Channel '[id: 0x5e28d901, L:/127.0.0.1:43930 - R:localhost/127.0.0.1:4205]' for 'POST' to 'http://localhost:4205/session/44eb14877d37b1a679ce4bd28bfdaac0/element'
09:02:11.660 [Forwarding findElement on session 44eb14877d37b1a679ce4bd28bfdaac0 to remote] DEBUG org.asynchttpclient.netty.request.NettyRequestSender - Using open Channel [id: 0x5e28d901, L:/127.0.0.1:43930 - R:localhost/127.0.0.1:4205] for POST '/session/44eb14877d37b1a679ce4bd28bfdaac0/element'
09:02:11.843 [AsyncHttpClient-1-5] DEBUG org.asynchttpclient.netty.handler.HttpHandler - 

Request DefaultHttpRequest(decodeResult: success, version: HTTP/1.1)
POST /session/44eb14877d37b1a679ce4bd28bfdaac0/element HTTP/1.1
User-Agent: selenium/4.13.0 (java unix)
Content-Length: 81
Content-Type: application/json; charset=utf-8
host: localhost:4205
accept: */*

Response DefaultHttpResponse(decodeResult: success, version: HTTP/1.1)
HTTP/1.1 200 OK
Content-Length: 126
Content-Type: application/json; charset=utf-8
cache-control: no-cache

09:02:11.844 [AsyncHttpClient-1-5] DEBUG org.asynchttpclient.netty.channel.ChannelManager - Adding key: http://localhost:4205 for channel [id: 0x5e28d901, L:/127.0.0.1:43930 - R:localhost/127.0.0.1:4205]
09:02:11.846 [Forwarding sendKeysToElement on session 44eb14877d37b1a679ce4bd28bfdaac0 to remote] DEBUG org.asynchttpclient.netty.request.NettyRequestSender - Using pooled Channel '[id: 0x5e28d901, L:/127.0.0.1:43930 - R:localhost/127.0.0.1:4205]' for 'POST' to 'http://localhost:4205/session/44eb14877d37b1a679ce4bd28bfdaac0/element/f.6DD4B9C54850DFD49A356ABD8BF194B2.d.5B56201FDDEEA342B78C6CF6747A4789.e.73/value'
09:02:11.846 [Forwarding sendKeysToElement on session 44eb14877d37b1a679ce4bd28bfdaac0 to remote] DEBUG org.asynchttpclient.netty.request.NettyRequestSender - Using open Channel [id: 0x5e28d901, L:/127.0.0.1:43930 - R:localhost/127.0.0.1:4205] for POST '/session/44eb14877d37b1a679ce4bd28bfdaac0/element/f.6DD4B9C54850DFD49A356ABD8BF194B2.d.5B56201FDDEEA342B78C6CF6747A4789.e.73/value'
09:02:11.882 [AsyncHttpClient-1-5] DEBUG org.asynchttpclient.netty.handler.HttpHandler - 

Request DefaultHttpRequest(decodeResult: success, version: HTTP/1.1)
POST /session/44eb14877d37b1a679ce4bd28bfdaac0/element/f.6DD4B9C54850DFD49A356ABD8BF194B2.d.5B56201FDDEEA342B78C6CF6747A4789.e.73/value HTTP/1.1
User-Agent: selenium/4.13.0 (java unix)
Content-Length: 169
Content-Type: application/json; charset=utf-8
host: localhost:4205
accept: */*

Response DefaultHttpResponse(decodeResult: success, version: HTTP/1.1)
HTTP/1.1 200 OK
Content-Length: 14
Content-Type: application/json; charset=utf-8
cache-control: no-cache

09:02:11.882 [AsyncHttpClient-1-5] DEBUG org.asynchttpclient.netty.channel.ChannelManager - Adding key: http://localhost:4205 for channel [id: 0x5e28d901, L:/127.0.0.1:43930 - R:localhost/127.0.0.1:4205]
09:02:11.883 [Forwarding findElement on session 44eb14877d37b1a679ce4bd28bfdaac0 to remote] DEBUG org.asynchttpclient.netty.request.NettyRequestSender - Using pooled Channel '[id: 0x5e28d901, L:/127.0.0.1:43930 - R:localhost/127.0.0.1:4205]' for 'POST' to 'http://localhost:4205/session/44eb14877d37b1a679ce4bd28bfdaac0/element'
09:02:11.884 [Forwarding findElement on session 44eb14877d37b1a679ce4bd28bfdaac0 to remote] DEBUG org.asynchttpclient.netty.request.NettyRequestSender - Using open Channel [id: 0x5e28d901, L:/127.0.0.1:43930 - R:localhost/127.0.0.1:4205] for POST '/session/44eb14877d37b1a679ce4bd28bfdaac0/element'
09:02:11.895 [AsyncHttpClient-1-5] DEBUG org.asynchttpclient.netty.handler.HttpHandler - 

Request DefaultHttpRequest(decodeResult: success, version: HTTP/1.1)
POST /session/44eb14877d37b1a679ce4bd28bfdaac0/element HTTP/1.1
User-Agent: selenium/4.13.0 (java unix)
Content-Length: 80
Content-Type: application/json; charset=utf-8
host: localhost:4205
accept: */*

Response DefaultHttpResponse(decodeResult: success, version: HTTP/1.1)
HTTP/1.1 200 OK
Content-Length: 126
Content-Type: application/json; charset=utf-8
cache-control: no-cache

09:02:11.896 [AsyncHttpClient-1-5] DEBUG org.asynchttpclient.netty.channel.ChannelManager - Adding key: http://localhost:4205 for channel [id: 0x5e28d901, L:/127.0.0.1:43930 - R:localhost/127.0.0.1:4205]
09:02:11.897 [Forwarding sendKeysToElement on session 44eb14877d37b1a679ce4bd28bfdaac0 to remote] DEBUG org.asynchttpclient.netty.request.NettyRequestSender - Using pooled Channel '[id: 0x5e28d901, L:/127.0.0.1:43930 - R:localhost/127.0.0.1:4205]' for 'POST' to 'http://localhost:4205/session/44eb14877d37b1a679ce4bd28bfdaac0/element/f.6DD4B9C54850DFD49A356ABD8BF194B2.d.5B56201FDDEEA342B78C6CF6747A4789.e.80/value'
09:02:11.897 [Forwarding sendKeysToElement on session 44eb14877d37b1a679ce4bd28bfdaac0 to remote] DEBUG org.asynchttpclient.netty.request.NettyRequestSender - Using open Channel [id: 0x5e28d901, L:/127.0.0.1:43930 - R:localhost/127.0.0.1:4205] for POST '/session/44eb14877d37b1a679ce4bd28bfdaac0/element/f.6DD4B9C54850DFD49A356ABD8BF194B2.d.5B56201FDDEEA342B78C6CF6747A4789.e.80/value'
09:02:11.931 [AsyncHttpClient-1-5] DEBUG org.asynchttpclient.netty.handler.HttpHandler - 

Request DefaultHttpRequest(decodeResult: success, version: HTTP/1.1)
POST /session/44eb14877d37b1a679ce4bd28bfdaac0/element/f.6DD4B9C54850DFD49A356ABD8BF194B2.d.5B56201FDDEEA342B78C6CF6747A4789.e.80/value HTTP/1.1
User-Agent: selenium/4.13.0 (java unix)
Content-Length: 159
Content-Type: application/json; charset=utf-8
host: localhost:4205
accept: */*

Response DefaultHttpResponse(decodeResult: success, version: HTTP/1.1)
HTTP/1.1 200 OK
Content-Length: 14
Content-Type: application/json; charset=utf-8
cache-control: no-cache

09:02:11.931 [AsyncHttpClient-1-5] DEBUG org.asynchttpclient.netty.channel.ChannelManager - Adding key: http://localhost:4205 for channel [id: 0x5e28d901, L:/127.0.0.1:43930 - R:localhost/127.0.0.1:4205]
09:02:11.933 [Forwarding findElement on session 44eb14877d37b1a679ce4bd28bfdaac0 to remote] DEBUG org.asynchttpclient.netty.request.NettyRequestSender - Using pooled Channel '[id: 0x5e28d901, L:/127.0.0.1:43930 - R:localhost/127.0.0.1:4205]' for 'POST' to 'http://localhost:4205/session/44eb14877d37b1a679ce4bd28bfdaac0/element'
09:02:11.933 [Forwarding findElement on session 44eb14877d37b1a679ce4bd28bfdaac0 to remote] DEBUG org.asynchttpclient.netty.request.NettyRequestSender - Using open Channel [id: 0x5e28d901, L:/127.0.0.1:43930 - R:localhost/127.0.0.1:4205] for POST '/session/44eb14877d37b1a679ce4bd28bfdaac0/element'
09:02:11.942 [AsyncHttpClient-1-5] DEBUG org.asynchttpclient.netty.handler.HttpHandler - 

Request DefaultHttpRequest(decodeResult: success, version: HTTP/1.1)
POST /session/44eb14877d37b1a679ce4bd28bfdaac0/element HTTP/1.1
User-Agent: selenium/4.13.0 (java unix)
Content-Length: 81
Content-Type: application/json; charset=utf-8
host: localhost:4205
accept: */*

Response DefaultHttpResponse(decodeResult: success, version: HTTP/1.1)
HTTP/1.1 200 OK
Content-Length: 126
Content-Type: application/json; charset=utf-8
cache-control: no-cache

09:02:11.943 [AsyncHttpClient-1-5] DEBUG org.asynchttpclient.netty.channel.ChannelManager - Adding key: http://localhost:4205 for channel [id: 0x5e28d901, L:/127.0.0.1:43930 - R:localhost/127.0.0.1:4205]
09:02:11.944 [Forwarding clickElement on session 44eb14877d37b1a679ce4bd28bfdaac0 to remote] DEBUG org.asynchttpclient.netty.request.NettyRequestSender - Using pooled Channel '[id: 0x5e28d901, L:/127.0.0.1:43930 - R:localhost/127.0.0.1:4205]' for 'POST' to 'http://localhost:4205/session/44eb14877d37b1a679ce4bd28bfdaac0/element/f.6DD4B9C54850DFD49A356ABD8BF194B2.d.5B56201FDDEEA342B78C6CF6747A4789.e.87/click'
09:02:11.944 [Forwarding clickElement on session 44eb14877d37b1a679ce4bd28bfdaac0 to remote] DEBUG org.asynchttpclient.netty.request.NettyRequestSender - Using open Channel [id: 0x5e28d901, L:/127.0.0.1:43930 - R:localhost/127.0.0.1:4205] for POST '/session/44eb14877d37b1a679ce4bd28bfdaac0/element/f.6DD4B9C54850DFD49A356ABD8BF194B2.d.5B56201FDDEEA342B78C6CF6747A4789.e.87/click'
09:02:12.001 [AsyncHttpClient-1-5] DEBUG org.asynchttpclient.netty.handler.HttpHandler - 

Request DefaultHttpRequest(decodeResult: success, version: HTTP/1.1)
POST /session/44eb14877d37b1a679ce4bd28bfdaac0/element/f.6DD4B9C54850DFD49A356ABD8BF194B2.d.5B56201FDDEEA342B78C6CF6747A4789.e.87/click HTTP/1.1
User-Agent: selenium/4.13.0 (java unix)
Content-Length: 88
Content-Type: application/json; charset=utf-8
host: localhost:4205
accept: */*

Response DefaultHttpResponse(decodeResult: success, version: HTTP/1.1)
HTTP/1.1 200 OK
Content-Length: 14
Content-Type: application/json; charset=utf-8
cache-control: no-cache

09:02:12.001 [AsyncHttpClient-1-5] DEBUG org.asynchttpclient.netty.channel.ChannelManager - Adding key: http://localhost:4205 for channel [id: 0x5e28d901, L:/127.0.0.1:43930 - R:localhost/127.0.0.1:4205]
09:02:12.003 [Forwarding findElement on session 44eb14877d37b1a679ce4bd28bfdaac0 to remote] DEBUG org.asynchttpclient.netty.request.NettyRequestSender - Using pooled Channel '[id: 0x5e28d901, L:/127.0.0.1:43930 - R:localhost/127.0.0.1:4205]' for 'POST' to 'http://localhost:4205/session/44eb14877d37b1a679ce4bd28bfdaac0/element'
09:02:12.004 [Forwarding findElement on session 44eb14877d37b1a679ce4bd28bfdaac0 to remote] DEBUG org.asynchttpclient.netty.request.NettyRequestSender - Using open Channel [id: 0x5e28d901, L:/127.0.0.1:43930 - R:localhost/127.0.0.1:4205] for POST '/session/44eb14877d37b1a679ce4bd28bfdaac0/element'
09:02:12.345 [AsyncHttpClient-1-1] DEBUG org.asynchttpclient.netty.channel.DefaultChannelPool - Entry count for : http://localhost:36457 : 1
09:02:13.445 [AsyncHttpClient-1-1] DEBUG org.asynchttpclient.netty.channel.DefaultChannelPool - Entry count for : http://localhost:36457 : 1
09:02:14.545 [AsyncHttpClient-1-1] DEBUG org.asynchttpclient.netty.channel.DefaultChannelPool - Entry count for : http://localhost:36457 : 1
09:02:15.632 [AsyncHttpClient-1-5] DEBUG org.asynchttpclient.netty.handler.HttpHandler - 

Request DefaultHttpRequest(decodeResult: success, version: HTTP/1.1)
POST /session/44eb14877d37b1a679ce4bd28bfdaac0/element HTTP/1.1
User-Agent: selenium/4.13.0 (java unix)
Content-Length: 89
Content-Type: application/json; charset=utf-8
host: localhost:4205
accept: */*

Response DefaultHttpResponse(decodeResult: success, version: HTTP/1.1)
HTTP/1.1 200 OK
Content-Length: 126
Content-Type: application/json; charset=utf-8
cache-control: no-cache

09:02:15.633 [AsyncHttpClient-1-5] DEBUG org.asynchttpclient.netty.channel.ChannelManager - Adding key: http://localhost:4205 for channel [id: 0x5e28d901, L:/127.0.0.1:43930 - R:localhost/127.0.0.1:4205]
09:02:15.635 [Forwarding isElementDisplayed on session 44eb14877d37b1a679ce4bd28bfdaac0 to remote] DEBUG org.asynchttpclient.netty.request.NettyRequestSender - Using pooled Channel '[id: 0x5e28d901, L:/127.0.0.1:43930 - R:localhost/127.0.0.1:4205]' for 'POST' to 'http://localhost:4205/session/44eb14877d37b1a679ce4bd28bfdaac0/execute/sync'
09:02:15.635 [Forwarding isElementDisplayed on session 44eb14877d37b1a679ce4bd28bfdaac0 to remote] DEBUG org.asynchttpclient.netty.request.NettyRequestSender - Using open Channel [id: 0x5e28d901, L:/127.0.0.1:43930 - R:localhost/127.0.0.1:4205] for POST '/session/44eb14877d37b1a679ce4bd28bfdaac0/execute/sync'
09:02:15.646 [AsyncHttpClient-1-1] DEBUG org.asynchttpclient.netty.channel.DefaultChannelPool - Entry count for : http://localhost:36457 : 1
09:02:15.665 [AsyncHttpClient-1-5] DEBUG org.asynchttpclient.netty.handler.HttpHandler - 

Request DefaultHttpRequest(decodeResult: success, version: HTTP/1.1)
POST /session/44eb14877d37b1a679ce4bd28bfdaac0/execute/sync HTTP/1.1
User-Agent: selenium/4.13.0 (java unix)
Content-Length: 48845
Content-Type: application/json; charset=utf-8
host: localhost:4205
accept: */*

Response DefaultHttpResponse(decodeResult: success, version: HTTP/1.1)
HTTP/1.1 200 OK
Content-Length: 14
Content-Type: application/json; charset=utf-8
cache-control: no-cache

09:02:15.665 [AsyncHttpClient-1-5] DEBUG org.asynchttpclient.netty.channel.ChannelManager - Adding key: http://localhost:4205 for channel [id: 0x5e28d901, L:/127.0.0.1:43930 - R:localhost/127.0.0.1:4205]
09:02:15.666 [Forwarding findElement on session 44eb14877d37b1a679ce4bd28bfdaac0 to remote] DEBUG org.asynchttpclient.netty.request.NettyRequestSender - Using pooled Channel '[id: 0x5e28d901, L:/127.0.0.1:43930 - R:localhost/127.0.0.1:4205]' for 'POST' to 'http://localhost:4205/session/44eb14877d37b1a679ce4bd28bfdaac0/element'
09:02:15.666 [Forwarding findElement on session 44eb14877d37b1a679ce4bd28bfdaac0 to remote] DEBUG org.asynchttpclient.netty.request.NettyRequestSender - Using open Channel [id: 0x5e28d901, L:/127.0.0.1:43930 - R:localhost/127.0.0.1:4205] for POST '/session/44eb14877d37b1a679ce4bd28bfdaac0/element'
09:02:15.673 [AsyncHttpClient-1-5] DEBUG org.asynchttpclient.netty.handler.HttpHandler - 

Request DefaultHttpRequest(decodeResult: success, version: HTTP/1.1)
POST /session/44eb14877d37b1a679ce4bd28bfdaac0/element HTTP/1.1
User-Agent: selenium/4.13.0 (java unix)
Content-Length: 89
Content-Type: application/json; charset=utf-8
host: localhost:4205
accept: */*

Response DefaultHttpResponse(decodeResult: success, version: HTTP/1.1)
HTTP/1.1 200 OK
Content-Length: 126
Content-Type: application/json; charset=utf-8
cache-control: no-cache

09:02:15.673 [AsyncHttpClient-1-5] DEBUG org.asynchttpclient.netty.channel.ChannelManager - Adding key: http://localhost:4205 for channel [id: 0x5e28d901, L:/127.0.0.1:43930 - R:localhost/127.0.0.1:4205]
09:02:15.674 [Forwarding getElementText on session 44eb14877d37b1a679ce4bd28bfdaac0 to remote] DEBUG org.asynchttpclient.netty.request.NettyRequestSender - Using pooled Channel '[id: 0x5e28d901, L:/127.0.0.1:43930 - R:localhost/127.0.0.1:4205]' for 'GET' to 'http://localhost:4205/session/44eb14877d37b1a679ce4bd28bfdaac0/element/f.6DD4B9C54850DFD49A356ABD8BF194B2.d.FA54ED980587FF7BF362603CA42B824B.e.93/text'
09:02:15.674 [Forwarding getElementText on session 44eb14877d37b1a679ce4bd28bfdaac0 to remote] DEBUG org.asynchttpclient.netty.request.NettyRequestSender - Using open Channel [id: 0x5e28d901, L:/127.0.0.1:43930 - R:localhost/127.0.0.1:4205] for GET '/session/44eb14877d37b1a679ce4bd28bfdaac0/element/f.6DD4B9C54850DFD49A356ABD8BF194B2.d.FA54ED980587FF7BF362603CA42B824B.e.93/text'
09:02:15.685 [AsyncHttpClient-1-5] DEBUG org.asynchttpclient.netty.handler.HttpHandler - 

Request DefaultFullHttpRequest(decodeResult: success, version: HTTP/1.1, content: EmptyByteBufBE)
GET /session/44eb14877d37b1a679ce4bd28bfdaac0/element/f.6DD4B9C54850DFD49A356ABD8BF194B2.d.FA54ED980587FF7BF362603CA42B824B.e.93/text HTTP/1.1
Cache-Control: no-cache
User-Agent: selenium/4.13.0 (java unix)
Content-Type: application/json; charset=utf-8
host: localhost:4205
accept: */*

Response DefaultHttpResponse(decodeResult: success, version: HTTP/1.1)
HTTP/1.1 200 OK
Content-Length: 28
Content-Type: application/json; charset=utf-8
cache-control: no-cache

09:02:15.685 [AsyncHttpClient-1-5] DEBUG org.asynchttpclient.netty.channel.ChannelManager - Adding key: http://localhost:4205 for channel [id: 0x5e28d901, L:/127.0.0.1:43930 - R:localhost/127.0.0.1:4205]
]]></system-out>
    <system-err><![CDATA[Jan 02, 2025 9:02:09 AM org.openqa.selenium.devtools.CdpVersionFinder findNearestMatch
WARNING: Unable to find CDP implementation matching 131
Jan 02, 2025 9:02:09 AM org.openqa.selenium.chromium.ChromiumDriver lambda$new$5
WARNING: Unable to find version of CDP to use for 131.0.6778.139. You may need to include a dependency on a specific version of the CDP using something similar to `org.seleniumhq.selenium:selenium-devtools-v86:4.13.0` where the version ("v86") matches the version of the chromium-based browser you're using and the version number of the artifact is the same as Selenium's.
]]></system-err>
  </testcase>
</testsuite>