<?xml version="1.0" encoding="UTF-8"?>
<testsuite xmlns:xsi="http://www.w3.org/2001/XMLSchema-instance" xsi:noNamespaceSchemaLocation="https://maven.apache.org/surefire/maven-surefire-plugin/xsd/surefire-test-report-3.0.xsd" version="3.0" name="TestSuite" time="13.697" tests="3" errors="0" skipped="0" failures="0">
  <properties>
    <property name="java.specification.version" value="23"/>
    <property name="sun.jnu.encoding" value="UTF-8"/>
    <property name="java.class.path" value="/home/runner/work/endtoendproject/endtoendproject/target/test-classes:/home/runner/work/endtoendproject/endtoendproject/target/classes:/home/runner/.m2/repository/io/qameta/allure/allure-testng/2.29.1/allure-testng-2.29.1.jar:/home/runner/.m2/repository/io/qameta/allure/allure-java-commons/2.29.1/allure-java-commons-2.29.1.jar:/home/runner/.m2/repository/io/qameta/allure/allure-model/2.29.1/allure-model-2.29.1.jar:/home/runner/.m2/repository/io/qameta/allure/allure-test-filter/2.29.1/allure-test-filter-2.29.1.jar:/home/runner/.m2/repository/org/seleniumhq/selenium/selenium-java/4.13.0/selenium-java-4.13.0.jar:/home/runner/.m2/repository/org/seleniumhq/selenium/selenium-api/4.13.0/selenium-api-4.13.0.jar:/home/runner/.m2/repository/org/seleniumhq/selenium/selenium-chrome-driver/4.13.0/selenium-chrome-driver-4.13.0.jar:/home/runner/.m2/repository/com/google/auto/service/auto-service-annotations/1.1.1/auto-service-annotations-1.1.1.jar:/home/runner/.m2/repository/com/google/guava/guava/32.1.2-jre/guava-32.1.2-jre.jar:/home/runner/.m2/repository/com/google/guava/failureaccess/1.0.1/failureaccess-1.0.1.jar:/home/runner/.m2/repository/com/google/guava/listenablefuture/9999.0-empty-to-avoid-conflict-with-guava/listenablefuture-9999.0-empty-to-avoid-conflict-with-guava.jar:/home/runner/.m2/repository/com/google/code/findbugs/jsr305/3.0.2/jsr305-3.0.2.jar:/home/runner/.m2/repository/org/checkerframework/checker-qual/3.33.0/checker-qual-3.33.0.jar:/home/runner/.m2/repository/com/google/errorprone/error_prone_annotations/2.18.0/error_prone_annotations-2.18.0.jar:/home/runner/.m2/repository/com/google/j2objc/j2objc-annotations/2.8/j2objc-annotations-2.8.jar:/home/runner/.m2/repository/org/seleniumhq/selenium/selenium-chromium-driver/4.13.0/selenium-chromium-driver-4.13.0.jar:/home/runner/.m2/repository/org/seleniumhq/selenium/selenium-json/4.13.0/selenium-json-4.13.0.jar:/home/runner/.m2/repository/org/seleniumhq/selenium/selenium-manager/4.13.0/selenium-manager-4.13.0.jar:/home/runner/.m2/repository/org/seleniumhq/selenium/selenium-devtools-v115/4.13.0/selenium-devtools-v115-4.13.0.jar:/home/runner/.m2/repository/org/seleniumhq/selenium/selenium-devtools-v116/4.13.0/selenium-devtools-v116-4.13.0.jar:/home/runner/.m2/repository/org/seleniumhq/selenium/selenium-devtools-v117/4.13.0/selenium-devtools-v117-4.13.0.jar:/home/runner/.m2/repository/org/seleniumhq/selenium/selenium-devtools-v85/4.13.0/selenium-devtools-v85-4.13.0.jar:/home/runner/.m2/repository/org/seleniumhq/selenium/selenium-edge-driver/4.13.0/selenium-edge-driver-4.13.0.jar:/home/runner/.m2/repository/org/seleniumhq/selenium/selenium-firefox-driver/4.13.0/selenium-firefox-driver-4.13.0.jar:/home/runner/.m2/repository/org/seleniumhq/selenium/selenium-http/4.13.0/selenium-http-4.13.0.jar:/home/runner/.m2/repository/dev/failsafe/failsafe/3.3.2/failsafe-3.3.2.jar:/home/runner/.m2/repository/org/seleniumhq/selenium/selenium-ie-driver/4.13.0/selenium-ie-driver-4.13.0.jar:/home/runner/.m2/repository/org/seleniumhq/selenium/selenium-remote-driver/4.13.0/selenium-remote-driver-4.13.0.jar:/home/runner/.m2/repository/io/netty/netty-buffer/4.1.96.Final/netty-buffer-4.1.96.Final.jar:/home/runner/.m2/repository/io/netty/netty-codec-http/4.1.96.Final/netty-codec-http-4.1.96.Final.jar:/home/runner/.m2/repository/io/netty/netty-codec/4.1.96.Final/netty-codec-4.1.96.Final.jar:/home/runner/.m2/repository/io/netty/netty-handler/4.1.96.Final/netty-handler-4.1.96.Final.jar:/home/runner/.m2/repository/io/netty/netty-common/4.1.96.Final/netty-common-4.1.96.Final.jar:/home/runner/.m2/repository/io/netty/netty-transport-classes-epoll/4.1.96.Final/netty-transport-classes-epoll-4.1.96.Final.jar:/home/runner/.m2/repository/io/netty/netty-transport-classes-kqueue/4.1.96.Final/netty-transport-classes-kqueue-4.1.96.Final.jar:/home/runner/.m2/repository/io/netty/netty-transport-native-epoll/4.1.96.Final/netty-transport-native-epoll-4.1.96.Final.jar:/home/runner/.m2/repository/io/netty/netty-transport-native-kqueue/4.1.96.Final/netty-transport-native-kqueue-4.1.96.Final.jar:/home/runner/.m2/repository/io/netty/netty-transport-native-unix-common/4.1.96.Final/netty-transport-native-unix-common-4.1.96.Final.jar:/home/runner/.m2/repository/io/netty/netty-transport/4.1.96.Final/netty-transport-4.1.96.Final.jar:/home/runner/.m2/repository/io/netty/netty-resolver/4.1.96.Final/netty-resolver-4.1.96.Final.jar:/home/runner/.m2/repository/io/opentelemetry/opentelemetry-api/1.28.0/opentelemetry-api-1.28.0.jar:/home/runner/.m2/repository/io/opentelemetry/opentelemetry-context/1.28.0/opentelemetry-context-1.28.0.jar:/home/runner/.m2/repository/io/opentelemetry/opentelemetry-exporter-logging/1.28.0/opentelemetry-exporter-logging-1.28.0.jar:/home/runner/.m2/repository/io/opentelemetry/opentelemetry-sdk-metrics/1.28.0/opentelemetry-sdk-metrics-1.28.0.jar:/home/runner/.m2/repository/io/opentelemetry/opentelemetry-extension-incubator/1.28.0-alpha/opentelemetry-extension-incubator-1.28.0-alpha.jar:/home/runner/.m2/repository/io/opentelemetry/opentelemetry-sdk-logs/1.28.0/opentelemetry-sdk-logs-1.28.0.jar:/home/runner/.m2/repository/io/opentelemetry/opentelemetry-sdk-common/1.28.0/opentelemetry-sdk-common-1.28.0.jar:/home/runner/.m2/repository/io/opentelemetry/opentelemetry-sdk-extension-autoconfigure-spi/1.28.0/opentelemetry-sdk-extension-autoconfigure-spi-1.28.0.jar:/home/runner/.m2/repository/io/opentelemetry/opentelemetry-sdk-extension-autoconfigure/1.28.0/opentelemetry-sdk-extension-autoconfigure-1.28.0.jar:/home/runner/.m2/repository/io/opentelemetry/opentelemetry-api-events/1.28.0-alpha/opentelemetry-api-events-1.28.0-alpha.jar:/home/runner/.m2/repository/io/opentelemetry/opentelemetry-sdk-trace/1.28.0/opentelemetry-sdk-trace-1.28.0.jar:/home/runner/.m2/repository/io/opentelemetry/opentelemetry-sdk/1.28.0/opentelemetry-sdk-1.28.0.jar:/home/runner/.m2/repository/io/opentelemetry/opentelemetry-semconv/1.28.0-alpha/opentelemetry-semconv-1.28.0-alpha.jar:/home/runner/.m2/repository/net/bytebuddy/byte-buddy/1.14.5/byte-buddy-1.14.5.jar:/home/runner/.m2/repository/org/asynchttpclient/async-http-client/2.12.3/async-http-client-2.12.3.jar:/home/runner/.m2/repository/org/asynchttpclient/async-http-client-netty-utils/2.12.3/async-http-client-netty-utils-2.12.3.jar:/home/runner/.m2/repository/io/netty/netty-codec-socks/4.1.60.Final/netty-codec-socks-4.1.60.Final.jar:/home/runner/.m2/repository/io/netty/netty-handler-proxy/4.1.60.Final/netty-handler-proxy-4.1.60.Final.jar:/home/runner/.m2/repository/io/netty/netty-transport-native-epoll/4.1.60.Final/netty-transport-native-epoll-4.1.60.Final-linux-x86_64.jar:/home/runner/.m2/repository/io/netty/netty-transport-native-kqueue/4.1.60.Final/netty-transport-native-kqueue-4.1.60.Final-osx-x86_64.jar:/home/runner/.m2/repository/com/typesafe/netty/netty-reactive-streams/2.0.4/netty-reactive-streams-2.0.4.jar:/home/runner/.m2/repository/com/sun/activation/jakarta.activation/1.2.2/jakarta.activation-1.2.2.jar:/home/runner/.m2/repository/org/seleniumhq/selenium/selenium-os/4.13.0/selenium-os-4.13.0.jar:/home/runner/.m2/repository/org/apache/commons/commons-exec/1.3/commons-exec-1.3.jar:/home/runner/.m2/repository/org/seleniumhq/selenium/selenium-safari-driver/4.13.0/selenium-safari-driver-4.13.0.jar:/home/runner/.m2/repository/org/seleniumhq/selenium/selenium-support/4.13.0/selenium-support-4.13.0.jar:/home/runner/.m2/repository/org/testng/testng/7.8.0/testng-7.8.0.jar:/home/runner/.m2/repository/org/slf4j/slf4j-api/1.7.36/slf4j-api-1.7.36.jar:/home/runner/.m2/repository/com/beust/jcommander/1.82/jcommander-1.82.jar:/home/runner/.m2/repository/org/webjars/jquery/3.6.1/jquery-3.6.1.jar:/home/runner/.m2/repository/org/slf4j/slf4j-simple/2.0.9/slf4j-simple-2.0.9.jar:/home/runner/.m2/repository/ch/qos/logback/logback-classic/1.2.11/logback-classic-1.2.11.jar:/home/runner/.m2/repository/ch/qos/logback/logback-core/1.2.11/logback-core-1.2.11.jar:/home/runner/.m2/repository/com/aventstack/extentreports/5.0.9/extentreports-5.0.9.jar:/home/runner/.m2/repository/io/reactivex/rxjava3/rxjava/3.0.4/rxjava-3.0.4.jar:/home/runner/.m2/repository/org/reactivestreams/reactive-streams/1.0.3/reactive-streams-1.0.3.jar:/home/runner/.m2/repository/org/freemarker/freemarker/2.3.30/freemarker-2.3.30.jar:/home/runner/.m2/repository/com/google/code/gson/gson/2.8.6/gson-2.8.6.jar:/home/runner/.m2/repository/org/projectlombok/lombok/1.18.24/lombok-1.18.24.jar:"/>
    <property name="java.vm.vendor" value="Eclipse Adoptium"/>
    <property name="sun.arch.data.model" value="64"/>
    <property name="java.vendor.url" value="https://adoptium.net/"/>
    <property name="user.timezone" value="Etc/UTC"/>
    <property name="os.name" value="Linux"/>
    <property name="java.vm.specification.version" value="23"/>
    <property name="sun.java.launcher" value="SUN_STANDARD"/>
    <property name="sun.boot.library.path" value="/opt/hostedtoolcache/Java_Temurin-Hotspot_jdk/23.0.1-11/x64/lib"/>
    <property name="sun.java.command" value="/home/runner/work/endtoendproject/endtoendproject/target/surefire/surefirebooter302566627103946568.jar /home/runner/work/endtoendproject/endtoendproject/target/surefire 2025-01-02T09-44-30_114-jvmRun1 surefire13333243515957341987tmp surefire_013264314108186695585tmp"/>
    <property name="jdk.debug" value="release"/>
    <property name="surefire.test.class.path" value="/home/runner/work/endtoendproject/endtoendproject/target/test-classes:/home/runner/work/endtoendproject/endtoendproject/target/classes:/home/runner/.m2/repository/io/qameta/allure/allure-testng/2.29.1/allure-testng-2.29.1.jar:/home/runner/.m2/repository/io/qameta/allure/allure-java-commons/2.29.1/allure-java-commons-2.29.1.jar:/home/runner/.m2/repository/io/qameta/allure/allure-model/2.29.1/allure-model-2.29.1.jar:/home/runner/.m2/repository/io/qameta/allure/allure-test-filter/2.29.1/allure-test-filter-2.29.1.jar:/home/runner/.m2/repository/org/seleniumhq/selenium/selenium-java/4.13.0/selenium-java-4.13.0.jar:/home/runner/.m2/repository/org/seleniumhq/selenium/selenium-api/4.13.0/selenium-api-4.13.0.jar:/home/runner/.m2/repository/org/seleniumhq/selenium/selenium-chrome-driver/4.13.0/selenium-chrome-driver-4.13.0.jar:/home/runner/.m2/repository/com/google/auto/service/auto-service-annotations/1.1.1/auto-service-annotations-1.1.1.jar:/home/runner/.m2/repository/com/google/guava/guava/32.1.2-jre/guava-32.1.2-jre.jar:/home/runner/.m2/repository/com/google/guava/failureaccess/1.0.1/failureaccess-1.0.1.jar:/home/runner/.m2/repository/com/google/guava/listenablefuture/9999.0-empty-to-avoid-conflict-with-guava/listenablefuture-9999.0-empty-to-avoid-conflict-with-guava.jar:/home/runner/.m2/repository/com/google/code/findbugs/jsr305/3.0.2/jsr305-3.0.2.jar:/home/runner/.m2/repository/org/checkerframework/checker-qual/3.33.0/checker-qual-3.33.0.jar:/home/runner/.m2/repository/com/google/errorprone/error_prone_annotations/2.18.0/error_prone_annotations-2.18.0.jar:/home/runner/.m2/repository/com/google/j2objc/j2objc-annotations/2.8/j2objc-annotations-2.8.jar:/home/runner/.m2/repository/org/seleniumhq/selenium/selenium-chromium-driver/4.13.0/selenium-chromium-driver-4.13.0.jar:/home/runner/.m2/repository/org/seleniumhq/selenium/selenium-json/4.13.0/selenium-json-4.13.0.jar:/home/runner/.m2/repository/org/seleniumhq/selenium/selenium-manager/4.13.0/selenium-manager-4.13.0.jar:/home/runner/.m2/repository/org/seleniumhq/selenium/selenium-devtools-v115/4.13.0/selenium-devtools-v115-4.13.0.jar:/home/runner/.m2/repository/org/seleniumhq/selenium/selenium-devtools-v116/4.13.0/selenium-devtools-v116-4.13.0.jar:/home/runner/.m2/repository/org/seleniumhq/selenium/selenium-devtools-v117/4.13.0/selenium-devtools-v117-4.13.0.jar:/home/runner/.m2/repository/org/seleniumhq/selenium/selenium-devtools-v85/4.13.0/selenium-devtools-v85-4.13.0.jar:/home/runner/.m2/repository/org/seleniumhq/selenium/selenium-edge-driver/4.13.0/selenium-edge-driver-4.13.0.jar:/home/runner/.m2/repository/org/seleniumhq/selenium/selenium-firefox-driver/4.13.0/selenium-firefox-driver-4.13.0.jar:/home/runner/.m2/repository/org/seleniumhq/selenium/selenium-http/4.13.0/selenium-http-4.13.0.jar:/home/runner/.m2/repository/dev/failsafe/failsafe/3.3.2/failsafe-3.3.2.jar:/home/runner/.m2/repository/org/seleniumhq/selenium/selenium-ie-driver/4.13.0/selenium-ie-driver-4.13.0.jar:/home/runner/.m2/repository/org/seleniumhq/selenium/selenium-remote-driver/4.13.0/selenium-remote-driver-4.13.0.jar:/home/runner/.m2/repository/io/netty/netty-buffer/4.1.96.Final/netty-buffer-4.1.96.Final.jar:/home/runner/.m2/repository/io/netty/netty-codec-http/4.1.96.Final/netty-codec-http-4.1.96.Final.jar:/home/runner/.m2/repository/io/netty/netty-codec/4.1.96.Final/netty-codec-4.1.96.Final.jar:/home/runner/.m2/repository/io/netty/netty-handler/4.1.96.Final/netty-handler-4.1.96.Final.jar:/home/runner/.m2/repository/io/netty/netty-common/4.1.96.Final/netty-common-4.1.96.Final.jar:/home/runner/.m2/repository/io/netty/netty-transport-classes-epoll/4.1.96.Final/netty-transport-classes-epoll-4.1.96.Final.jar:/home/runner/.m2/repository/io/netty/netty-transport-classes-kqueue/4.1.96.Final/netty-transport-classes-kqueue-4.1.96.Final.jar:/home/runner/.m2/repository/io/netty/netty-transport-native-epoll/4.1.96.Final/netty-transport-native-epoll-4.1.96.Final.jar:/home/runner/.m2/repository/io/netty/netty-transport-native-kqueue/4.1.96.Final/netty-transport-native-kqueue-4.1.96.Final.jar:/home/runner/.m2/repository/io/netty/netty-transport-native-unix-common/4.1.96.Final/netty-transport-native-unix-common-4.1.96.Final.jar:/home/runner/.m2/repository/io/netty/netty-transport/4.1.96.Final/netty-transport-4.1.96.Final.jar:/home/runner/.m2/repository/io/netty/netty-resolver/4.1.96.Final/netty-resolver-4.1.96.Final.jar:/home/runner/.m2/repository/io/opentelemetry/opentelemetry-api/1.28.0/opentelemetry-api-1.28.0.jar:/home/runner/.m2/repository/io/opentelemetry/opentelemetry-context/1.28.0/opentelemetry-context-1.28.0.jar:/home/runner/.m2/repository/io/opentelemetry/opentelemetry-exporter-logging/1.28.0/opentelemetry-exporter-logging-1.28.0.jar:/home/runner/.m2/repository/io/opentelemetry/opentelemetry-sdk-metrics/1.28.0/opentelemetry-sdk-metrics-1.28.0.jar:/home/runner/.m2/repository/io/opentelemetry/opentelemetry-extension-incubator/1.28.0-alpha/opentelemetry-extension-incubator-1.28.0-alpha.jar:/home/runner/.m2/repository/io/opentelemetry/opentelemetry-sdk-logs/1.28.0/opentelemetry-sdk-logs-1.28.0.jar:/home/runner/.m2/repository/io/opentelemetry/opentelemetry-sdk-common/1.28.0/opentelemetry-sdk-common-1.28.0.jar:/home/runner/.m2/repository/io/opentelemetry/opentelemetry-sdk-extension-autoconfigure-spi/1.28.0/opentelemetry-sdk-extension-autoconfigure-spi-1.28.0.jar:/home/runner/.m2/repository/io/opentelemetry/opentelemetry-sdk-extension-autoconfigure/1.28.0/opentelemetry-sdk-extension-autoconfigure-1.28.0.jar:/home/runner/.m2/repository/io/opentelemetry/opentelemetry-api-events/1.28.0-alpha/opentelemetry-api-events-1.28.0-alpha.jar:/home/runner/.m2/repository/io/opentelemetry/opentelemetry-sdk-trace/1.28.0/opentelemetry-sdk-trace-1.28.0.jar:/home/runner/.m2/repository/io/opentelemetry/opentelemetry-sdk/1.28.0/opentelemetry-sdk-1.28.0.jar:/home/runner/.m2/repository/io/opentelemetry/opentelemetry-semconv/1.28.0-alpha/opentelemetry-semconv-1.28.0-alpha.jar:/home/runner/.m2/repository/net/bytebuddy/byte-buddy/1.14.5/byte-buddy-1.14.5.jar:/home/runner/.m2/repository/org/asynchttpclient/async-http-client/2.12.3/async-http-client-2.12.3.jar:/home/runner/.m2/repository/org/asynchttpclient/async-http-client-netty-utils/2.12.3/async-http-client-netty-utils-2.12.3.jar:/home/runner/.m2/repository/io/netty/netty-codec-socks/4.1.60.Final/netty-codec-socks-4.1.60.Final.jar:/home/runner/.m2/repository/io/netty/netty-handler-proxy/4.1.60.Final/netty-handler-proxy-4.1.60.Final.jar:/home/runner/.m2/repository/io/netty/netty-transport-native-epoll/4.1.60.Final/netty-transport-native-epoll-4.1.60.Final-linux-x86_64.jar:/home/runner/.m2/repository/io/netty/netty-transport-native-kqueue/4.1.60.Final/netty-transport-native-kqueue-4.1.60.Final-osx-x86_64.jar:/home/runner/.m2/repository/com/typesafe/netty/netty-reactive-streams/2.0.4/netty-reactive-streams-2.0.4.jar:/home/runner/.m2/repository/com/sun/activation/jakarta.activation/1.2.2/jakarta.activation-1.2.2.jar:/home/runner/.m2/repository/org/seleniumhq/selenium/selenium-os/4.13.0/selenium-os-4.13.0.jar:/home/runner/.m2/repository/org/apache/commons/commons-exec/1.3/commons-exec-1.3.jar:/home/runner/.m2/repository/org/seleniumhq/selenium/selenium-safari-driver/4.13.0/selenium-safari-driver-4.13.0.jar:/home/runner/.m2/repository/org/seleniumhq/selenium/selenium-support/4.13.0/selenium-support-4.13.0.jar:/home/runner/.m2/repository/org/testng/testng/7.8.0/testng-7.8.0.jar:/home/runner/.m2/repository/org/slf4j/slf4j-api/1.7.36/slf4j-api-1.7.36.jar:/home/runner/.m2/repository/com/beust/jcommander/1.82/jcommander-1.82.jar:/home/runner/.m2/repository/org/webjars/jquery/3.6.1/jquery-3.6.1.jar:/home/runner/.m2/repository/org/slf4j/slf4j-simple/2.0.9/slf4j-simple-2.0.9.jar:/home/runner/.m2/repository/ch/qos/logback/logback-classic/1.2.11/logback-classic-1.2.11.jar:/home/runner/.m2/repository/ch/qos/logback/logback-core/1.2.11/logback-core-1.2.11.jar:/home/runner/.m2/repository/com/aventstack/extentreports/5.0.9/extentreports-5.0.9.jar:/home/runner/.m2/repository/io/reactivex/rxjava3/rxjava/3.0.4/rxjava-3.0.4.jar:/home/runner/.m2/repository/org/reactivestreams/reactive-streams/1.0.3/reactive-streams-1.0.3.jar:/home/runner/.m2/repository/org/freemarker/freemarker/2.3.30/freemarker-2.3.30.jar:/home/runner/.m2/repository/com/google/code/gson/gson/2.8.6/gson-2.8.6.jar:/home/runner/.m2/repository/org/projectlombok/lombok/1.18.24/lombok-1.18.24.jar:"/>
    <property name="sun.cpu.endian" value="little"/>
    <property name="user.home" value="/home/runner"/>
    <property name="user.language" value="en"/>
    <property name="java.specification.vendor" value="Oracle Corporation"/>
    <property name="java.version.date" value="2024-10-15"/>
    <property name="java.home" value="/opt/hostedtoolcache/Java_Temurin-Hotspot_jdk/23.0.1-11/x64"/>
    <property name="file.separator" value="/"/>
    <property name="basedir" value="/home/runner/work/endtoendproject/endtoendproject"/>
    <property name="java.vm.compressedOopsMode" value="Zero based"/>
    <property name="line.separator" value="&#10;"/>
    <property name="java.specification.name" value="Java Platform API Specification"/>
    <property name="java.vm.specification.vendor" value="Oracle Corporation"/>
    <property name="surefire.real.class.path" value="/home/runner/work/endtoendproject/endtoendproject/target/surefire/surefirebooter302566627103946568.jar"/>
    <property name="sun.management.compiler" value="HotSpot 64-Bit Tiered Compilers"/>
    <property name="java.runtime.version" value="23.0.1+11"/>
    <property name="user.name" value="runner"/>
    <property name="stdout.encoding" value="UTF-8"/>
    <property name="path.separator" value=":"/>
    <property name="os.version" value="6.5.0-1025-azure"/>
    <property name="java.runtime.name" value="OpenJDK Runtime Environment"/>
    <property name="file.encoding" value="UTF-8"/>
    <property name="java.vm.name" value="OpenJDK 64-Bit Server VM"/>
    <property name="java.vendor.version" value="Temurin-23.0.1+11"/>
    <property name="localRepository" value="/home/runner/.m2/repository"/>
    <property name="java.vendor.url.bug" value="https://github.com/adoptium/adoptium-support/issues"/>
    <property name="java.io.tmpdir" value="/tmp"/>
    <property name="java.version" value="23.0.1"/>
    <property name="user.dir" value="/home/runner/work/endtoendproject/endtoendproject"/>
    <property name="os.arch" value="amd64"/>
    <property name="java.vm.specification.name" value="Java Virtual Machine Specification"/>
    <property name="native.encoding" value="UTF-8"/>
    <property name="java.library.path" value="/usr/java/packages/lib:/usr/lib64:/lib64:/lib:/usr/lib"/>
    <property name="java.vm.info" value="mixed mode, sharing"/>
    <property name="stderr.encoding" value="UTF-8"/>
    <property name="java.vendor" value="Eclipse Adoptium"/>
    <property name="java.vm.version" value="23.0.1+11"/>
    <property name="sun.io.unicode.encoding" value="UnicodeLittle"/>
    <property name="java.class.version" value="67.0"/>
  </properties>
  <testcase name="testInvalidLogin" classname="tests.LoginTest" time="1.444">
    <system-out><![CDATA[09:44:32.156 [main] DEBUG io.netty.util.internal.logging.InternalLoggerFactory - Using SLF4J as the default logging framework
09:44:32.159 [main] DEBUG io.netty.util.ResourceLeakDetector - -Dio.netty.leakDetection.level: simple
09:44:32.159 [main] DEBUG io.netty.util.ResourceLeakDetector - -Dio.netty.leakDetection.targetRecords: 4
09:44:32.162 [main] DEBUG io.netty.util.ResourceLeakDetectorFactory - Loaded default ResourceLeakDetector: io.netty.util.ResourceLeakDetector@5f4d427e
09:44:32.171 [main] DEBUG io.netty.util.internal.PlatformDependent0 - -Dio.netty.noUnsafe: false
09:44:32.171 [main] DEBUG io.netty.util.internal.PlatformDependent0 - Java version: 23
09:44:32.172 [main] DEBUG io.netty.util.internal.PlatformDependent0 - sun.misc.Unsafe.theUnsafe: available
09:44:32.172 [main] DEBUG io.netty.util.internal.PlatformDependent0 - sun.misc.Unsafe.copyMemory: available
09:44:32.172 [main] DEBUG io.netty.util.internal.PlatformDependent0 - sun.misc.Unsafe.storeFence: available
09:44:32.173 [main] DEBUG io.netty.util.internal.PlatformDependent0 - java.nio.Buffer.address: available
09:44:32.173 [main] DEBUG io.netty.util.internal.PlatformDependent0 - direct buffer constructor: unavailable: Reflective setAccessible(true) disabled
09:44:32.173 [main] DEBUG io.netty.util.internal.PlatformDependent0 - java.nio.Bits.unaligned: available, true
09:44:32.174 [main] DEBUG io.netty.util.internal.PlatformDependent0 - jdk.internal.misc.Unsafe.allocateUninitializedArray(int): unavailable: class io.netty.util.internal.PlatformDependent0$7 cannot access class jdk.internal.misc.Unsafe (in module java.base) because module java.base does not export jdk.internal.misc to unnamed module @73e22a3d
09:44:32.174 [main] DEBUG io.netty.util.internal.PlatformDependent0 - java.nio.DirectByteBuffer.<init>(long, {int,long}): unavailable
09:44:32.174 [main] DEBUG io.netty.util.internal.PlatformDependent - sun.misc.Unsafe: available
09:44:32.175 [main] DEBUG io.netty.util.internal.PlatformDependent - maxDirectMemory: 4190109696 bytes (maybe)
09:44:32.176 [main] DEBUG io.netty.util.internal.PlatformDependent - -Dio.netty.tmpdir: /tmp (java.io.tmpdir)
09:44:32.176 [main] DEBUG io.netty.util.internal.PlatformDependent - -Dio.netty.bitMode: 64 (sun.arch.data.model)
09:44:32.176 [main] DEBUG io.netty.util.internal.PlatformDependent - -Dio.netty.maxDirectMemory: -1 bytes
09:44:32.176 [main] DEBUG io.netty.util.internal.PlatformDependent - -Dio.netty.uninitializedArrayAllocationThreshold: -1
09:44:32.178 [main] DEBUG io.netty.util.internal.CleanerJava9 - java.nio.ByteBuffer.cleaner(): available
09:44:32.178 [main] DEBUG io.netty.util.internal.PlatformDependent - -Dio.netty.noPreferDirect: false
09:44:32.182 [main] DEBUG io.netty.util.internal.PlatformDependent - org.jctools-core.MpscChunkedArrayQueue: available
09:44:32.192 [main] DEBUG io.netty.util.internal.InternalThreadLocalMap - -Dio.netty.threadLocalMap.stringBuilder.initialSize: 1024
09:44:32.192 [main] DEBUG io.netty.util.internal.InternalThreadLocalMap - -Dio.netty.threadLocalMap.stringBuilder.maxSize: 4096
09:44:32.326 [main] DEBUG io.netty.handler.ssl.JdkSslContext - Default protocols (JDK): [TLSv1.3, TLSv1.2] 
09:44:32.326 [main] DEBUG io.netty.handler.ssl.JdkSslContext - Default cipher suites (JDK): [TLS_ECDHE_ECDSA_WITH_AES_256_GCM_SHA384, TLS_ECDHE_ECDSA_WITH_AES_128_GCM_SHA256, TLS_ECDHE_RSA_WITH_AES_128_GCM_SHA256, TLS_ECDHE_RSA_WITH_AES_256_GCM_SHA384, TLS_ECDHE_RSA_WITH_AES_128_CBC_SHA, TLS_ECDHE_RSA_WITH_AES_256_CBC_SHA, TLS_RSA_WITH_AES_128_GCM_SHA256, TLS_RSA_WITH_AES_128_CBC_SHA, TLS_RSA_WITH_AES_256_CBC_SHA, TLS_AES_128_GCM_SHA256, TLS_AES_256_GCM_SHA384]
09:44:32.334 [main] DEBUG io.netty.util.concurrent.GlobalEventExecutor - -Dio.netty.globalEventExecutor.quietPeriodSeconds: 1
09:44:32.342 [main] DEBUG io.netty.channel.MultithreadEventLoopGroup - -Dio.netty.eventLoopThreads: 8
09:44:32.349 [main] DEBUG io.netty.channel.nio.NioEventLoop - -Dio.netty.noKeySetOptimization: false
09:44:32.349 [main] DEBUG io.netty.channel.nio.NioEventLoop - -Dio.netty.selectorAutoRebuildThreshold: 512
09:44:32.373 [main] DEBUG io.netty.buffer.PooledByteBufAllocator - -Dio.netty.allocator.numHeapArenas: 8
09:44:32.373 [main] DEBUG io.netty.buffer.PooledByteBufAllocator - -Dio.netty.allocator.numDirectArenas: 8
09:44:32.373 [main] DEBUG io.netty.buffer.PooledByteBufAllocator - -Dio.netty.allocator.pageSize: 8192
09:44:32.373 [main] DEBUG io.netty.buffer.PooledByteBufAllocator - -Dio.netty.allocator.maxOrder: 9
09:44:32.373 [main] DEBUG io.netty.buffer.PooledByteBufAllocator - -Dio.netty.allocator.chunkSize: 4194304
09:44:32.373 [main] DEBUG io.netty.buffer.PooledByteBufAllocator - -Dio.netty.allocator.smallCacheSize: 256
09:44:32.373 [main] DEBUG io.netty.buffer.PooledByteBufAllocator - -Dio.netty.allocator.normalCacheSize: 64
09:44:32.373 [main] DEBUG io.netty.buffer.PooledByteBufAllocator - -Dio.netty.allocator.maxCachedBufferCapacity: 32768
09:44:32.373 [main] DEBUG io.netty.buffer.PooledByteBufAllocator - -Dio.netty.allocator.cacheTrimInterval: 8192
09:44:32.373 [main] DEBUG io.netty.buffer.PooledByteBufAllocator - -Dio.netty.allocator.cacheTrimIntervalMillis: 0
09:44:32.374 [main] DEBUG io.netty.buffer.PooledByteBufAllocator - -Dio.netty.allocator.useCacheForAllThreads: false
09:44:32.374 [main] DEBUG io.netty.buffer.PooledByteBufAllocator - -Dio.netty.allocator.maxCachedByteBuffersPerChunk: 1023
09:44:32.381 [main] DEBUG io.netty.buffer.ByteBufUtil - -Dio.netty.allocator.type: pooled
09:44:32.381 [main] DEBUG io.netty.buffer.ByteBufUtil - -Dio.netty.threadLocalDirectBufferSize: 0
09:44:32.381 [main] DEBUG io.netty.buffer.ByteBufUtil - -Dio.netty.maxThreadLocalCharBufferSize: 16384
09:44:33.187 [Forwarding newSession on session null to remote] DEBUG io.netty.channel.DefaultChannelId - -Dio.netty.processId: 1903 (auto-detected)
09:44:33.188 [Forwarding newSession on session null to remote] DEBUG io.netty.util.NetUtil - -Djava.net.preferIPv4Stack: false
09:44:33.188 [Forwarding newSession on session null to remote] DEBUG io.netty.util.NetUtil - -Djava.net.preferIPv6Addresses: false
09:44:33.189 [Forwarding newSession on session null to remote] DEBUG io.netty.util.NetUtilInitializations - Loopback interface: lo (lo, 0:0:0:0:0:0:0:1%lo)
09:44:33.190 [Forwarding newSession on session null to remote] DEBUG io.netty.util.NetUtil - /proc/sys/net/core/somaxconn: 4096
09:44:33.190 [Forwarding newSession on session null to remote] DEBUG io.netty.channel.DefaultChannelId - -Dio.netty.machineId: 00:0d:3a:ff:fe:d4:55:79 (auto-detected)
09:44:33.215 [AsyncHttpClient-1-2] DEBUG io.netty.buffer.AbstractByteBuf - -Dio.netty.buffer.checkAccessible: true
09:44:33.215 [AsyncHttpClient-1-2] DEBUG io.netty.buffer.AbstractByteBuf - -Dio.netty.buffer.checkBounds: true
09:44:33.216 [AsyncHttpClient-1-2] DEBUG io.netty.util.ResourceLeakDetectorFactory - Loaded default ResourceLeakDetector: io.netty.util.ResourceLeakDetector@281215d9
09:44:33.224 [AsyncHttpClient-1-2] DEBUG org.asynchttpclient.netty.channel.NettyConnectListener - Using new Channel '[id: 0x2fe3f959, L:/127.0.0.1:60028 - R:localhost/127.0.0.1:22748]' for 'POST' to '/session'
09:44:33.238 [AsyncHttpClient-1-2] DEBUG io.netty.util.Recycler - -Dio.netty.recycler.maxCapacityPerThread: 4096
09:44:33.238 [AsyncHttpClient-1-2] DEBUG io.netty.util.Recycler - -Dio.netty.recycler.ratio: 8
09:44:33.238 [AsyncHttpClient-1-2] DEBUG io.netty.util.Recycler - -Dio.netty.recycler.chunkSize: 32
09:44:33.238 [AsyncHttpClient-1-2] DEBUG io.netty.util.Recycler - -Dio.netty.recycler.blocking: false
09:44:33.238 [AsyncHttpClient-1-2] DEBUG io.netty.util.Recycler - -Dio.netty.recycler.batchFastThreadLocalOnly: true
09:44:33.970 [AsyncHttpClient-1-2] DEBUG io.netty.handler.codec.compression.Brotli - brotli4j not in the classpath; Brotli support will be unavailable.
09:44:33.970 [AsyncHttpClient-1-2] DEBUG org.asynchttpclient.netty.handler.HttpHandler - 

Request DefaultHttpRequest(decodeResult: success, version: HTTP/1.1)
POST /session HTTP/1.1
User-Agent: selenium/4.13.0 (java unix)
Content-Length: 385
Content-Type: application/json; charset=utf-8
host: localhost:22748
accept: */*

Response DefaultHttpResponse(decodeResult: success, version: HTTP/1.1)
HTTP/1.1 200 OK
Content-Length: 850
Content-Type: application/json; charset=utf-8
cache-control: no-cache

09:44:33.973 [AsyncHttpClient-1-2] DEBUG org.asynchttpclient.netty.channel.ChannelManager - Adding key: http://localhost:22748 for channel [id: 0x2fe3f959, L:/127.0.0.1:60028 - R:localhost/127.0.0.1:22748]
09:44:34.013 [AsyncHttpClient-1-3] DEBUG org.asynchttpclient.netty.channel.NettyConnectListener - Using new Channel '[id: 0x81353049, L:/127.0.0.1:38354 - R:localhost/127.0.0.1:43047]' for 'GET' to '/json/version'
09:44:34.015 [AsyncHttpClient-1-3] DEBUG org.asynchttpclient.netty.handler.HttpHandler - 

Request DefaultFullHttpRequest(decodeResult: success, version: HTTP/1.1, content: EmptyByteBufBE)
GET /json/version HTTP/1.1
User-Agent: selenium/4.13.0 (java unix)
host: localhost:43047
accept: */*

Response DefaultHttpResponse(decodeResult: success, version: HTTP/1.1)
HTTP/1.1 200 OK
Content-Security-Policy: frame-ancestors 'none'
Content-Length: 414
Content-Type: application/json; charset=UTF-8

09:44:34.016 [AsyncHttpClient-1-3] DEBUG org.asynchttpclient.netty.channel.ChannelManager - Adding key: http://localhost:43047 for channel [id: 0x81353049, L:/127.0.0.1:38354 - R:localhost/127.0.0.1:43047]
09:44:34.020 [main] DEBUG io.netty.util.internal.ThreadLocalRandom - -Dio.netty.initialSeedUniquifier: 0x01b84d1d9faa0753
09:44:34.022 [AsyncHttpClient-1-4] DEBUG org.asynchttpclient.netty.channel.NettyConnectListener - Using new Channel '[id: 0x1cca2756, L:/127.0.0.1:38356 - R:localhost/127.0.0.1:43047]' for 'GET' to '/devtools/browser/0302eeff-8263-4cbe-ac5f-275c918ce59a'
09:44:34.024 [AsyncHttpClient-1-4] DEBUG org.asynchttpclient.netty.handler.WebSocketHandler - 

Request DefaultFullHttpRequest(decodeResult: success, version: HTTP/1.1, content: EmptyByteBufBE)
GET /devtools/browser/0302eeff-8263-4cbe-ac5f-275c918ce59a HTTP/1.1
upgrade: websocket
connection: upgrade
sec-websocket-key: dPIV7HJ6NKcmmkmd3KuPFA==
sec-websocket-version: 13
origin: http://localhost:43047
host: localhost:43047
accept: */*
user-agent: AHC/2.1

Response DefaultHttpResponse(decodeResult: success, version: HTTP/1.1)
HTTP/1.1 101 WebSocket Protocol Handshake
Upgrade: WebSocket
Connection: Upgrade
Sec-WebSocket-Accept: nmQhqQM8cXvVbsOP4Ud29c3RAkg=

09:44:34.057 [Forwarding setTimeout on session 55e16c10bbc20e21888fcaceb272b21e to remote] DEBUG org.asynchttpclient.netty.request.NettyRequestSender - Using pooled Channel '[id: 0x2fe3f959, L:/127.0.0.1:60028 - R:localhost/127.0.0.1:22748]' for 'POST' to 'http://localhost:22748/session/55e16c10bbc20e21888fcaceb272b21e/timeouts'
09:44:34.057 [Forwarding setTimeout on session 55e16c10bbc20e21888fcaceb272b21e to remote] DEBUG org.asynchttpclient.netty.request.NettyRequestSender - Using open Channel [id: 0x2fe3f959, L:/127.0.0.1:60028 - R:localhost/127.0.0.1:22748] for POST '/session/55e16c10bbc20e21888fcaceb272b21e/timeouts'
09:44:34.059 [AsyncHttpClient-1-2] DEBUG org.asynchttpclient.netty.handler.HttpHandler - 

Request DefaultHttpRequest(decodeResult: success, version: HTTP/1.1)
POST /session/55e16c10bbc20e21888fcaceb272b21e/timeouts HTTP/1.1
User-Agent: selenium/4.13.0 (java unix)
Content-Length: 23
Content-Type: application/json; charset=utf-8
host: localhost:22748
accept: */*

Response DefaultHttpResponse(decodeResult: success, version: HTTP/1.1)
HTTP/1.1 200 OK
Content-Length: 14
Content-Type: application/json; charset=utf-8
cache-control: no-cache

09:44:34.059 [AsyncHttpClient-1-2] DEBUG org.asynchttpclient.netty.channel.ChannelManager - Adding key: http://localhost:22748 for channel [id: 0x2fe3f959, L:/127.0.0.1:60028 - R:localhost/127.0.0.1:22748]
09:44:34.110 [Forwarding get on session 55e16c10bbc20e21888fcaceb272b21e to remote] DEBUG org.asynchttpclient.netty.request.NettyRequestSender - Using pooled Channel '[id: 0x2fe3f959, L:/127.0.0.1:60028 - R:localhost/127.0.0.1:22748]' for 'POST' to 'http://localhost:22748/session/55e16c10bbc20e21888fcaceb272b21e/url'
09:44:34.110 [Forwarding get on session 55e16c10bbc20e21888fcaceb272b21e to remote] DEBUG org.asynchttpclient.netty.request.NettyRequestSender - Using open Channel [id: 0x2fe3f959, L:/127.0.0.1:60028 - R:localhost/127.0.0.1:22748] for POST '/session/55e16c10bbc20e21888fcaceb272b21e/url'
09:44:34.485 [AsyncHttpClient-1-1] DEBUG org.asynchttpclient.netty.channel.DefaultChannelPool - Entry count for : http://localhost:43047 : 1
09:44:34.671 [AsyncHttpClient-1-2] DEBUG org.asynchttpclient.netty.handler.HttpHandler - 

Request DefaultHttpRequest(decodeResult: success, version: HTTP/1.1)
POST /session/55e16c10bbc20e21888fcaceb272b21e/url HTTP/1.1
User-Agent: selenium/4.13.0 (java unix)
Content-Length: 111
Content-Type: application/json; charset=utf-8
host: localhost:22748
accept: */*

Response DefaultHttpResponse(decodeResult: success, version: HTTP/1.1)
HTTP/1.1 200 OK
Content-Length: 14
Content-Type: application/json; charset=utf-8
cache-control: no-cache

09:44:34.672 [AsyncHttpClient-1-2] DEBUG org.asynchttpclient.netty.channel.ChannelManager - Adding key: http://localhost:22748 for channel [id: 0x2fe3f959, L:/127.0.0.1:60028 - R:localhost/127.0.0.1:22748]
09:44:34.674 [Forwarding findElement on session 55e16c10bbc20e21888fcaceb272b21e to remote] DEBUG org.asynchttpclient.netty.request.NettyRequestSender - Using pooled Channel '[id: 0x2fe3f959, L:/127.0.0.1:60028 - R:localhost/127.0.0.1:22748]' for 'POST' to 'http://localhost:22748/session/55e16c10bbc20e21888fcaceb272b21e/element'
09:44:34.674 [Forwarding findElement on session 55e16c10bbc20e21888fcaceb272b21e to remote] DEBUG org.asynchttpclient.netty.request.NettyRequestSender - Using open Channel [id: 0x2fe3f959, L:/127.0.0.1:60028 - R:localhost/127.0.0.1:22748] for POST '/session/55e16c10bbc20e21888fcaceb272b21e/element'
09:44:34.870 [AsyncHttpClient-1-2] DEBUG org.asynchttpclient.netty.handler.HttpHandler - 

Request DefaultHttpRequest(decodeResult: success, version: HTTP/1.1)
POST /session/55e16c10bbc20e21888fcaceb272b21e/element HTTP/1.1
User-Agent: selenium/4.13.0 (java unix)
Content-Length: 62
Content-Type: application/json; charset=utf-8
host: localhost:22748
accept: */*

Response DefaultHttpResponse(decodeResult: success, version: HTTP/1.1)
HTTP/1.1 200 OK
Content-Length: 125
Content-Type: application/json; charset=utf-8
cache-control: no-cache

09:44:34.871 [AsyncHttpClient-1-2] DEBUG org.asynchttpclient.netty.channel.ChannelManager - Adding key: http://localhost:22748 for channel [id: 0x2fe3f959, L:/127.0.0.1:60028 - R:localhost/127.0.0.1:22748]
09:44:34.877 [Forwarding sendKeysToElement on session 55e16c10bbc20e21888fcaceb272b21e to remote] DEBUG org.asynchttpclient.netty.request.NettyRequestSender - Using pooled Channel '[id: 0x2fe3f959, L:/127.0.0.1:60028 - R:localhost/127.0.0.1:22748]' for 'POST' to 'http://localhost:22748/session/55e16c10bbc20e21888fcaceb272b21e/element/f.37508EB247C16C84EF926B8BC5DBAEB1.d.2CE2107FA0521273481E554A567D14E8.e.2/value'
09:44:34.879 [Forwarding sendKeysToElement on session 55e16c10bbc20e21888fcaceb272b21e to remote] DEBUG org.asynchttpclient.netty.request.NettyRequestSender - Using open Channel [id: 0x2fe3f959, L:/127.0.0.1:60028 - R:localhost/127.0.0.1:22748] for POST '/session/55e16c10bbc20e21888fcaceb272b21e/element/f.37508EB247C16C84EF926B8BC5DBAEB1.d.2CE2107FA0521273481E554A567D14E8.e.2/value'
09:44:34.938 [AsyncHttpClient-1-2] DEBUG org.asynchttpclient.netty.handler.HttpHandler - 

Request DefaultHttpRequest(decodeResult: success, version: HTTP/1.1)
POST /session/55e16c10bbc20e21888fcaceb272b21e/element/f.37508EB247C16C84EF926B8BC5DBAEB1.d.2CE2107FA0521273481E554A567D14E8.e.2/value HTTP/1.1
User-Agent: selenium/4.13.0 (java unix)
Content-Length: 268
Content-Type: application/json; charset=utf-8
host: localhost:22748
accept: */*

Response DefaultHttpResponse(decodeResult: success, version: HTTP/1.1)
HTTP/1.1 200 OK
Content-Length: 14
Content-Type: application/json; charset=utf-8
cache-control: no-cache

09:44:34.938 [AsyncHttpClient-1-2] DEBUG org.asynchttpclient.netty.channel.ChannelManager - Adding key: http://localhost:22748 for channel [id: 0x2fe3f959, L:/127.0.0.1:60028 - R:localhost/127.0.0.1:22748]
09:44:34.940 [Forwarding findElement on session 55e16c10bbc20e21888fcaceb272b21e to remote] DEBUG org.asynchttpclient.netty.request.NettyRequestSender - Using pooled Channel '[id: 0x2fe3f959, L:/127.0.0.1:60028 - R:localhost/127.0.0.1:22748]' for 'POST' to 'http://localhost:22748/session/55e16c10bbc20e21888fcaceb272b21e/element'
09:44:34.940 [Forwarding findElement on session 55e16c10bbc20e21888fcaceb272b21e to remote] DEBUG org.asynchttpclient.netty.request.NettyRequestSender - Using open Channel [id: 0x2fe3f959, L:/127.0.0.1:60028 - R:localhost/127.0.0.1:22748] for POST '/session/55e16c10bbc20e21888fcaceb272b21e/element'
09:44:34.950 [AsyncHttpClient-1-2] DEBUG org.asynchttpclient.netty.handler.HttpHandler - 

Request DefaultHttpRequest(decodeResult: success, version: HTTP/1.1)
POST /session/55e16c10bbc20e21888fcaceb272b21e/element HTTP/1.1
User-Agent: selenium/4.13.0 (java unix)
Content-Length: 62
Content-Type: application/json; charset=utf-8
host: localhost:22748
accept: */*

Response DefaultHttpResponse(decodeResult: success, version: HTTP/1.1)
HTTP/1.1 200 OK
Content-Length: 125
Content-Type: application/json; charset=utf-8
cache-control: no-cache

09:44:34.950 [AsyncHttpClient-1-2] DEBUG org.asynchttpclient.netty.channel.ChannelManager - Adding key: http://localhost:22748 for channel [id: 0x2fe3f959, L:/127.0.0.1:60028 - R:localhost/127.0.0.1:22748]
09:44:34.951 [Forwarding sendKeysToElement on session 55e16c10bbc20e21888fcaceb272b21e to remote] DEBUG org.asynchttpclient.netty.request.NettyRequestSender - Using pooled Channel '[id: 0x2fe3f959, L:/127.0.0.1:60028 - R:localhost/127.0.0.1:22748]' for 'POST' to 'http://localhost:22748/session/55e16c10bbc20e21888fcaceb272b21e/element/f.37508EB247C16C84EF926B8BC5DBAEB1.d.2CE2107FA0521273481E554A567D14E8.e.4/value'
09:44:34.952 [Forwarding sendKeysToElement on session 55e16c10bbc20e21888fcaceb272b21e to remote] DEBUG org.asynchttpclient.netty.request.NettyRequestSender - Using open Channel [id: 0x2fe3f959, L:/127.0.0.1:60028 - R:localhost/127.0.0.1:22748] for POST '/session/55e16c10bbc20e21888fcaceb272b21e/element/f.37508EB247C16C84EF926B8BC5DBAEB1.d.2CE2107FA0521273481E554A567D14E8.e.4/value'
09:44:35.001 [AsyncHttpClient-1-2] DEBUG org.asynchttpclient.netty.handler.HttpHandler - 

Request DefaultHttpRequest(decodeResult: success, version: HTTP/1.1)
POST /session/55e16c10bbc20e21888fcaceb272b21e/element/f.37508EB247C16C84EF926B8BC5DBAEB1.d.2CE2107FA0521273481E554A567D14E8.e.4/value HTTP/1.1
User-Agent: selenium/4.13.0 (java unix)
Content-Length: 268
Content-Type: application/json; charset=utf-8
host: localhost:22748
accept: */*

Response DefaultHttpResponse(decodeResult: success, version: HTTP/1.1)
HTTP/1.1 200 OK
Content-Length: 14
Content-Type: application/json; charset=utf-8
cache-control: no-cache

09:44:35.001 [AsyncHttpClient-1-2] DEBUG org.asynchttpclient.netty.channel.ChannelManager - Adding key: http://localhost:22748 for channel [id: 0x2fe3f959, L:/127.0.0.1:60028 - R:localhost/127.0.0.1:22748]
09:44:35.002 [Forwarding findElement on session 55e16c10bbc20e21888fcaceb272b21e to remote] DEBUG org.asynchttpclient.netty.request.NettyRequestSender - Using pooled Channel '[id: 0x2fe3f959, L:/127.0.0.1:60028 - R:localhost/127.0.0.1:22748]' for 'POST' to 'http://localhost:22748/session/55e16c10bbc20e21888fcaceb272b21e/element'
09:44:35.003 [Forwarding findElement on session 55e16c10bbc20e21888fcaceb272b21e to remote] DEBUG org.asynchttpclient.netty.request.NettyRequestSender - Using open Channel [id: 0x2fe3f959, L:/127.0.0.1:60028 - R:localhost/127.0.0.1:22748] for POST '/session/55e16c10bbc20e21888fcaceb272b21e/element'
09:44:35.012 [AsyncHttpClient-1-2] DEBUG org.asynchttpclient.netty.handler.HttpHandler - 

Request DefaultHttpRequest(decodeResult: success, version: HTTP/1.1)
POST /session/55e16c10bbc20e21888fcaceb272b21e/element HTTP/1.1
User-Agent: selenium/4.13.0 (java unix)
Content-Length: 71
Content-Type: application/json; charset=utf-8
host: localhost:22748
accept: */*

Response DefaultHttpResponse(decodeResult: success, version: HTTP/1.1)
HTTP/1.1 200 OK
Content-Length: 126
Content-Type: application/json; charset=utf-8
cache-control: no-cache

09:44:35.012 [AsyncHttpClient-1-2] DEBUG org.asynchttpclient.netty.channel.ChannelManager - Adding key: http://localhost:22748 for channel [id: 0x2fe3f959, L:/127.0.0.1:60028 - R:localhost/127.0.0.1:22748]
09:44:35.017 [Forwarding clickElement on session 55e16c10bbc20e21888fcaceb272b21e to remote] DEBUG org.asynchttpclient.netty.request.NettyRequestSender - Using pooled Channel '[id: 0x2fe3f959, L:/127.0.0.1:60028 - R:localhost/127.0.0.1:22748]' for 'POST' to 'http://localhost:22748/session/55e16c10bbc20e21888fcaceb272b21e/element/f.37508EB247C16C84EF926B8BC5DBAEB1.d.2CE2107FA0521273481E554A567D14E8.e.19/click'
09:44:35.017 [Forwarding clickElement on session 55e16c10bbc20e21888fcaceb272b21e to remote] DEBUG org.asynchttpclient.netty.request.NettyRequestSender - Using open Channel [id: 0x2fe3f959, L:/127.0.0.1:60028 - R:localhost/127.0.0.1:22748] for POST '/session/55e16c10bbc20e21888fcaceb272b21e/element/f.37508EB247C16C84EF926B8BC5DBAEB1.d.2CE2107FA0521273481E554A567D14E8.e.19/click'
09:44:35.331 [AsyncHttpClient-1-2] DEBUG org.asynchttpclient.netty.handler.HttpHandler - 

Request DefaultHttpRequest(decodeResult: success, version: HTTP/1.1)
POST /session/55e16c10bbc20e21888fcaceb272b21e/element/f.37508EB247C16C84EF926B8BC5DBAEB1.d.2CE2107FA0521273481E554A567D14E8.e.19/click HTTP/1.1
User-Agent: selenium/4.13.0 (java unix)
Content-Length: 88
Content-Type: application/json; charset=utf-8
host: localhost:22748
accept: */*

Response DefaultHttpResponse(decodeResult: success, version: HTTP/1.1)
HTTP/1.1 200 OK
Content-Length: 14
Content-Type: application/json; charset=utf-8
cache-control: no-cache

09:44:35.332 [AsyncHttpClient-1-2] DEBUG org.asynchttpclient.netty.channel.ChannelManager - Adding key: http://localhost:22748 for channel [id: 0x2fe3f959, L:/127.0.0.1:60028 - R:localhost/127.0.0.1:22748]
09:44:35.333 [Forwarding findElement on session 55e16c10bbc20e21888fcaceb272b21e to remote] DEBUG org.asynchttpclient.netty.request.NettyRequestSender - Using pooled Channel '[id: 0x2fe3f959, L:/127.0.0.1:60028 - R:localhost/127.0.0.1:22748]' for 'POST' to 'http://localhost:22748/session/55e16c10bbc20e21888fcaceb272b21e/element'
09:44:35.333 [Forwarding findElement on session 55e16c10bbc20e21888fcaceb272b21e to remote] DEBUG org.asynchttpclient.netty.request.NettyRequestSender - Using open Channel [id: 0x2fe3f959, L:/127.0.0.1:60028 - R:localhost/127.0.0.1:22748] for POST '/session/55e16c10bbc20e21888fcaceb272b21e/element'
09:44:35.458 [AsyncHttpClient-1-2] DEBUG org.asynchttpclient.netty.handler.HttpHandler - 

Request DefaultHttpRequest(decodeResult: success, version: HTTP/1.1)
POST /session/55e16c10bbc20e21888fcaceb272b21e/element HTTP/1.1
User-Agent: selenium/4.13.0 (java unix)
Content-Length: 104
Content-Type: application/json; charset=utf-8
host: localhost:22748
accept: */*

Response DefaultHttpResponse(decodeResult: success, version: HTTP/1.1)
HTTP/1.1 200 OK
Content-Length: 126
Content-Type: application/json; charset=utf-8
cache-control: no-cache

09:44:35.458 [AsyncHttpClient-1-2] DEBUG org.asynchttpclient.netty.channel.ChannelManager - Adding key: http://localhost:22748 for channel [id: 0x2fe3f959, L:/127.0.0.1:60028 - R:localhost/127.0.0.1:22748]
09:44:35.466 [Forwarding isElementDisplayed on session 55e16c10bbc20e21888fcaceb272b21e to remote] DEBUG org.asynchttpclient.netty.request.NettyRequestSender - Using pooled Channel '[id: 0x2fe3f959, L:/127.0.0.1:60028 - R:localhost/127.0.0.1:22748]' for 'POST' to 'http://localhost:22748/session/55e16c10bbc20e21888fcaceb272b21e/execute/sync'
09:44:35.466 [Forwarding isElementDisplayed on session 55e16c10bbc20e21888fcaceb272b21e to remote] DEBUG org.asynchttpclient.netty.request.NettyRequestSender - Using open Channel [id: 0x2fe3f959, L:/127.0.0.1:60028 - R:localhost/127.0.0.1:22748] for POST '/session/55e16c10bbc20e21888fcaceb272b21e/execute/sync'
09:44:35.480 [AsyncHttpClient-1-2] DEBUG org.asynchttpclient.netty.handler.HttpHandler - 

Request DefaultHttpRequest(decodeResult: success, version: HTTP/1.1)
POST /session/55e16c10bbc20e21888fcaceb272b21e/execute/sync HTTP/1.1
User-Agent: selenium/4.13.0 (java unix)
Content-Length: 48845
Content-Type: application/json; charset=utf-8
host: localhost:22748
accept: */*

Response DefaultHttpResponse(decodeResult: success, version: HTTP/1.1)
HTTP/1.1 200 OK
Content-Length: 14
Content-Type: application/json; charset=utf-8
cache-control: no-cache

09:44:35.480 [AsyncHttpClient-1-2] DEBUG org.asynchttpclient.netty.channel.ChannelManager - Adding key: http://localhost:22748 for channel [id: 0x2fe3f959, L:/127.0.0.1:60028 - R:localhost/127.0.0.1:22748]
]]></system-out>
    <system-err><![CDATA[Jan 02, 2025 9:44:34 AM org.openqa.selenium.devtools.CdpVersionFinder findNearestMatch
WARNING: Unable to find CDP implementation matching 131
Jan 02, 2025 9:44:34 AM org.openqa.selenium.chromium.ChromiumDriver lambda$new$5
WARNING: Unable to find version of CDP to use for 131.0.6778.139. You may need to include a dependency on a specific version of the CDP using something similar to `org.seleniumhq.selenium:selenium-devtools-v86:4.13.0` where the version ("v86") matches the version of the chromium-based browser you're using and the version number of the artifact is the same as Selenium's.
]]></system-err>
  </testcase>
  <testcase name="testValidLogin" classname="tests.LoginTest" time="1.172">
    <system-out><![CDATA[09:44:35.527 [Forwarding get on session 55e16c10bbc20e21888fcaceb272b21e to remote] DEBUG org.asynchttpclient.netty.request.NettyRequestSender - Using pooled Channel '[id: 0x2fe3f959, L:/127.0.0.1:60028 - R:localhost/127.0.0.1:22748]' for 'POST' to 'http://localhost:22748/session/55e16c10bbc20e21888fcaceb272b21e/url'
09:44:35.527 [Forwarding get on session 55e16c10bbc20e21888fcaceb272b21e to remote] DEBUG org.asynchttpclient.netty.request.NettyRequestSender - Using open Channel [id: 0x2fe3f959, L:/127.0.0.1:60028 - R:localhost/127.0.0.1:22748] for POST '/session/55e16c10bbc20e21888fcaceb272b21e/url'
09:44:35.586 [AsyncHttpClient-1-1] DEBUG org.asynchttpclient.netty.channel.DefaultChannelPool - Entry count for : http://localhost:43047 : 1
09:44:35.668 [AsyncHttpClient-1-2] DEBUG org.asynchttpclient.netty.handler.HttpHandler - 

Request DefaultHttpRequest(decodeResult: success, version: HTTP/1.1)
POST /session/55e16c10bbc20e21888fcaceb272b21e/url HTTP/1.1
User-Agent: selenium/4.13.0 (java unix)
Content-Length: 111
Content-Type: application/json; charset=utf-8
host: localhost:22748
accept: */*

Response DefaultHttpResponse(decodeResult: success, version: HTTP/1.1)
HTTP/1.1 200 OK
Content-Length: 14
Content-Type: application/json; charset=utf-8
cache-control: no-cache

09:44:35.669 [AsyncHttpClient-1-2] DEBUG org.asynchttpclient.netty.channel.ChannelManager - Adding key: http://localhost:22748 for channel [id: 0x2fe3f959, L:/127.0.0.1:60028 - R:localhost/127.0.0.1:22748]
09:44:35.670 [Forwarding findElement on session 55e16c10bbc20e21888fcaceb272b21e to remote] DEBUG org.asynchttpclient.netty.request.NettyRequestSender - Using pooled Channel '[id: 0x2fe3f959, L:/127.0.0.1:60028 - R:localhost/127.0.0.1:22748]' for 'POST' to 'http://localhost:22748/session/55e16c10bbc20e21888fcaceb272b21e/element'
09:44:35.670 [Forwarding findElement on session 55e16c10bbc20e21888fcaceb272b21e to remote] DEBUG org.asynchttpclient.netty.request.NettyRequestSender - Using open Channel [id: 0x2fe3f959, L:/127.0.0.1:60028 - R:localhost/127.0.0.1:22748] for POST '/session/55e16c10bbc20e21888fcaceb272b21e/element'
09:44:35.790 [AsyncHttpClient-1-2] DEBUG org.asynchttpclient.netty.handler.HttpHandler - 

Request DefaultHttpRequest(decodeResult: success, version: HTTP/1.1)
POST /session/55e16c10bbc20e21888fcaceb272b21e/element HTTP/1.1
User-Agent: selenium/4.13.0 (java unix)
Content-Length: 62
Content-Type: application/json; charset=utf-8
host: localhost:22748
accept: */*

Response DefaultHttpResponse(decodeResult: success, version: HTTP/1.1)
HTTP/1.1 200 OK
Content-Length: 126
Content-Type: application/json; charset=utf-8
cache-control: no-cache

09:44:35.790 [AsyncHttpClient-1-2] DEBUG org.asynchttpclient.netty.channel.ChannelManager - Adding key: http://localhost:22748 for channel [id: 0x2fe3f959, L:/127.0.0.1:60028 - R:localhost/127.0.0.1:22748]
09:44:35.792 [Forwarding sendKeysToElement on session 55e16c10bbc20e21888fcaceb272b21e to remote] DEBUG org.asynchttpclient.netty.request.NettyRequestSender - Using pooled Channel '[id: 0x2fe3f959, L:/127.0.0.1:60028 - R:localhost/127.0.0.1:22748]' for 'POST' to 'http://localhost:22748/session/55e16c10bbc20e21888fcaceb272b21e/element/f.37508EB247C16C84EF926B8BC5DBAEB1.d.0E7F0693DB74BEDFF6758496422492DB.e.31/value'
09:44:35.792 [Forwarding sendKeysToElement on session 55e16c10bbc20e21888fcaceb272b21e to remote] DEBUG org.asynchttpclient.netty.request.NettyRequestSender - Using open Channel [id: 0x2fe3f959, L:/127.0.0.1:60028 - R:localhost/127.0.0.1:22748] for POST '/session/55e16c10bbc20e21888fcaceb272b21e/element/f.37508EB247C16C84EF926B8BC5DBAEB1.d.0E7F0693DB74BEDFF6758496422492DB.e.31/value'
09:44:35.815 [AsyncHttpClient-1-2] DEBUG org.asynchttpclient.netty.handler.HttpHandler - 

Request DefaultHttpRequest(decodeResult: success, version: HTTP/1.1)
POST /session/55e16c10bbc20e21888fcaceb272b21e/element/f.37508EB247C16C84EF926B8BC5DBAEB1.d.0E7F0693DB74BEDFF6758496422492DB.e.31/value HTTP/1.1
User-Agent: selenium/4.13.0 (java unix)
Content-Length: 169
Content-Type: application/json; charset=utf-8
host: localhost:22748
accept: */*

Response DefaultHttpResponse(decodeResult: success, version: HTTP/1.1)
HTTP/1.1 200 OK
Content-Length: 14
Content-Type: application/json; charset=utf-8
cache-control: no-cache

09:44:35.815 [AsyncHttpClient-1-2] DEBUG org.asynchttpclient.netty.channel.ChannelManager - Adding key: http://localhost:22748 for channel [id: 0x2fe3f959, L:/127.0.0.1:60028 - R:localhost/127.0.0.1:22748]
09:44:35.816 [Forwarding findElement on session 55e16c10bbc20e21888fcaceb272b21e to remote] DEBUG org.asynchttpclient.netty.request.NettyRequestSender - Using pooled Channel '[id: 0x2fe3f959, L:/127.0.0.1:60028 - R:localhost/127.0.0.1:22748]' for 'POST' to 'http://localhost:22748/session/55e16c10bbc20e21888fcaceb272b21e/element'
09:44:35.817 [Forwarding findElement on session 55e16c10bbc20e21888fcaceb272b21e to remote] DEBUG org.asynchttpclient.netty.request.NettyRequestSender - Using open Channel [id: 0x2fe3f959, L:/127.0.0.1:60028 - R:localhost/127.0.0.1:22748] for POST '/session/55e16c10bbc20e21888fcaceb272b21e/element'
09:44:35.822 [AsyncHttpClient-1-2] DEBUG org.asynchttpclient.netty.handler.HttpHandler - 

Request DefaultHttpRequest(decodeResult: success, version: HTTP/1.1)
POST /session/55e16c10bbc20e21888fcaceb272b21e/element HTTP/1.1
User-Agent: selenium/4.13.0 (java unix)
Content-Length: 62
Content-Type: application/json; charset=utf-8
host: localhost:22748
accept: */*

Response DefaultHttpResponse(decodeResult: success, version: HTTP/1.1)
HTTP/1.1 200 OK
Content-Length: 126
Content-Type: application/json; charset=utf-8
cache-control: no-cache

09:44:35.822 [AsyncHttpClient-1-2] DEBUG org.asynchttpclient.netty.channel.ChannelManager - Adding key: http://localhost:22748 for channel [id: 0x2fe3f959, L:/127.0.0.1:60028 - R:localhost/127.0.0.1:22748]
09:44:35.824 [Forwarding sendKeysToElement on session 55e16c10bbc20e21888fcaceb272b21e to remote] DEBUG org.asynchttpclient.netty.request.NettyRequestSender - Using pooled Channel '[id: 0x2fe3f959, L:/127.0.0.1:60028 - R:localhost/127.0.0.1:22748]' for 'POST' to 'http://localhost:22748/session/55e16c10bbc20e21888fcaceb272b21e/element/f.37508EB247C16C84EF926B8BC5DBAEB1.d.0E7F0693DB74BEDFF6758496422492DB.e.33/value'
09:44:35.824 [Forwarding sendKeysToElement on session 55e16c10bbc20e21888fcaceb272b21e to remote] DEBUG org.asynchttpclient.netty.request.NettyRequestSender - Using open Channel [id: 0x2fe3f959, L:/127.0.0.1:60028 - R:localhost/127.0.0.1:22748] for POST '/session/55e16c10bbc20e21888fcaceb272b21e/element/f.37508EB247C16C84EF926B8BC5DBAEB1.d.0E7F0693DB74BEDFF6758496422492DB.e.33/value'
09:44:35.862 [AsyncHttpClient-1-2] DEBUG org.asynchttpclient.netty.handler.HttpHandler - 

Request DefaultHttpRequest(decodeResult: success, version: HTTP/1.1)
POST /session/55e16c10bbc20e21888fcaceb272b21e/element/f.37508EB247C16C84EF926B8BC5DBAEB1.d.0E7F0693DB74BEDFF6758496422492DB.e.33/value HTTP/1.1
User-Agent: selenium/4.13.0 (java unix)
Content-Length: 199
Content-Type: application/json; charset=utf-8
host: localhost:22748
accept: */*

Response DefaultHttpResponse(decodeResult: success, version: HTTP/1.1)
HTTP/1.1 200 OK
Content-Length: 14
Content-Type: application/json; charset=utf-8
cache-control: no-cache

09:44:35.863 [AsyncHttpClient-1-2] DEBUG org.asynchttpclient.netty.channel.ChannelManager - Adding key: http://localhost:22748 for channel [id: 0x2fe3f959, L:/127.0.0.1:60028 - R:localhost/127.0.0.1:22748]
09:44:35.864 [Forwarding findElement on session 55e16c10bbc20e21888fcaceb272b21e to remote] DEBUG org.asynchttpclient.netty.request.NettyRequestSender - Using pooled Channel '[id: 0x2fe3f959, L:/127.0.0.1:60028 - R:localhost/127.0.0.1:22748]' for 'POST' to 'http://localhost:22748/session/55e16c10bbc20e21888fcaceb272b21e/element'
09:44:35.864 [Forwarding findElement on session 55e16c10bbc20e21888fcaceb272b21e to remote] DEBUG org.asynchttpclient.netty.request.NettyRequestSender - Using open Channel [id: 0x2fe3f959, L:/127.0.0.1:60028 - R:localhost/127.0.0.1:22748] for POST '/session/55e16c10bbc20e21888fcaceb272b21e/element'
09:44:35.870 [AsyncHttpClient-1-2] DEBUG org.asynchttpclient.netty.handler.HttpHandler - 

Request DefaultHttpRequest(decodeResult: success, version: HTTP/1.1)
POST /session/55e16c10bbc20e21888fcaceb272b21e/element HTTP/1.1
User-Agent: selenium/4.13.0 (java unix)
Content-Length: 71
Content-Type: application/json; charset=utf-8
host: localhost:22748
accept: */*

Response DefaultHttpResponse(decodeResult: success, version: HTTP/1.1)
HTTP/1.1 200 OK
Content-Length: 126
Content-Type: application/json; charset=utf-8
cache-control: no-cache

09:44:35.870 [AsyncHttpClient-1-2] DEBUG org.asynchttpclient.netty.channel.ChannelManager - Adding key: http://localhost:22748 for channel [id: 0x2fe3f959, L:/127.0.0.1:60028 - R:localhost/127.0.0.1:22748]
09:44:35.871 [Forwarding clickElement on session 55e16c10bbc20e21888fcaceb272b21e to remote] DEBUG org.asynchttpclient.netty.request.NettyRequestSender - Using pooled Channel '[id: 0x2fe3f959, L:/127.0.0.1:60028 - R:localhost/127.0.0.1:22748]' for 'POST' to 'http://localhost:22748/session/55e16c10bbc20e21888fcaceb272b21e/element/f.37508EB247C16C84EF926B8BC5DBAEB1.d.0E7F0693DB74BEDFF6758496422492DB.e.37/click'
09:44:35.871 [Forwarding clickElement on session 55e16c10bbc20e21888fcaceb272b21e to remote] DEBUG org.asynchttpclient.netty.request.NettyRequestSender - Using open Channel [id: 0x2fe3f959, L:/127.0.0.1:60028 - R:localhost/127.0.0.1:22748] for POST '/session/55e16c10bbc20e21888fcaceb272b21e/element/f.37508EB247C16C84EF926B8BC5DBAEB1.d.0E7F0693DB74BEDFF6758496422492DB.e.37/click'
09:44:36.479 [AsyncHttpClient-1-2] DEBUG org.asynchttpclient.netty.handler.HttpHandler - 

Request DefaultHttpRequest(decodeResult: success, version: HTTP/1.1)
POST /session/55e16c10bbc20e21888fcaceb272b21e/element/f.37508EB247C16C84EF926B8BC5DBAEB1.d.0E7F0693DB74BEDFF6758496422492DB.e.37/click HTTP/1.1
User-Agent: selenium/4.13.0 (java unix)
Content-Length: 88
Content-Type: application/json; charset=utf-8
host: localhost:22748
accept: */*

Response DefaultHttpResponse(decodeResult: success, version: HTTP/1.1)
HTTP/1.1 200 OK
Content-Length: 14
Content-Type: application/json; charset=utf-8
cache-control: no-cache

09:44:36.479 [AsyncHttpClient-1-2] DEBUG org.asynchttpclient.netty.channel.ChannelManager - Adding key: http://localhost:22748 for channel [id: 0x2fe3f959, L:/127.0.0.1:60028 - R:localhost/127.0.0.1:22748]
09:44:36.481 [Forwarding findElement on session 55e16c10bbc20e21888fcaceb272b21e to remote] DEBUG org.asynchttpclient.netty.request.NettyRequestSender - Using pooled Channel '[id: 0x2fe3f959, L:/127.0.0.1:60028 - R:localhost/127.0.0.1:22748]' for 'POST' to 'http://localhost:22748/session/55e16c10bbc20e21888fcaceb272b21e/element'
09:44:36.481 [Forwarding findElement on session 55e16c10bbc20e21888fcaceb272b21e to remote] DEBUG org.asynchttpclient.netty.request.NettyRequestSender - Using open Channel [id: 0x2fe3f959, L:/127.0.0.1:60028 - R:localhost/127.0.0.1:22748] for POST '/session/55e16c10bbc20e21888fcaceb272b21e/element'
09:44:36.642 [AsyncHttpClient-1-2] DEBUG org.asynchttpclient.netty.handler.HttpHandler - 

Request DefaultHttpRequest(decodeResult: success, version: HTTP/1.1)
POST /session/55e16c10bbc20e21888fcaceb272b21e/element HTTP/1.1
User-Agent: selenium/4.13.0 (java unix)
Content-Length: 79
Content-Type: application/json; charset=utf-8
host: localhost:22748
accept: */*

Response DefaultHttpResponse(decodeResult: success, version: HTTP/1.1)
HTTP/1.1 200 OK
Content-Length: 126
Content-Type: application/json; charset=utf-8
cache-control: no-cache

09:44:36.643 [AsyncHttpClient-1-2] DEBUG org.asynchttpclient.netty.channel.ChannelManager - Adding key: http://localhost:22748 for channel [id: 0x2fe3f959, L:/127.0.0.1:60028 - R:localhost/127.0.0.1:22748]
09:44:36.645 [Forwarding isElementDisplayed on session 55e16c10bbc20e21888fcaceb272b21e to remote] DEBUG org.asynchttpclient.netty.request.NettyRequestSender - Using pooled Channel '[id: 0x2fe3f959, L:/127.0.0.1:60028 - R:localhost/127.0.0.1:22748]' for 'POST' to 'http://localhost:22748/session/55e16c10bbc20e21888fcaceb272b21e/execute/sync'
09:44:36.646 [Forwarding isElementDisplayed on session 55e16c10bbc20e21888fcaceb272b21e to remote] DEBUG org.asynchttpclient.netty.request.NettyRequestSender - Using open Channel [id: 0x2fe3f959, L:/127.0.0.1:60028 - R:localhost/127.0.0.1:22748] for POST '/session/55e16c10bbc20e21888fcaceb272b21e/execute/sync'
09:44:36.657 [AsyncHttpClient-1-2] DEBUG org.asynchttpclient.netty.handler.HttpHandler - 

Request DefaultHttpRequest(decodeResult: success, version: HTTP/1.1)
POST /session/55e16c10bbc20e21888fcaceb272b21e/execute/sync HTTP/1.1
User-Agent: selenium/4.13.0 (java unix)
Content-Length: 48845
Content-Type: application/json; charset=utf-8
host: localhost:22748
accept: */*

Response DefaultHttpResponse(decodeResult: success, version: HTTP/1.1)
HTTP/1.1 200 OK
Content-Length: 14
Content-Type: application/json; charset=utf-8
cache-control: no-cache

09:44:36.658 [AsyncHttpClient-1-2] DEBUG org.asynchttpclient.netty.channel.ChannelManager - Adding key: http://localhost:22748 for channel [id: 0x2fe3f959, L:/127.0.0.1:60028 - R:localhost/127.0.0.1:22748]
09:44:36.659 [Forwarding findElement on session 55e16c10bbc20e21888fcaceb272b21e to remote] DEBUG org.asynchttpclient.netty.request.NettyRequestSender - Using pooled Channel '[id: 0x2fe3f959, L:/127.0.0.1:60028 - R:localhost/127.0.0.1:22748]' for 'POST' to 'http://localhost:22748/session/55e16c10bbc20e21888fcaceb272b21e/element'
09:44:36.659 [Forwarding findElement on session 55e16c10bbc20e21888fcaceb272b21e to remote] DEBUG org.asynchttpclient.netty.request.NettyRequestSender - Using open Channel [id: 0x2fe3f959, L:/127.0.0.1:60028 - R:localhost/127.0.0.1:22748] for POST '/session/55e16c10bbc20e21888fcaceb272b21e/element'
09:44:36.665 [AsyncHttpClient-1-2] DEBUG org.asynchttpclient.netty.handler.HttpHandler - 

Request DefaultHttpRequest(decodeResult: success, version: HTTP/1.1)
POST /session/55e16c10bbc20e21888fcaceb272b21e/element HTTP/1.1
User-Agent: selenium/4.13.0 (java unix)
Content-Length: 79
Content-Type: application/json; charset=utf-8
host: localhost:22748
accept: */*

Response DefaultHttpResponse(decodeResult: success, version: HTTP/1.1)
HTTP/1.1 200 OK
Content-Length: 126
Content-Type: application/json; charset=utf-8
cache-control: no-cache

09:44:36.666 [AsyncHttpClient-1-2] DEBUG org.asynchttpclient.netty.channel.ChannelManager - Adding key: http://localhost:22748 for channel [id: 0x2fe3f959, L:/127.0.0.1:60028 - R:localhost/127.0.0.1:22748]
09:44:36.667 [Forwarding getElementText on session 55e16c10bbc20e21888fcaceb272b21e to remote] DEBUG org.asynchttpclient.netty.request.NettyRequestSender - Using pooled Channel '[id: 0x2fe3f959, L:/127.0.0.1:60028 - R:localhost/127.0.0.1:22748]' for 'GET' to 'http://localhost:22748/session/55e16c10bbc20e21888fcaceb272b21e/element/f.37508EB247C16C84EF926B8BC5DBAEB1.d.98DABE3AE722E76A3966D99CAE5F5DCD.e.43/text'
09:44:36.667 [Forwarding getElementText on session 55e16c10bbc20e21888fcaceb272b21e to remote] DEBUG org.asynchttpclient.netty.request.NettyRequestSender - Using open Channel [id: 0x2fe3f959, L:/127.0.0.1:60028 - R:localhost/127.0.0.1:22748] for GET '/session/55e16c10bbc20e21888fcaceb272b21e/element/f.37508EB247C16C84EF926B8BC5DBAEB1.d.98DABE3AE722E76A3966D99CAE5F5DCD.e.43/text'
09:44:36.680 [AsyncHttpClient-1-2] DEBUG org.asynchttpclient.netty.handler.HttpHandler - 

Request DefaultFullHttpRequest(decodeResult: success, version: HTTP/1.1, content: EmptyByteBufBE)
GET /session/55e16c10bbc20e21888fcaceb272b21e/element/f.37508EB247C16C84EF926B8BC5DBAEB1.d.98DABE3AE722E76A3966D99CAE5F5DCD.e.43/text HTTP/1.1
Cache-Control: no-cache
User-Agent: selenium/4.13.0 (java unix)
Content-Type: application/json; charset=utf-8
host: localhost:22748
accept: */*

Response DefaultHttpResponse(decodeResult: success, version: HTTP/1.1)
HTTP/1.1 200 OK
Content-Length: 21
Content-Type: application/json; charset=utf-8
cache-control: no-cache

09:44:36.680 [AsyncHttpClient-1-2] DEBUG org.asynchttpclient.netty.channel.ChannelManager - Adding key: http://localhost:22748 for channel [id: 0x2fe3f959, L:/127.0.0.1:60028 - R:localhost/127.0.0.1:22748]
]]></system-out>
  </testcase>
  <testcase name="testAddEmployee" classname="tests.AddEmployeeTest" time="6.749">
    <system-out><![CDATA[09:44:36.687 [AsyncHttpClient-1-1] DEBUG org.asynchttpclient.netty.channel.DefaultChannelPool - Entry count for : http://localhost:22748 : 1
09:44:36.687 [AsyncHttpClient-1-1] DEBUG org.asynchttpclient.netty.channel.DefaultChannelPool - Entry count for : http://localhost:43047 : 1
09:44:36.688 [AsyncHttpClient-1-4] DEBUG org.asynchttpclient.netty.handler.WebSocketHandler - Channel Closed: [id: 0x1cca2756, L:/127.0.0.1:38356 ! R:localhost/127.0.0.1:43047] with attribute DISCARD
09:44:36.692 [Driver Command Executor] DEBUG org.asynchttpclient.netty.request.NettyRequestSender - Using pooled Channel '[id: 0x2fe3f959, L:/127.0.0.1:60028 - R:localhost/127.0.0.1:22748]' for 'DELETE' to 'http://localhost:22748/session/55e16c10bbc20e21888fcaceb272b21e'
09:44:36.692 [Driver Command Executor] DEBUG org.asynchttpclient.netty.request.NettyRequestSender - Using open Channel [id: 0x2fe3f959, L:/127.0.0.1:60028 - R:localhost/127.0.0.1:22748] for DELETE '/session/55e16c10bbc20e21888fcaceb272b21e'
09:44:36.705 [AsyncHttpClient-1-3] DEBUG org.asynchttpclient.netty.handler.HttpHandler - Channel Closed: [id: 0x81353049, L:/127.0.0.1:38354 ! R:localhost/127.0.0.1:43047] with attribute DISCARD
09:44:36.745 [AsyncHttpClient-1-2] DEBUG org.asynchttpclient.netty.handler.HttpHandler - 

Request DefaultFullHttpRequest(decodeResult: success, version: HTTP/1.1, content: EmptyByteBufBE)
DELETE /session/55e16c10bbc20e21888fcaceb272b21e HTTP/1.1
User-Agent: selenium/4.13.0 (java unix)
Content-Type: application/json; charset=utf-8
host: localhost:22748
accept: */*

Response DefaultHttpResponse(decodeResult: success, version: HTTP/1.1)
HTTP/1.1 200 OK
Content-Length: 14
Content-Type: application/json; charset=utf-8
cache-control: no-cache

09:44:36.745 [AsyncHttpClient-1-2] DEBUG org.asynchttpclient.netty.channel.ChannelManager - Adding key: http://localhost:22748 for channel [id: 0x2fe3f959, L:/127.0.0.1:60028 - R:localhost/127.0.0.1:22748]
09:44:36.759 [AsyncHttpClient-1-2] DEBUG org.asynchttpclient.netty.handler.HttpHandler - Channel Closed: [id: 0x2fe3f959, L:/127.0.0.1:60028 ! R:localhost/127.0.0.1:22748] with attribute DISCARD
09:44:37.185 [AsyncHttpClient-1-5] DEBUG org.asynchttpclient.netty.channel.NettyConnectListener - Using new Channel '[id: 0x86197b6c, L:/127.0.0.1:51392 - R:localhost/127.0.0.1:4712]' for 'POST' to '/session'
09:44:37.423 [AsyncHttpClient-1-5] DEBUG org.asynchttpclient.netty.handler.HttpHandler - 

Request DefaultHttpRequest(decodeResult: success, version: HTTP/1.1)
POST /session HTTP/1.1
User-Agent: selenium/4.13.0 (java unix)
Content-Length: 424
Content-Type: application/json; charset=utf-8
host: localhost:4712
accept: */*

Response DefaultHttpResponse(decodeResult: success, version: HTTP/1.1)
HTTP/1.1 200 OK
Content-Length: 850
Content-Type: application/json; charset=utf-8
cache-control: no-cache

09:44:37.423 [AsyncHttpClient-1-5] DEBUG org.asynchttpclient.netty.channel.ChannelManager - Adding key: http://localhost:4712 for channel [id: 0x86197b6c, L:/127.0.0.1:51392 - R:localhost/127.0.0.1:4712]
09:44:37.431 [AsyncHttpClient-1-6] DEBUG org.asynchttpclient.netty.channel.NettyConnectListener - Using new Channel '[id: 0xdb72f4dd, L:/127.0.0.1:38282 - R:localhost/127.0.0.1:43629]' for 'GET' to '/json/version'
09:44:37.433 [AsyncHttpClient-1-6] DEBUG org.asynchttpclient.netty.handler.HttpHandler - 

Request DefaultFullHttpRequest(decodeResult: success, version: HTTP/1.1, content: EmptyByteBufBE)
GET /json/version HTTP/1.1
User-Agent: selenium/4.13.0 (java unix)
host: localhost:43629
accept: */*

Response DefaultHttpResponse(decodeResult: success, version: HTTP/1.1)
HTTP/1.1 200 OK
Content-Security-Policy: frame-ancestors 'none'
Content-Length: 414
Content-Type: application/json; charset=UTF-8

09:44:37.434 [AsyncHttpClient-1-6] DEBUG org.asynchttpclient.netty.channel.ChannelManager - Adding key: http://localhost:43629 for channel [id: 0xdb72f4dd, L:/127.0.0.1:38282 - R:localhost/127.0.0.1:43629]
09:44:37.436 [AsyncHttpClient-1-7] DEBUG org.asynchttpclient.netty.channel.NettyConnectListener - Using new Channel '[id: 0x22a9cb22, L:/127.0.0.1:38288 - R:localhost/127.0.0.1:43629]' for 'GET' to '/devtools/browser/6871b2c6-aab1-43bc-9c1a-fdba0f2aa75d'
09:44:37.441 [AsyncHttpClient-1-7] DEBUG org.asynchttpclient.netty.handler.WebSocketHandler - 

Request DefaultFullHttpRequest(decodeResult: success, version: HTTP/1.1, content: EmptyByteBufBE)
GET /devtools/browser/6871b2c6-aab1-43bc-9c1a-fdba0f2aa75d HTTP/1.1
upgrade: websocket
connection: upgrade
sec-websocket-key: yCgFfDPMF2n6w88E0qgiQA==
sec-websocket-version: 13
origin: http://localhost:43629
host: localhost:43629
accept: */*
user-agent: AHC/2.1

Response DefaultHttpResponse(decodeResult: success, version: HTTP/1.1)
HTTP/1.1 101 WebSocket Protocol Handshake
Upgrade: WebSocket
Connection: Upgrade
Sec-WebSocket-Accept: BrRBf+hUgdVmjrZwihpCsy3GrTA=

09:44:37.446 [Forwarding setTimeout on session b163fab8364b69c14661081e6029142c to remote] DEBUG org.asynchttpclient.netty.request.NettyRequestSender - Using pooled Channel '[id: 0x86197b6c, L:/127.0.0.1:51392 - R:localhost/127.0.0.1:4712]' for 'POST' to 'http://localhost:4712/session/b163fab8364b69c14661081e6029142c/timeouts'
09:44:37.446 [Forwarding setTimeout on session b163fab8364b69c14661081e6029142c to remote] DEBUG org.asynchttpclient.netty.request.NettyRequestSender - Using open Channel [id: 0x86197b6c, L:/127.0.0.1:51392 - R:localhost/127.0.0.1:4712] for POST '/session/b163fab8364b69c14661081e6029142c/timeouts'
09:44:37.447 [AsyncHttpClient-1-5] DEBUG org.asynchttpclient.netty.handler.HttpHandler - 

Request DefaultHttpRequest(decodeResult: success, version: HTTP/1.1)
POST /session/b163fab8364b69c14661081e6029142c/timeouts HTTP/1.1
User-Agent: selenium/4.13.0 (java unix)
Content-Length: 23
Content-Type: application/json; charset=utf-8
host: localhost:4712
accept: */*

Response DefaultHttpResponse(decodeResult: success, version: HTTP/1.1)
HTTP/1.1 200 OK
Content-Length: 14
Content-Type: application/json; charset=utf-8
cache-control: no-cache

09:44:37.448 [AsyncHttpClient-1-5] DEBUG org.asynchttpclient.netty.channel.ChannelManager - Adding key: http://localhost:4712 for channel [id: 0x86197b6c, L:/127.0.0.1:51392 - R:localhost/127.0.0.1:4712]
09:44:37.455 [Forwarding get on session b163fab8364b69c14661081e6029142c to remote] DEBUG org.asynchttpclient.netty.request.NettyRequestSender - Using pooled Channel '[id: 0x86197b6c, L:/127.0.0.1:51392 - R:localhost/127.0.0.1:4712]' for 'POST' to 'http://localhost:4712/session/b163fab8364b69c14661081e6029142c/url'
09:44:37.455 [Forwarding get on session b163fab8364b69c14661081e6029142c to remote] DEBUG org.asynchttpclient.netty.request.NettyRequestSender - Using open Channel [id: 0x86197b6c, L:/127.0.0.1:51392 - R:localhost/127.0.0.1:4712] for POST '/session/b163fab8364b69c14661081e6029142c/url'
09:44:37.785 [AsyncHttpClient-1-1] DEBUG org.asynchttpclient.netty.channel.DefaultChannelPool - Entry count for : http://localhost:22748 : 1
09:44:37.785 [AsyncHttpClient-1-1] DEBUG org.asynchttpclient.netty.channel.DefaultChannelPool - Entry count for : http://localhost:43629 : 1
09:44:37.785 [AsyncHttpClient-1-1] DEBUG org.asynchttpclient.netty.channel.DefaultChannelPool - Entry count for : http://localhost:43047 : 1
09:44:37.785 [AsyncHttpClient-1-1] DEBUG org.asynchttpclient.netty.channel.DefaultChannelPool - Adding Candidate expired Channel [id: 0x2fe3f959, L:/127.0.0.1:60028 ! R:localhost/127.0.0.1:22748] isIdleTimeoutExpired=false isRemotelyClosed=true isTtlExpired=false
09:44:37.786 [AsyncHttpClient-1-1] DEBUG org.asynchttpclient.netty.channel.DefaultChannelPool - Closing Idle Channel [id: 0x2fe3f959, L:/127.0.0.1:60028 ! R:localhost/127.0.0.1:22748]
09:44:37.786 [AsyncHttpClient-1-1] DEBUG org.asynchttpclient.netty.channel.DefaultChannelPool - Adding Candidate expired Channel [id: 0x81353049, L:/127.0.0.1:38354 ! R:localhost/127.0.0.1:43047] isIdleTimeoutExpired=false isRemotelyClosed=true isTtlExpired=false
09:44:37.787 [AsyncHttpClient-1-1] DEBUG org.asynchttpclient.netty.channel.DefaultChannelPool - Closing Idle Channel [id: 0x81353049, L:/127.0.0.1:38354 ! R:localhost/127.0.0.1:43047]
09:44:37.787 [AsyncHttpClient-1-1] DEBUG org.asynchttpclient.netty.channel.DefaultChannelPool - Closed 2 connections out of 3 in 2 ms
09:44:38.008 [AsyncHttpClient-1-5] DEBUG org.asynchttpclient.netty.handler.HttpHandler - 

Request DefaultHttpRequest(decodeResult: success, version: HTTP/1.1)
POST /session/b163fab8364b69c14661081e6029142c/url HTTP/1.1
User-Agent: selenium/4.13.0 (java unix)
Content-Length: 111
Content-Type: application/json; charset=utf-8
host: localhost:4712
accept: */*

Response DefaultHttpResponse(decodeResult: success, version: HTTP/1.1)
HTTP/1.1 200 OK
Content-Length: 14
Content-Type: application/json; charset=utf-8
cache-control: no-cache

09:44:38.008 [AsyncHttpClient-1-5] DEBUG org.asynchttpclient.netty.channel.ChannelManager - Adding key: http://localhost:4712 for channel [id: 0x86197b6c, L:/127.0.0.1:51392 - R:localhost/127.0.0.1:4712]
09:44:38.010 [Forwarding findElement on session b163fab8364b69c14661081e6029142c to remote] DEBUG org.asynchttpclient.netty.request.NettyRequestSender - Using pooled Channel '[id: 0x86197b6c, L:/127.0.0.1:51392 - R:localhost/127.0.0.1:4712]' for 'POST' to 'http://localhost:4712/session/b163fab8364b69c14661081e6029142c/element'
09:44:38.010 [Forwarding findElement on session b163fab8364b69c14661081e6029142c to remote] DEBUG org.asynchttpclient.netty.request.NettyRequestSender - Using open Channel [id: 0x86197b6c, L:/127.0.0.1:51392 - R:localhost/127.0.0.1:4712] for POST '/session/b163fab8364b69c14661081e6029142c/element'
09:44:38.182 [AsyncHttpClient-1-5] DEBUG org.asynchttpclient.netty.handler.HttpHandler - 

Request DefaultHttpRequest(decodeResult: success, version: HTTP/1.1)
POST /session/b163fab8364b69c14661081e6029142c/element HTTP/1.1
User-Agent: selenium/4.13.0 (java unix)
Content-Length: 62
Content-Type: application/json; charset=utf-8
host: localhost:4712
accept: */*

Response DefaultHttpResponse(decodeResult: success, version: HTTP/1.1)
HTTP/1.1 200 OK
Content-Length: 125
Content-Type: application/json; charset=utf-8
cache-control: no-cache

09:44:38.182 [AsyncHttpClient-1-5] DEBUG org.asynchttpclient.netty.channel.ChannelManager - Adding key: http://localhost:4712 for channel [id: 0x86197b6c, L:/127.0.0.1:51392 - R:localhost/127.0.0.1:4712]
09:44:38.184 [Forwarding sendKeysToElement on session b163fab8364b69c14661081e6029142c to remote] DEBUG org.asynchttpclient.netty.request.NettyRequestSender - Using pooled Channel '[id: 0x86197b6c, L:/127.0.0.1:51392 - R:localhost/127.0.0.1:4712]' for 'POST' to 'http://localhost:4712/session/b163fab8364b69c14661081e6029142c/element/f.6917F8AA9F4388D088B526F2ED8A3C48.d.D640261AB829F041D01FC56D86F185FF.e.2/value'
09:44:38.184 [Forwarding sendKeysToElement on session b163fab8364b69c14661081e6029142c to remote] DEBUG org.asynchttpclient.netty.request.NettyRequestSender - Using open Channel [id: 0x86197b6c, L:/127.0.0.1:51392 - R:localhost/127.0.0.1:4712] for POST '/session/b163fab8364b69c14661081e6029142c/element/f.6917F8AA9F4388D088B526F2ED8A3C48.d.D640261AB829F041D01FC56D86F185FF.e.2/value'
09:44:38.237 [AsyncHttpClient-1-5] DEBUG org.asynchttpclient.netty.handler.HttpHandler - 

Request DefaultHttpRequest(decodeResult: success, version: HTTP/1.1)
POST /session/b163fab8364b69c14661081e6029142c/element/f.6917F8AA9F4388D088B526F2ED8A3C48.d.D640261AB829F041D01FC56D86F185FF.e.2/value HTTP/1.1
User-Agent: selenium/4.13.0 (java unix)
Content-Length: 168
Content-Type: application/json; charset=utf-8
host: localhost:4712
accept: */*

Response DefaultHttpResponse(decodeResult: success, version: HTTP/1.1)
HTTP/1.1 200 OK
Content-Length: 14
Content-Type: application/json; charset=utf-8
cache-control: no-cache

09:44:38.238 [AsyncHttpClient-1-5] DEBUG org.asynchttpclient.netty.channel.ChannelManager - Adding key: http://localhost:4712 for channel [id: 0x86197b6c, L:/127.0.0.1:51392 - R:localhost/127.0.0.1:4712]
09:44:38.239 [Forwarding findElement on session b163fab8364b69c14661081e6029142c to remote] DEBUG org.asynchttpclient.netty.request.NettyRequestSender - Using pooled Channel '[id: 0x86197b6c, L:/127.0.0.1:51392 - R:localhost/127.0.0.1:4712]' for 'POST' to 'http://localhost:4712/session/b163fab8364b69c14661081e6029142c/element'
09:44:38.239 [Forwarding findElement on session b163fab8364b69c14661081e6029142c to remote] DEBUG org.asynchttpclient.netty.request.NettyRequestSender - Using open Channel [id: 0x86197b6c, L:/127.0.0.1:51392 - R:localhost/127.0.0.1:4712] for POST '/session/b163fab8364b69c14661081e6029142c/element'
09:44:38.255 [AsyncHttpClient-1-5] DEBUG org.asynchttpclient.netty.handler.HttpHandler - 

Request DefaultHttpRequest(decodeResult: success, version: HTTP/1.1)
POST /session/b163fab8364b69c14661081e6029142c/element HTTP/1.1
User-Agent: selenium/4.13.0 (java unix)
Content-Length: 62
Content-Type: application/json; charset=utf-8
host: localhost:4712
accept: */*

Response DefaultHttpResponse(decodeResult: success, version: HTTP/1.1)
HTTP/1.1 200 OK
Content-Length: 125
Content-Type: application/json; charset=utf-8
cache-control: no-cache

09:44:38.255 [AsyncHttpClient-1-5] DEBUG org.asynchttpclient.netty.channel.ChannelManager - Adding key: http://localhost:4712 for channel [id: 0x86197b6c, L:/127.0.0.1:51392 - R:localhost/127.0.0.1:4712]
09:44:38.257 [Forwarding sendKeysToElement on session b163fab8364b69c14661081e6029142c to remote] DEBUG org.asynchttpclient.netty.request.NettyRequestSender - Using pooled Channel '[id: 0x86197b6c, L:/127.0.0.1:51392 - R:localhost/127.0.0.1:4712]' for 'POST' to 'http://localhost:4712/session/b163fab8364b69c14661081e6029142c/element/f.6917F8AA9F4388D088B526F2ED8A3C48.d.D640261AB829F041D01FC56D86F185FF.e.4/value'
09:44:38.257 [Forwarding sendKeysToElement on session b163fab8364b69c14661081e6029142c to remote] DEBUG org.asynchttpclient.netty.request.NettyRequestSender - Using open Channel [id: 0x86197b6c, L:/127.0.0.1:51392 - R:localhost/127.0.0.1:4712] for POST '/session/b163fab8364b69c14661081e6029142c/element/f.6917F8AA9F4388D088B526F2ED8A3C48.d.D640261AB829F041D01FC56D86F185FF.e.4/value'
09:44:38.301 [AsyncHttpClient-1-5] DEBUG org.asynchttpclient.netty.handler.HttpHandler - 

Request DefaultHttpRequest(decodeResult: success, version: HTTP/1.1)
POST /session/b163fab8364b69c14661081e6029142c/element/f.6917F8AA9F4388D088B526F2ED8A3C48.d.D640261AB829F041D01FC56D86F185FF.e.4/value HTTP/1.1
User-Agent: selenium/4.13.0 (java unix)
Content-Length: 198
Content-Type: application/json; charset=utf-8
host: localhost:4712
accept: */*

Response DefaultHttpResponse(decodeResult: success, version: HTTP/1.1)
HTTP/1.1 200 OK
Content-Length: 14
Content-Type: application/json; charset=utf-8
cache-control: no-cache

09:44:38.301 [AsyncHttpClient-1-5] DEBUG org.asynchttpclient.netty.channel.ChannelManager - Adding key: http://localhost:4712 for channel [id: 0x86197b6c, L:/127.0.0.1:51392 - R:localhost/127.0.0.1:4712]
09:44:38.302 [Forwarding findElement on session b163fab8364b69c14661081e6029142c to remote] DEBUG org.asynchttpclient.netty.request.NettyRequestSender - Using pooled Channel '[id: 0x86197b6c, L:/127.0.0.1:51392 - R:localhost/127.0.0.1:4712]' for 'POST' to 'http://localhost:4712/session/b163fab8364b69c14661081e6029142c/element'
09:44:38.302 [Forwarding findElement on session b163fab8364b69c14661081e6029142c to remote] DEBUG org.asynchttpclient.netty.request.NettyRequestSender - Using open Channel [id: 0x86197b6c, L:/127.0.0.1:51392 - R:localhost/127.0.0.1:4712] for POST '/session/b163fab8364b69c14661081e6029142c/element'
09:44:38.311 [AsyncHttpClient-1-5] DEBUG org.asynchttpclient.netty.handler.HttpHandler - 

Request DefaultHttpRequest(decodeResult: success, version: HTTP/1.1)
POST /session/b163fab8364b69c14661081e6029142c/element HTTP/1.1
User-Agent: selenium/4.13.0 (java unix)
Content-Length: 71
Content-Type: application/json; charset=utf-8
host: localhost:4712
accept: */*

Response DefaultHttpResponse(decodeResult: success, version: HTTP/1.1)
HTTP/1.1 200 OK
Content-Length: 126
Content-Type: application/json; charset=utf-8
cache-control: no-cache

09:44:38.311 [AsyncHttpClient-1-5] DEBUG org.asynchttpclient.netty.channel.ChannelManager - Adding key: http://localhost:4712 for channel [id: 0x86197b6c, L:/127.0.0.1:51392 - R:localhost/127.0.0.1:4712]
09:44:38.312 [Forwarding clickElement on session b163fab8364b69c14661081e6029142c to remote] DEBUG org.asynchttpclient.netty.request.NettyRequestSender - Using pooled Channel '[id: 0x86197b6c, L:/127.0.0.1:51392 - R:localhost/127.0.0.1:4712]' for 'POST' to 'http://localhost:4712/session/b163fab8364b69c14661081e6029142c/element/f.6917F8AA9F4388D088B526F2ED8A3C48.d.D640261AB829F041D01FC56D86F185FF.e.21/click'
09:44:38.312 [Forwarding clickElement on session b163fab8364b69c14661081e6029142c to remote] DEBUG org.asynchttpclient.netty.request.NettyRequestSender - Using open Channel [id: 0x86197b6c, L:/127.0.0.1:51392 - R:localhost/127.0.0.1:4712] for POST '/session/b163fab8364b69c14661081e6029142c/element/f.6917F8AA9F4388D088B526F2ED8A3C48.d.D640261AB829F041D01FC56D86F185FF.e.21/click'
09:44:38.885 [AsyncHttpClient-1-1] DEBUG org.asynchttpclient.netty.channel.DefaultChannelPool - Entry count for : http://localhost:43629 : 1
09:44:38.957 [AsyncHttpClient-1-5] DEBUG org.asynchttpclient.netty.handler.HttpHandler - 

Request DefaultHttpRequest(decodeResult: success, version: HTTP/1.1)
POST /session/b163fab8364b69c14661081e6029142c/element/f.6917F8AA9F4388D088B526F2ED8A3C48.d.D640261AB829F041D01FC56D86F185FF.e.21/click HTTP/1.1
User-Agent: selenium/4.13.0 (java unix)
Content-Length: 88
Content-Type: application/json; charset=utf-8
host: localhost:4712
accept: */*

Response DefaultHttpResponse(decodeResult: success, version: HTTP/1.1)
HTTP/1.1 200 OK
Content-Length: 14
Content-Type: application/json; charset=utf-8
cache-control: no-cache

09:44:38.957 [AsyncHttpClient-1-5] DEBUG org.asynchttpclient.netty.channel.ChannelManager - Adding key: http://localhost:4712 for channel [id: 0x86197b6c, L:/127.0.0.1:51392 - R:localhost/127.0.0.1:4712]
09:44:38.958 [Forwarding findElement on session b163fab8364b69c14661081e6029142c to remote] DEBUG org.asynchttpclient.netty.request.NettyRequestSender - Using pooled Channel '[id: 0x86197b6c, L:/127.0.0.1:51392 - R:localhost/127.0.0.1:4712]' for 'POST' to 'http://localhost:4712/session/b163fab8364b69c14661081e6029142c/element'
09:44:38.958 [Forwarding findElement on session b163fab8364b69c14661081e6029142c to remote] DEBUG org.asynchttpclient.netty.request.NettyRequestSender - Using open Channel [id: 0x86197b6c, L:/127.0.0.1:51392 - R:localhost/127.0.0.1:4712] for POST '/session/b163fab8364b69c14661081e6029142c/element'
09:44:39.113 [AsyncHttpClient-1-5] DEBUG org.asynchttpclient.netty.handler.HttpHandler - 

Request DefaultHttpRequest(decodeResult: success, version: HTTP/1.1)
POST /session/b163fab8364b69c14661081e6029142c/element HTTP/1.1
User-Agent: selenium/4.13.0 (java unix)
Content-Length: 67
Content-Type: application/json; charset=utf-8
host: localhost:4712
accept: */*

Response DefaultHttpResponse(decodeResult: success, version: HTTP/1.1)
HTTP/1.1 200 OK
Content-Length: 126
Content-Type: application/json; charset=utf-8
cache-control: no-cache

09:44:39.113 [AsyncHttpClient-1-5] DEBUG org.asynchttpclient.netty.channel.ChannelManager - Adding key: http://localhost:4712 for channel [id: 0x86197b6c, L:/127.0.0.1:51392 - R:localhost/127.0.0.1:4712]
09:44:39.115 [Forwarding clickElement on session b163fab8364b69c14661081e6029142c to remote] DEBUG org.asynchttpclient.netty.request.NettyRequestSender - Using pooled Channel '[id: 0x86197b6c, L:/127.0.0.1:51392 - R:localhost/127.0.0.1:4712]' for 'POST' to 'http://localhost:4712/session/b163fab8364b69c14661081e6029142c/element/f.6917F8AA9F4388D088B526F2ED8A3C48.d.4E1BFC8599E8BF2FE56F4AB4C49BC1AA.e.24/click'
09:44:39.115 [Forwarding clickElement on session b163fab8364b69c14661081e6029142c to remote] DEBUG org.asynchttpclient.netty.request.NettyRequestSender - Using open Channel [id: 0x86197b6c, L:/127.0.0.1:51392 - R:localhost/127.0.0.1:4712] for POST '/session/b163fab8364b69c14661081e6029142c/element/f.6917F8AA9F4388D088B526F2ED8A3C48.d.4E1BFC8599E8BF2FE56F4AB4C49BC1AA.e.24/click'
09:44:39.641 [AsyncHttpClient-1-5] DEBUG org.asynchttpclient.netty.handler.HttpHandler - 

Request DefaultHttpRequest(decodeResult: success, version: HTTP/1.1)
POST /session/b163fab8364b69c14661081e6029142c/element/f.6917F8AA9F4388D088B526F2ED8A3C48.d.4E1BFC8599E8BF2FE56F4AB4C49BC1AA.e.24/click HTTP/1.1
User-Agent: selenium/4.13.0 (java unix)
Content-Length: 88
Content-Type: application/json; charset=utf-8
host: localhost:4712
accept: */*

Response DefaultHttpResponse(decodeResult: success, version: HTTP/1.1)
HTTP/1.1 200 OK
Content-Length: 14
Content-Type: application/json; charset=utf-8
cache-control: no-cache

09:44:39.641 [AsyncHttpClient-1-5] DEBUG org.asynchttpclient.netty.channel.ChannelManager - Adding key: http://localhost:4712 for channel [id: 0x86197b6c, L:/127.0.0.1:51392 - R:localhost/127.0.0.1:4712]
09:44:39.643 [Forwarding findElement on session b163fab8364b69c14661081e6029142c to remote] DEBUG org.asynchttpclient.netty.request.NettyRequestSender - Using pooled Channel '[id: 0x86197b6c, L:/127.0.0.1:51392 - R:localhost/127.0.0.1:4712]' for 'POST' to 'http://localhost:4712/session/b163fab8364b69c14661081e6029142c/element'
09:44:39.643 [Forwarding findElement on session b163fab8364b69c14661081e6029142c to remote] DEBUG org.asynchttpclient.netty.request.NettyRequestSender - Using open Channel [id: 0x86197b6c, L:/127.0.0.1:51392 - R:localhost/127.0.0.1:4712] for POST '/session/b163fab8364b69c14661081e6029142c/element'
09:44:39.807 [AsyncHttpClient-1-5] DEBUG org.asynchttpclient.netty.handler.HttpHandler - 

Request DefaultHttpRequest(decodeResult: success, version: HTTP/1.1)
POST /session/b163fab8364b69c14661081e6029142c/element HTTP/1.1
User-Agent: selenium/4.13.0 (java unix)
Content-Length: 93
Content-Type: application/json; charset=utf-8
host: localhost:4712
accept: */*

Response DefaultHttpResponse(decodeResult: success, version: HTTP/1.1)
HTTP/1.1 200 OK
Content-Length: 126
Content-Type: application/json; charset=utf-8
cache-control: no-cache

09:44:39.808 [AsyncHttpClient-1-5] DEBUG org.asynchttpclient.netty.channel.ChannelManager - Adding key: http://localhost:4712 for channel [id: 0x86197b6c, L:/127.0.0.1:51392 - R:localhost/127.0.0.1:4712]
09:44:39.810 [Forwarding isElementDisplayed on session b163fab8364b69c14661081e6029142c to remote] DEBUG org.asynchttpclient.netty.request.NettyRequestSender - Using pooled Channel '[id: 0x86197b6c, L:/127.0.0.1:51392 - R:localhost/127.0.0.1:4712]' for 'POST' to 'http://localhost:4712/session/b163fab8364b69c14661081e6029142c/execute/sync'
09:44:39.811 [Forwarding isElementDisplayed on session b163fab8364b69c14661081e6029142c to remote] DEBUG org.asynchttpclient.netty.request.NettyRequestSender - Using open Channel [id: 0x86197b6c, L:/127.0.0.1:51392 - R:localhost/127.0.0.1:4712] for POST '/session/b163fab8364b69c14661081e6029142c/execute/sync'
09:44:39.847 [AsyncHttpClient-1-5] DEBUG org.asynchttpclient.netty.handler.HttpHandler - 

Request DefaultHttpRequest(decodeResult: success, version: HTTP/1.1)
POST /session/b163fab8364b69c14661081e6029142c/execute/sync HTTP/1.1
User-Agent: selenium/4.13.0 (java unix)
Content-Length: 48845
Content-Type: application/json; charset=utf-8
host: localhost:4712
accept: */*

Response DefaultHttpResponse(decodeResult: success, version: HTTP/1.1)
HTTP/1.1 200 OK
Content-Length: 14
Content-Type: application/json; charset=utf-8
cache-control: no-cache

09:44:39.848 [AsyncHttpClient-1-5] DEBUG org.asynchttpclient.netty.channel.ChannelManager - Adding key: http://localhost:4712 for channel [id: 0x86197b6c, L:/127.0.0.1:51392 - R:localhost/127.0.0.1:4712]
09:44:39.849 [Forwarding findElement on session b163fab8364b69c14661081e6029142c to remote] DEBUG org.asynchttpclient.netty.request.NettyRequestSender - Using pooled Channel '[id: 0x86197b6c, L:/127.0.0.1:51392 - R:localhost/127.0.0.1:4712]' for 'POST' to 'http://localhost:4712/session/b163fab8364b69c14661081e6029142c/element'
09:44:39.849 [Forwarding findElement on session b163fab8364b69c14661081e6029142c to remote] DEBUG org.asynchttpclient.netty.request.NettyRequestSender - Using open Channel [id: 0x86197b6c, L:/127.0.0.1:51392 - R:localhost/127.0.0.1:4712] for POST '/session/b163fab8364b69c14661081e6029142c/element'
09:44:39.862 [AsyncHttpClient-1-5] DEBUG org.asynchttpclient.netty.handler.HttpHandler - 

Request DefaultHttpRequest(decodeResult: success, version: HTTP/1.1)
POST /session/b163fab8364b69c14661081e6029142c/element HTTP/1.1
User-Agent: selenium/4.13.0 (java unix)
Content-Length: 82
Content-Type: application/json; charset=utf-8
host: localhost:4712
accept: */*

Response DefaultHttpResponse(decodeResult: success, version: HTTP/1.1)
HTTP/1.1 200 OK
Content-Length: 126
Content-Type: application/json; charset=utf-8
cache-control: no-cache

09:44:39.862 [AsyncHttpClient-1-5] DEBUG org.asynchttpclient.netty.channel.ChannelManager - Adding key: http://localhost:4712 for channel [id: 0x86197b6c, L:/127.0.0.1:51392 - R:localhost/127.0.0.1:4712]
09:44:39.864 [Forwarding isElementDisplayed on session b163fab8364b69c14661081e6029142c to remote] DEBUG org.asynchttpclient.netty.request.NettyRequestSender - Using pooled Channel '[id: 0x86197b6c, L:/127.0.0.1:51392 - R:localhost/127.0.0.1:4712]' for 'POST' to 'http://localhost:4712/session/b163fab8364b69c14661081e6029142c/execute/sync'
09:44:39.864 [Forwarding isElementDisplayed on session b163fab8364b69c14661081e6029142c to remote] DEBUG org.asynchttpclient.netty.request.NettyRequestSender - Using open Channel [id: 0x86197b6c, L:/127.0.0.1:51392 - R:localhost/127.0.0.1:4712] for POST '/session/b163fab8364b69c14661081e6029142c/execute/sync'
09:44:39.876 [AsyncHttpClient-1-5] DEBUG org.asynchttpclient.netty.handler.HttpHandler - 

Request DefaultHttpRequest(decodeResult: success, version: HTTP/1.1)
POST /session/b163fab8364b69c14661081e6029142c/execute/sync HTTP/1.1
User-Agent: selenium/4.13.0 (java unix)
Content-Length: 48845
Content-Type: application/json; charset=utf-8
host: localhost:4712
accept: */*

Response DefaultHttpResponse(decodeResult: success, version: HTTP/1.1)
HTTP/1.1 200 OK
Content-Length: 14
Content-Type: application/json; charset=utf-8
cache-control: no-cache

09:44:39.876 [AsyncHttpClient-1-5] DEBUG org.asynchttpclient.netty.channel.ChannelManager - Adding key: http://localhost:4712 for channel [id: 0x86197b6c, L:/127.0.0.1:51392 - R:localhost/127.0.0.1:4712]
09:44:39.878 [Forwarding findElement on session b163fab8364b69c14661081e6029142c to remote] DEBUG org.asynchttpclient.netty.request.NettyRequestSender - Using pooled Channel '[id: 0x86197b6c, L:/127.0.0.1:51392 - R:localhost/127.0.0.1:4712]' for 'POST' to 'http://localhost:4712/session/b163fab8364b69c14661081e6029142c/element'
09:44:39.878 [Forwarding findElement on session b163fab8364b69c14661081e6029142c to remote] DEBUG org.asynchttpclient.netty.request.NettyRequestSender - Using open Channel [id: 0x86197b6c, L:/127.0.0.1:51392 - R:localhost/127.0.0.1:4712] for POST '/session/b163fab8364b69c14661081e6029142c/element'
09:44:39.889 [AsyncHttpClient-1-5] DEBUG org.asynchttpclient.netty.handler.HttpHandler - 

Request DefaultHttpRequest(decodeResult: success, version: HTTP/1.1)
POST /session/b163fab8364b69c14661081e6029142c/element HTTP/1.1
User-Agent: selenium/4.13.0 (java unix)
Content-Length: 83
Content-Type: application/json; charset=utf-8
host: localhost:4712
accept: */*

Response DefaultHttpResponse(decodeResult: success, version: HTTP/1.1)
HTTP/1.1 200 OK
Content-Length: 126
Content-Type: application/json; charset=utf-8
cache-control: no-cache

09:44:39.889 [AsyncHttpClient-1-5] DEBUG org.asynchttpclient.netty.channel.ChannelManager - Adding key: http://localhost:4712 for channel [id: 0x86197b6c, L:/127.0.0.1:51392 - R:localhost/127.0.0.1:4712]
09:44:39.891 [Forwarding isElementDisplayed on session b163fab8364b69c14661081e6029142c to remote] DEBUG org.asynchttpclient.netty.request.NettyRequestSender - Using pooled Channel '[id: 0x86197b6c, L:/127.0.0.1:51392 - R:localhost/127.0.0.1:4712]' for 'POST' to 'http://localhost:4712/session/b163fab8364b69c14661081e6029142c/execute/sync'
09:44:39.891 [Forwarding isElementDisplayed on session b163fab8364b69c14661081e6029142c to remote] DEBUG org.asynchttpclient.netty.request.NettyRequestSender - Using open Channel [id: 0x86197b6c, L:/127.0.0.1:51392 - R:localhost/127.0.0.1:4712] for POST '/session/b163fab8364b69c14661081e6029142c/execute/sync'
09:44:39.900 [AsyncHttpClient-1-5] DEBUG org.asynchttpclient.netty.handler.HttpHandler - 

Request DefaultHttpRequest(decodeResult: success, version: HTTP/1.1)
POST /session/b163fab8364b69c14661081e6029142c/execute/sync HTTP/1.1
User-Agent: selenium/4.13.0 (java unix)
Content-Length: 48845
Content-Type: application/json; charset=utf-8
host: localhost:4712
accept: */*

Response DefaultHttpResponse(decodeResult: success, version: HTTP/1.1)
HTTP/1.1 200 OK
Content-Length: 14
Content-Type: application/json; charset=utf-8
cache-control: no-cache

09:44:39.900 [AsyncHttpClient-1-5] DEBUG org.asynchttpclient.netty.channel.ChannelManager - Adding key: http://localhost:4712 for channel [id: 0x86197b6c, L:/127.0.0.1:51392 - R:localhost/127.0.0.1:4712]
09:44:39.901 [Forwarding findElement on session b163fab8364b69c14661081e6029142c to remote] DEBUG org.asynchttpclient.netty.request.NettyRequestSender - Using pooled Channel '[id: 0x86197b6c, L:/127.0.0.1:51392 - R:localhost/127.0.0.1:4712]' for 'POST' to 'http://localhost:4712/session/b163fab8364b69c14661081e6029142c/element'
09:44:39.901 [Forwarding findElement on session b163fab8364b69c14661081e6029142c to remote] DEBUG org.asynchttpclient.netty.request.NettyRequestSender - Using open Channel [id: 0x86197b6c, L:/127.0.0.1:51392 - R:localhost/127.0.0.1:4712] for POST '/session/b163fab8364b69c14661081e6029142c/element'
09:44:39.910 [AsyncHttpClient-1-5] DEBUG org.asynchttpclient.netty.handler.HttpHandler - 

Request DefaultHttpRequest(decodeResult: success, version: HTTP/1.1)
POST /session/b163fab8364b69c14661081e6029142c/element HTTP/1.1
User-Agent: selenium/4.13.0 (java unix)
Content-Length: 73
Content-Type: application/json; charset=utf-8
host: localhost:4712
accept: */*

Response DefaultHttpResponse(decodeResult: success, version: HTTP/1.1)
HTTP/1.1 200 OK
Content-Length: 126
Content-Type: application/json; charset=utf-8
cache-control: no-cache

09:44:39.910 [AsyncHttpClient-1-5] DEBUG org.asynchttpclient.netty.channel.ChannelManager - Adding key: http://localhost:4712 for channel [id: 0x86197b6c, L:/127.0.0.1:51392 - R:localhost/127.0.0.1:4712]
09:44:39.912 [Forwarding clickElement on session b163fab8364b69c14661081e6029142c to remote] DEBUG org.asynchttpclient.netty.request.NettyRequestSender - Using pooled Channel '[id: 0x86197b6c, L:/127.0.0.1:51392 - R:localhost/127.0.0.1:4712]' for 'POST' to 'http://localhost:4712/session/b163fab8364b69c14661081e6029142c/element/f.6917F8AA9F4388D088B526F2ED8A3C48.d.5C71FA6CEC397EC80AAAA97202027ADA.e.74/click'
09:44:39.912 [Forwarding clickElement on session b163fab8364b69c14661081e6029142c to remote] DEBUG org.asynchttpclient.netty.request.NettyRequestSender - Using open Channel [id: 0x86197b6c, L:/127.0.0.1:51392 - R:localhost/127.0.0.1:4712] for POST '/session/b163fab8364b69c14661081e6029142c/element/f.6917F8AA9F4388D088B526F2ED8A3C48.d.5C71FA6CEC397EC80AAAA97202027ADA.e.74/click'
09:44:39.985 [AsyncHttpClient-1-1] DEBUG org.asynchttpclient.netty.channel.DefaultChannelPool - Entry count for : http://localhost:43629 : 1
09:44:40.116 [AsyncHttpClient-1-5] DEBUG org.asynchttpclient.netty.handler.HttpHandler - 

Request DefaultHttpRequest(decodeResult: success, version: HTTP/1.1)
POST /session/b163fab8364b69c14661081e6029142c/element/f.6917F8AA9F4388D088B526F2ED8A3C48.d.5C71FA6CEC397EC80AAAA97202027ADA.e.74/click HTTP/1.1
User-Agent: selenium/4.13.0 (java unix)
Content-Length: 88
Content-Type: application/json; charset=utf-8
host: localhost:4712
accept: */*

Response DefaultHttpResponse(decodeResult: success, version: HTTP/1.1)
HTTP/1.1 200 OK
Content-Length: 14
Content-Type: application/json; charset=utf-8
cache-control: no-cache

09:44:40.116 [AsyncHttpClient-1-5] DEBUG org.asynchttpclient.netty.channel.ChannelManager - Adding key: http://localhost:4712 for channel [id: 0x86197b6c, L:/127.0.0.1:51392 - R:localhost/127.0.0.1:4712]
09:44:40.117 [Forwarding findElement on session b163fab8364b69c14661081e6029142c to remote] DEBUG org.asynchttpclient.netty.request.NettyRequestSender - Using pooled Channel '[id: 0x86197b6c, L:/127.0.0.1:51392 - R:localhost/127.0.0.1:4712]' for 'POST' to 'http://localhost:4712/session/b163fab8364b69c14661081e6029142c/element'
09:44:40.118 [Forwarding findElement on session b163fab8364b69c14661081e6029142c to remote] DEBUG org.asynchttpclient.netty.request.NettyRequestSender - Using open Channel [id: 0x86197b6c, L:/127.0.0.1:51392 - R:localhost/127.0.0.1:4712] for POST '/session/b163fab8364b69c14661081e6029142c/element'
09:44:40.276 [AsyncHttpClient-1-5] DEBUG org.asynchttpclient.netty.handler.HttpHandler - 

Request DefaultHttpRequest(decodeResult: success, version: HTTP/1.1)
POST /session/b163fab8364b69c14661081e6029142c/element HTTP/1.1
User-Agent: selenium/4.13.0 (java unix)
Content-Length: 81
Content-Type: application/json; charset=utf-8
host: localhost:4712
accept: */*

Response DefaultHttpResponse(decodeResult: success, version: HTTP/1.1)
HTTP/1.1 200 OK
Content-Length: 127
Content-Type: application/json; charset=utf-8
cache-control: no-cache

09:44:40.276 [AsyncHttpClient-1-5] DEBUG org.asynchttpclient.netty.channel.ChannelManager - Adding key: http://localhost:4712 for channel [id: 0x86197b6c, L:/127.0.0.1:51392 - R:localhost/127.0.0.1:4712]
09:44:40.278 [Forwarding sendKeysToElement on session b163fab8364b69c14661081e6029142c to remote] DEBUG org.asynchttpclient.netty.request.NettyRequestSender - Using pooled Channel '[id: 0x86197b6c, L:/127.0.0.1:51392 - R:localhost/127.0.0.1:4712]' for 'POST' to 'http://localhost:4712/session/b163fab8364b69c14661081e6029142c/element/f.6917F8AA9F4388D088B526F2ED8A3C48.d.7D631159122F990F1CDF306598C40B8A.e.131/value'
09:44:40.278 [Forwarding sendKeysToElement on session b163fab8364b69c14661081e6029142c to remote] DEBUG org.asynchttpclient.netty.request.NettyRequestSender - Using open Channel [id: 0x86197b6c, L:/127.0.0.1:51392 - R:localhost/127.0.0.1:4712] for POST '/session/b163fab8364b69c14661081e6029142c/element/f.6917F8AA9F4388D088B526F2ED8A3C48.d.7D631159122F990F1CDF306598C40B8A.e.131/value'
09:44:40.321 [AsyncHttpClient-1-5] DEBUG org.asynchttpclient.netty.handler.HttpHandler - 

Request DefaultHttpRequest(decodeResult: success, version: HTTP/1.1)
POST /session/b163fab8364b69c14661081e6029142c/element/f.6917F8AA9F4388D088B526F2ED8A3C48.d.7D631159122F990F1CDF306598C40B8A.e.131/value HTTP/1.1
User-Agent: selenium/4.13.0 (java unix)
Content-Length: 170
Content-Type: application/json; charset=utf-8
host: localhost:4712
accept: */*

Response DefaultHttpResponse(decodeResult: success, version: HTTP/1.1)
HTTP/1.1 200 OK
Content-Length: 14
Content-Type: application/json; charset=utf-8
cache-control: no-cache

09:44:40.321 [AsyncHttpClient-1-5] DEBUG org.asynchttpclient.netty.channel.ChannelManager - Adding key: http://localhost:4712 for channel [id: 0x86197b6c, L:/127.0.0.1:51392 - R:localhost/127.0.0.1:4712]
09:44:40.323 [Forwarding findElement on session b163fab8364b69c14661081e6029142c to remote] DEBUG org.asynchttpclient.netty.request.NettyRequestSender - Using pooled Channel '[id: 0x86197b6c, L:/127.0.0.1:51392 - R:localhost/127.0.0.1:4712]' for 'POST' to 'http://localhost:4712/session/b163fab8364b69c14661081e6029142c/element'
09:44:40.323 [Forwarding findElement on session b163fab8364b69c14661081e6029142c to remote] DEBUG org.asynchttpclient.netty.request.NettyRequestSender - Using open Channel [id: 0x86197b6c, L:/127.0.0.1:51392 - R:localhost/127.0.0.1:4712] for POST '/session/b163fab8364b69c14661081e6029142c/element'
09:44:40.336 [AsyncHttpClient-1-5] DEBUG org.asynchttpclient.netty.handler.HttpHandler - 

Request DefaultHttpRequest(decodeResult: success, version: HTTP/1.1)
POST /session/b163fab8364b69c14661081e6029142c/element HTTP/1.1
User-Agent: selenium/4.13.0 (java unix)
Content-Length: 80
Content-Type: application/json; charset=utf-8
host: localhost:4712
accept: */*

Response DefaultHttpResponse(decodeResult: success, version: HTTP/1.1)
HTTP/1.1 200 OK
Content-Length: 127
Content-Type: application/json; charset=utf-8
cache-control: no-cache

09:44:40.336 [AsyncHttpClient-1-5] DEBUG org.asynchttpclient.netty.channel.ChannelManager - Adding key: http://localhost:4712 for channel [id: 0x86197b6c, L:/127.0.0.1:51392 - R:localhost/127.0.0.1:4712]
09:44:40.338 [Forwarding sendKeysToElement on session b163fab8364b69c14661081e6029142c to remote] DEBUG org.asynchttpclient.netty.request.NettyRequestSender - Using pooled Channel '[id: 0x86197b6c, L:/127.0.0.1:51392 - R:localhost/127.0.0.1:4712]' for 'POST' to 'http://localhost:4712/session/b163fab8364b69c14661081e6029142c/element/f.6917F8AA9F4388D088B526F2ED8A3C48.d.7D631159122F990F1CDF306598C40B8A.e.138/value'
09:44:40.338 [Forwarding sendKeysToElement on session b163fab8364b69c14661081e6029142c to remote] DEBUG org.asynchttpclient.netty.request.NettyRequestSender - Using open Channel [id: 0x86197b6c, L:/127.0.0.1:51392 - R:localhost/127.0.0.1:4712] for POST '/session/b163fab8364b69c14661081e6029142c/element/f.6917F8AA9F4388D088B526F2ED8A3C48.d.7D631159122F990F1CDF306598C40B8A.e.138/value'
09:44:40.371 [AsyncHttpClient-1-5] DEBUG org.asynchttpclient.netty.handler.HttpHandler - 

Request DefaultHttpRequest(decodeResult: success, version: HTTP/1.1)
POST /session/b163fab8364b69c14661081e6029142c/element/f.6917F8AA9F4388D088B526F2ED8A3C48.d.7D631159122F990F1CDF306598C40B8A.e.138/value HTTP/1.1
User-Agent: selenium/4.13.0 (java unix)
Content-Length: 160
Content-Type: application/json; charset=utf-8
host: localhost:4712
accept: */*

Response DefaultHttpResponse(decodeResult: success, version: HTTP/1.1)
HTTP/1.1 200 OK
Content-Length: 14
Content-Type: application/json; charset=utf-8
cache-control: no-cache

09:44:40.371 [AsyncHttpClient-1-5] DEBUG org.asynchttpclient.netty.channel.ChannelManager - Adding key: http://localhost:4712 for channel [id: 0x86197b6c, L:/127.0.0.1:51392 - R:localhost/127.0.0.1:4712]
09:44:40.373 [Forwarding findElement on session b163fab8364b69c14661081e6029142c to remote] DEBUG org.asynchttpclient.netty.request.NettyRequestSender - Using pooled Channel '[id: 0x86197b6c, L:/127.0.0.1:51392 - R:localhost/127.0.0.1:4712]' for 'POST' to 'http://localhost:4712/session/b163fab8364b69c14661081e6029142c/element'
09:44:40.373 [Forwarding findElement on session b163fab8364b69c14661081e6029142c to remote] DEBUG org.asynchttpclient.netty.request.NettyRequestSender - Using open Channel [id: 0x86197b6c, L:/127.0.0.1:51392 - R:localhost/127.0.0.1:4712] for POST '/session/b163fab8364b69c14661081e6029142c/element'
09:44:40.383 [AsyncHttpClient-1-5] DEBUG org.asynchttpclient.netty.handler.HttpHandler - 

Request DefaultHttpRequest(decodeResult: success, version: HTTP/1.1)
POST /session/b163fab8364b69c14661081e6029142c/element HTTP/1.1
User-Agent: selenium/4.13.0 (java unix)
Content-Length: 81
Content-Type: application/json; charset=utf-8
host: localhost:4712
accept: */*

Response DefaultHttpResponse(decodeResult: success, version: HTTP/1.1)
HTTP/1.1 200 OK
Content-Length: 127
Content-Type: application/json; charset=utf-8
cache-control: no-cache

09:44:40.383 [AsyncHttpClient-1-5] DEBUG org.asynchttpclient.netty.channel.ChannelManager - Adding key: http://localhost:4712 for channel [id: 0x86197b6c, L:/127.0.0.1:51392 - R:localhost/127.0.0.1:4712]
09:44:40.384 [Forwarding clickElement on session b163fab8364b69c14661081e6029142c to remote] DEBUG org.asynchttpclient.netty.request.NettyRequestSender - Using pooled Channel '[id: 0x86197b6c, L:/127.0.0.1:51392 - R:localhost/127.0.0.1:4712]' for 'POST' to 'http://localhost:4712/session/b163fab8364b69c14661081e6029142c/element/f.6917F8AA9F4388D088B526F2ED8A3C48.d.7D631159122F990F1CDF306598C40B8A.e.145/click'
09:44:40.384 [Forwarding clickElement on session b163fab8364b69c14661081e6029142c to remote] DEBUG org.asynchttpclient.netty.request.NettyRequestSender - Using open Channel [id: 0x86197b6c, L:/127.0.0.1:51392 - R:localhost/127.0.0.1:4712] for POST '/session/b163fab8364b69c14661081e6029142c/element/f.6917F8AA9F4388D088B526F2ED8A3C48.d.7D631159122F990F1CDF306598C40B8A.e.145/click'
09:44:40.490 [AsyncHttpClient-1-5] DEBUG org.asynchttpclient.netty.handler.HttpHandler - 

Request DefaultHttpRequest(decodeResult: success, version: HTTP/1.1)
POST /session/b163fab8364b69c14661081e6029142c/element/f.6917F8AA9F4388D088B526F2ED8A3C48.d.7D631159122F990F1CDF306598C40B8A.e.145/click HTTP/1.1
User-Agent: selenium/4.13.0 (java unix)
Content-Length: 89
Content-Type: application/json; charset=utf-8
host: localhost:4712
accept: */*

Response DefaultHttpResponse(decodeResult: success, version: HTTP/1.1)
HTTP/1.1 200 OK
Content-Length: 14
Content-Type: application/json; charset=utf-8
cache-control: no-cache

09:44:40.490 [AsyncHttpClient-1-5] DEBUG org.asynchttpclient.netty.channel.ChannelManager - Adding key: http://localhost:4712 for channel [id: 0x86197b6c, L:/127.0.0.1:51392 - R:localhost/127.0.0.1:4712]
09:44:40.492 [Forwarding findElement on session b163fab8364b69c14661081e6029142c to remote] DEBUG org.asynchttpclient.netty.request.NettyRequestSender - Using pooled Channel '[id: 0x86197b6c, L:/127.0.0.1:51392 - R:localhost/127.0.0.1:4712]' for 'POST' to 'http://localhost:4712/session/b163fab8364b69c14661081e6029142c/element'
09:44:40.492 [Forwarding findElement on session b163fab8364b69c14661081e6029142c to remote] DEBUG org.asynchttpclient.netty.request.NettyRequestSender - Using open Channel [id: 0x86197b6c, L:/127.0.0.1:51392 - R:localhost/127.0.0.1:4712] for POST '/session/b163fab8364b69c14661081e6029142c/element'
09:44:41.085 [AsyncHttpClient-1-1] DEBUG org.asynchttpclient.netty.channel.DefaultChannelPool - Entry count for : http://localhost:43629 : 1
09:44:42.185 [AsyncHttpClient-1-1] DEBUG org.asynchttpclient.netty.channel.DefaultChannelPool - Entry count for : http://localhost:43629 : 1
09:44:43.285 [AsyncHttpClient-1-1] DEBUG org.asynchttpclient.netty.channel.DefaultChannelPool - Entry count for : http://localhost:43629 : 1
09:44:44.140 [AsyncHttpClient-1-5] DEBUG org.asynchttpclient.netty.handler.HttpHandler - 

Request DefaultHttpRequest(decodeResult: success, version: HTTP/1.1)
POST /session/b163fab8364b69c14661081e6029142c/element HTTP/1.1
User-Agent: selenium/4.13.0 (java unix)
Content-Length: 89
Content-Type: application/json; charset=utf-8
host: localhost:4712
accept: */*

Response DefaultHttpResponse(decodeResult: success, version: HTTP/1.1)
HTTP/1.1 200 OK
Content-Length: 127
Content-Type: application/json; charset=utf-8
cache-control: no-cache

09:44:44.140 [AsyncHttpClient-1-5] DEBUG org.asynchttpclient.netty.channel.ChannelManager - Adding key: http://localhost:4712 for channel [id: 0x86197b6c, L:/127.0.0.1:51392 - R:localhost/127.0.0.1:4712]
09:44:44.143 [Forwarding isElementDisplayed on session b163fab8364b69c14661081e6029142c to remote] DEBUG org.asynchttpclient.netty.request.NettyRequestSender - Using pooled Channel '[id: 0x86197b6c, L:/127.0.0.1:51392 - R:localhost/127.0.0.1:4712]' for 'POST' to 'http://localhost:4712/session/b163fab8364b69c14661081e6029142c/execute/sync'
09:44:44.143 [Forwarding isElementDisplayed on session b163fab8364b69c14661081e6029142c to remote] DEBUG org.asynchttpclient.netty.request.NettyRequestSender - Using open Channel [id: 0x86197b6c, L:/127.0.0.1:51392 - R:localhost/127.0.0.1:4712] for POST '/session/b163fab8364b69c14661081e6029142c/execute/sync'
09:44:44.173 [AsyncHttpClient-1-5] DEBUG org.asynchttpclient.netty.handler.HttpHandler - 

Request DefaultHttpRequest(decodeResult: success, version: HTTP/1.1)
POST /session/b163fab8364b69c14661081e6029142c/execute/sync HTTP/1.1
User-Agent: selenium/4.13.0 (java unix)
Content-Length: 48846
Content-Type: application/json; charset=utf-8
host: localhost:4712
accept: */*

Response DefaultHttpResponse(decodeResult: success, version: HTTP/1.1)
HTTP/1.1 200 OK
Content-Length: 14
Content-Type: application/json; charset=utf-8
cache-control: no-cache

09:44:44.173 [AsyncHttpClient-1-5] DEBUG org.asynchttpclient.netty.channel.ChannelManager - Adding key: http://localhost:4712 for channel [id: 0x86197b6c, L:/127.0.0.1:51392 - R:localhost/127.0.0.1:4712]
09:44:44.174 [Forwarding findElement on session b163fab8364b69c14661081e6029142c to remote] DEBUG org.asynchttpclient.netty.request.NettyRequestSender - Using pooled Channel '[id: 0x86197b6c, L:/127.0.0.1:51392 - R:localhost/127.0.0.1:4712]' for 'POST' to 'http://localhost:4712/session/b163fab8364b69c14661081e6029142c/element'
09:44:44.175 [Forwarding findElement on session b163fab8364b69c14661081e6029142c to remote] DEBUG org.asynchttpclient.netty.request.NettyRequestSender - Using open Channel [id: 0x86197b6c, L:/127.0.0.1:51392 - R:localhost/127.0.0.1:4712] for POST '/session/b163fab8364b69c14661081e6029142c/element'
09:44:44.181 [AsyncHttpClient-1-5] DEBUG org.asynchttpclient.netty.handler.HttpHandler - 

Request DefaultHttpRequest(decodeResult: success, version: HTTP/1.1)
POST /session/b163fab8364b69c14661081e6029142c/element HTTP/1.1
User-Agent: selenium/4.13.0 (java unix)
Content-Length: 89
Content-Type: application/json; charset=utf-8
host: localhost:4712
accept: */*

Response DefaultHttpResponse(decodeResult: success, version: HTTP/1.1)
HTTP/1.1 200 OK
Content-Length: 127
Content-Type: application/json; charset=utf-8
cache-control: no-cache

09:44:44.181 [AsyncHttpClient-1-5] DEBUG org.asynchttpclient.netty.channel.ChannelManager - Adding key: http://localhost:4712 for channel [id: 0x86197b6c, L:/127.0.0.1:51392 - R:localhost/127.0.0.1:4712]
09:44:44.182 [Forwarding getElementText on session b163fab8364b69c14661081e6029142c to remote] DEBUG org.asynchttpclient.netty.request.NettyRequestSender - Using pooled Channel '[id: 0x86197b6c, L:/127.0.0.1:51392 - R:localhost/127.0.0.1:4712]' for 'GET' to 'http://localhost:4712/session/b163fab8364b69c14661081e6029142c/element/f.6917F8AA9F4388D088B526F2ED8A3C48.d.DCCCB5FAE2646F8106FC6AD686EF0F3A.e.151/text'
09:44:44.182 [Forwarding getElementText on session b163fab8364b69c14661081e6029142c to remote] DEBUG org.asynchttpclient.netty.request.NettyRequestSender - Using open Channel [id: 0x86197b6c, L:/127.0.0.1:51392 - R:localhost/127.0.0.1:4712] for GET '/session/b163fab8364b69c14661081e6029142c/element/f.6917F8AA9F4388D088B526F2ED8A3C48.d.DCCCB5FAE2646F8106FC6AD686EF0F3A.e.151/text'
09:44:44.194 [AsyncHttpClient-1-5] DEBUG org.asynchttpclient.netty.handler.HttpHandler - 

Request DefaultFullHttpRequest(decodeResult: success, version: HTTP/1.1, content: EmptyByteBufBE)
GET /session/b163fab8364b69c14661081e6029142c/element/f.6917F8AA9F4388D088B526F2ED8A3C48.d.DCCCB5FAE2646F8106FC6AD686EF0F3A.e.151/text HTTP/1.1
Cache-Control: no-cache
User-Agent: selenium/4.13.0 (java unix)
Content-Type: application/json; charset=utf-8
host: localhost:4712
accept: */*

Response DefaultHttpResponse(decodeResult: success, version: HTTP/1.1)
HTTP/1.1 200 OK
Content-Length: 28
Content-Type: application/json; charset=utf-8
cache-control: no-cache

09:44:44.194 [AsyncHttpClient-1-5] DEBUG org.asynchttpclient.netty.channel.ChannelManager - Adding key: http://localhost:4712 for channel [id: 0x86197b6c, L:/127.0.0.1:51392 - R:localhost/127.0.0.1:4712]
]]></system-out>
    <system-err><![CDATA[Jan 02, 2025 9:44:37 AM org.openqa.selenium.devtools.CdpVersionFinder findNearestMatch
WARNING: Unable to find CDP implementation matching 131
Jan 02, 2025 9:44:37 AM org.openqa.selenium.chromium.ChromiumDriver lambda$new$5
WARNING: Unable to find version of CDP to use for 131.0.6778.139. You may need to include a dependency on a specific version of the CDP using something similar to `org.seleniumhq.selenium:selenium-devtools-v86:4.13.0` where the version ("v86") matches the version of the chromium-based browser you're using and the version number of the artifact is the same as Selenium's.
]]></system-err>
  </testcase>
</testsuite>