<?xml version="1.0" encoding="UTF-8"?>
<testsuite xmlns:xsi="http://www.w3.org/2001/XMLSchema-instance" xsi:noNamespaceSchemaLocation="https://maven.apache.org/surefire/maven-surefire-plugin/xsd/surefire-test-report-3.0.xsd" version="3.0" name="tests.LoginTest" time="16.767" tests="2" errors="0" skipped="0" failures="1">
  <properties>
    <property name="java.specification.version" value="23"/>
    <property name="sun.jnu.encoding" value="UTF-8"/>
    <property name="java.class.path" value="/home/runner/work/endtoendproject/endtoendproject/target/test-classes:/home/runner/work/endtoendproject/endtoendproject/target/classes:/home/runner/.m2/repository/io/qameta/allure/allure-testng/2.29.1/allure-testng-2.29.1.jar:/home/runner/.m2/repository/io/qameta/allure/allure-java-commons/2.29.1/allure-java-commons-2.29.1.jar:/home/runner/.m2/repository/io/qameta/allure/allure-model/2.29.1/allure-model-2.29.1.jar:/home/runner/.m2/repository/io/qameta/allure/allure-test-filter/2.29.1/allure-test-filter-2.29.1.jar:/home/runner/.m2/repository/org/seleniumhq/selenium/selenium-java/4.13.0/selenium-java-4.13.0.jar:/home/runner/.m2/repository/org/seleniumhq/selenium/selenium-api/4.13.0/selenium-api-4.13.0.jar:/home/runner/.m2/repository/org/seleniumhq/selenium/selenium-chrome-driver/4.13.0/selenium-chrome-driver-4.13.0.jar:/home/runner/.m2/repository/com/google/auto/service/auto-service-annotations/1.1.1/auto-service-annotations-1.1.1.jar:/home/runner/.m2/repository/com/google/guava/guava/32.1.2-jre/guava-32.1.2-jre.jar:/home/runner/.m2/repository/com/google/guava/failureaccess/1.0.1/failureaccess-1.0.1.jar:/home/runner/.m2/repository/com/google/guava/listenablefuture/9999.0-empty-to-avoid-conflict-with-guava/listenablefuture-9999.0-empty-to-avoid-conflict-with-guava.jar:/home/runner/.m2/repository/com/google/code/findbugs/jsr305/3.0.2/jsr305-3.0.2.jar:/home/runner/.m2/repository/org/checkerframework/checker-qual/3.33.0/checker-qual-3.33.0.jar:/home/runner/.m2/repository/com/google/errorprone/error_prone_annotations/2.18.0/error_prone_annotations-2.18.0.jar:/home/runner/.m2/repository/com/google/j2objc/j2objc-annotations/2.8/j2objc-annotations-2.8.jar:/home/runner/.m2/repository/org/seleniumhq/selenium/selenium-chromium-driver/4.13.0/selenium-chromium-driver-4.13.0.jar:/home/runner/.m2/repository/org/seleniumhq/selenium/selenium-json/4.13.0/selenium-json-4.13.0.jar:/home/runner/.m2/repository/org/seleniumhq/selenium/selenium-manager/4.13.0/selenium-manager-4.13.0.jar:/home/runner/.m2/repository/org/seleniumhq/selenium/selenium-devtools-v115/4.13.0/selenium-devtools-v115-4.13.0.jar:/home/runner/.m2/repository/org/seleniumhq/selenium/selenium-devtools-v116/4.13.0/selenium-devtools-v116-4.13.0.jar:/home/runner/.m2/repository/org/seleniumhq/selenium/selenium-devtools-v117/4.13.0/selenium-devtools-v117-4.13.0.jar:/home/runner/.m2/repository/org/seleniumhq/selenium/selenium-devtools-v85/4.13.0/selenium-devtools-v85-4.13.0.jar:/home/runner/.m2/repository/org/seleniumhq/selenium/selenium-edge-driver/4.13.0/selenium-edge-driver-4.13.0.jar:/home/runner/.m2/repository/org/seleniumhq/selenium/selenium-firefox-driver/4.13.0/selenium-firefox-driver-4.13.0.jar:/home/runner/.m2/repository/org/seleniumhq/selenium/selenium-http/4.13.0/selenium-http-4.13.0.jar:/home/runner/.m2/repository/dev/failsafe/failsafe/3.3.2/failsafe-3.3.2.jar:/home/runner/.m2/repository/org/seleniumhq/selenium/selenium-ie-driver/4.13.0/selenium-ie-driver-4.13.0.jar:/home/runner/.m2/repository/org/seleniumhq/selenium/selenium-remote-driver/4.13.0/selenium-remote-driver-4.13.0.jar:/home/runner/.m2/repository/io/netty/netty-buffer/4.1.96.Final/netty-buffer-4.1.96.Final.jar:/home/runner/.m2/repository/io/netty/netty-codec-http/4.1.96.Final/netty-codec-http-4.1.96.Final.jar:/home/runner/.m2/repository/io/netty/netty-codec/4.1.96.Final/netty-codec-4.1.96.Final.jar:/home/runner/.m2/repository/io/netty/netty-handler/4.1.96.Final/netty-handler-4.1.96.Final.jar:/home/runner/.m2/repository/io/netty/netty-common/4.1.96.Final/netty-common-4.1.96.Final.jar:/home/runner/.m2/repository/io/netty/netty-transport-classes-epoll/4.1.96.Final/netty-transport-classes-epoll-4.1.96.Final.jar:/home/runner/.m2/repository/io/netty/netty-transport-classes-kqueue/4.1.96.Final/netty-transport-classes-kqueue-4.1.96.Final.jar:/home/runner/.m2/repository/io/netty/netty-transport-native-epoll/4.1.96.Final/netty-transport-native-epoll-4.1.96.Final.jar:/home/runner/.m2/repository/io/netty/netty-transport-native-kqueue/4.1.96.Final/netty-transport-native-kqueue-4.1.96.Final.jar:/home/runner/.m2/repository/io/netty/netty-transport-native-unix-common/4.1.96.Final/netty-transport-native-unix-common-4.1.96.Final.jar:/home/runner/.m2/repository/io/netty/netty-transport/4.1.96.Final/netty-transport-4.1.96.Final.jar:/home/runner/.m2/repository/io/netty/netty-resolver/4.1.96.Final/netty-resolver-4.1.96.Final.jar:/home/runner/.m2/repository/io/opentelemetry/opentelemetry-api/1.28.0/opentelemetry-api-1.28.0.jar:/home/runner/.m2/repository/io/opentelemetry/opentelemetry-context/1.28.0/opentelemetry-context-1.28.0.jar:/home/runner/.m2/repository/io/opentelemetry/opentelemetry-exporter-logging/1.28.0/opentelemetry-exporter-logging-1.28.0.jar:/home/runner/.m2/repository/io/opentelemetry/opentelemetry-sdk-metrics/1.28.0/opentelemetry-sdk-metrics-1.28.0.jar:/home/runner/.m2/repository/io/opentelemetry/opentelemetry-extension-incubator/1.28.0-alpha/opentelemetry-extension-incubator-1.28.0-alpha.jar:/home/runner/.m2/repository/io/opentelemetry/opentelemetry-sdk-logs/1.28.0/opentelemetry-sdk-logs-1.28.0.jar:/home/runner/.m2/repository/io/opentelemetry/opentelemetry-sdk-common/1.28.0/opentelemetry-sdk-common-1.28.0.jar:/home/runner/.m2/repository/io/opentelemetry/opentelemetry-sdk-extension-autoconfigure-spi/1.28.0/opentelemetry-sdk-extension-autoconfigure-spi-1.28.0.jar:/home/runner/.m2/repository/io/opentelemetry/opentelemetry-sdk-extension-autoconfigure/1.28.0/opentelemetry-sdk-extension-autoconfigure-1.28.0.jar:/home/runner/.m2/repository/io/opentelemetry/opentelemetry-api-events/1.28.0-alpha/opentelemetry-api-events-1.28.0-alpha.jar:/home/runner/.m2/repository/io/opentelemetry/opentelemetry-sdk-trace/1.28.0/opentelemetry-sdk-trace-1.28.0.jar:/home/runner/.m2/repository/io/opentelemetry/opentelemetry-sdk/1.28.0/opentelemetry-sdk-1.28.0.jar:/home/runner/.m2/repository/io/opentelemetry/opentelemetry-semconv/1.28.0-alpha/opentelemetry-semconv-1.28.0-alpha.jar:/home/runner/.m2/repository/net/bytebuddy/byte-buddy/1.14.5/byte-buddy-1.14.5.jar:/home/runner/.m2/repository/org/asynchttpclient/async-http-client/2.12.3/async-http-client-2.12.3.jar:/home/runner/.m2/repository/org/asynchttpclient/async-http-client-netty-utils/2.12.3/async-http-client-netty-utils-2.12.3.jar:/home/runner/.m2/repository/io/netty/netty-codec-socks/4.1.60.Final/netty-codec-socks-4.1.60.Final.jar:/home/runner/.m2/repository/io/netty/netty-handler-proxy/4.1.60.Final/netty-handler-proxy-4.1.60.Final.jar:/home/runner/.m2/repository/io/netty/netty-transport-native-epoll/4.1.60.Final/netty-transport-native-epoll-4.1.60.Final-linux-x86_64.jar:/home/runner/.m2/repository/io/netty/netty-transport-native-kqueue/4.1.60.Final/netty-transport-native-kqueue-4.1.60.Final-osx-x86_64.jar:/home/runner/.m2/repository/com/typesafe/netty/netty-reactive-streams/2.0.4/netty-reactive-streams-2.0.4.jar:/home/runner/.m2/repository/com/sun/activation/jakarta.activation/1.2.2/jakarta.activation-1.2.2.jar:/home/runner/.m2/repository/org/seleniumhq/selenium/selenium-os/4.13.0/selenium-os-4.13.0.jar:/home/runner/.m2/repository/org/apache/commons/commons-exec/1.3/commons-exec-1.3.jar:/home/runner/.m2/repository/org/seleniumhq/selenium/selenium-safari-driver/4.13.0/selenium-safari-driver-4.13.0.jar:/home/runner/.m2/repository/org/seleniumhq/selenium/selenium-support/4.13.0/selenium-support-4.13.0.jar:/home/runner/.m2/repository/org/testng/testng/7.8.0/testng-7.8.0.jar:/home/runner/.m2/repository/org/slf4j/slf4j-api/1.7.36/slf4j-api-1.7.36.jar:/home/runner/.m2/repository/com/beust/jcommander/1.82/jcommander-1.82.jar:/home/runner/.m2/repository/org/webjars/jquery/3.6.1/jquery-3.6.1.jar:/home/runner/.m2/repository/org/slf4j/slf4j-simple/2.0.9/slf4j-simple-2.0.9.jar:/home/runner/.m2/repository/ch/qos/logback/logback-classic/1.2.11/logback-classic-1.2.11.jar:/home/runner/.m2/repository/ch/qos/logback/logback-core/1.2.11/logback-core-1.2.11.jar:/home/runner/.m2/repository/com/aventstack/extentreports/5.0.9/extentreports-5.0.9.jar:/home/runner/.m2/repository/io/reactivex/rxjava3/rxjava/3.0.4/rxjava-3.0.4.jar:/home/runner/.m2/repository/org/reactivestreams/reactive-streams/1.0.3/reactive-streams-1.0.3.jar:/home/runner/.m2/repository/org/freemarker/freemarker/2.3.30/freemarker-2.3.30.jar:/home/runner/.m2/repository/com/google/code/gson/gson/2.8.6/gson-2.8.6.jar:/home/runner/.m2/repository/org/projectlombok/lombok/1.18.24/lombok-1.18.24.jar:"/>
    <property name="java.vm.vendor" value="Eclipse Adoptium"/>
    <property name="sun.arch.data.model" value="64"/>
    <property name="java.vendor.url" value="https://adoptium.net/"/>
    <property name="user.timezone" value="Etc/UTC"/>
    <property name="os.name" value="Linux"/>
    <property name="java.vm.specification.version" value="23"/>
    <property name="sun.java.launcher" value="SUN_STANDARD"/>
    <property name="sun.boot.library.path" value="/opt/hostedtoolcache/Java_Temurin-Hotspot_jdk/23.0.1-11/x64/lib"/>
    <property name="sun.java.command" value="/home/runner/work/endtoendproject/endtoendproject/target/surefire/surefirebooter16181216088370904810.jar /home/runner/work/endtoendproject/endtoendproject/target/surefire 2025-01-01T12-28-34_764-jvmRun1 surefire1318831017617148952tmp surefire_09032065852750592167tmp"/>
    <property name="jdk.debug" value="release"/>
    <property name="surefire.test.class.path" value="/home/runner/work/endtoendproject/endtoendproject/target/test-classes:/home/runner/work/endtoendproject/endtoendproject/target/classes:/home/runner/.m2/repository/io/qameta/allure/allure-testng/2.29.1/allure-testng-2.29.1.jar:/home/runner/.m2/repository/io/qameta/allure/allure-java-commons/2.29.1/allure-java-commons-2.29.1.jar:/home/runner/.m2/repository/io/qameta/allure/allure-model/2.29.1/allure-model-2.29.1.jar:/home/runner/.m2/repository/io/qameta/allure/allure-test-filter/2.29.1/allure-test-filter-2.29.1.jar:/home/runner/.m2/repository/org/seleniumhq/selenium/selenium-java/4.13.0/selenium-java-4.13.0.jar:/home/runner/.m2/repository/org/seleniumhq/selenium/selenium-api/4.13.0/selenium-api-4.13.0.jar:/home/runner/.m2/repository/org/seleniumhq/selenium/selenium-chrome-driver/4.13.0/selenium-chrome-driver-4.13.0.jar:/home/runner/.m2/repository/com/google/auto/service/auto-service-annotations/1.1.1/auto-service-annotations-1.1.1.jar:/home/runner/.m2/repository/com/google/guava/guava/32.1.2-jre/guava-32.1.2-jre.jar:/home/runner/.m2/repository/com/google/guava/failureaccess/1.0.1/failureaccess-1.0.1.jar:/home/runner/.m2/repository/com/google/guava/listenablefuture/9999.0-empty-to-avoid-conflict-with-guava/listenablefuture-9999.0-empty-to-avoid-conflict-with-guava.jar:/home/runner/.m2/repository/com/google/code/findbugs/jsr305/3.0.2/jsr305-3.0.2.jar:/home/runner/.m2/repository/org/checkerframework/checker-qual/3.33.0/checker-qual-3.33.0.jar:/home/runner/.m2/repository/com/google/errorprone/error_prone_annotations/2.18.0/error_prone_annotations-2.18.0.jar:/home/runner/.m2/repository/com/google/j2objc/j2objc-annotations/2.8/j2objc-annotations-2.8.jar:/home/runner/.m2/repository/org/seleniumhq/selenium/selenium-chromium-driver/4.13.0/selenium-chromium-driver-4.13.0.jar:/home/runner/.m2/repository/org/seleniumhq/selenium/selenium-json/4.13.0/selenium-json-4.13.0.jar:/home/runner/.m2/repository/org/seleniumhq/selenium/selenium-manager/4.13.0/selenium-manager-4.13.0.jar:/home/runner/.m2/repository/org/seleniumhq/selenium/selenium-devtools-v115/4.13.0/selenium-devtools-v115-4.13.0.jar:/home/runner/.m2/repository/org/seleniumhq/selenium/selenium-devtools-v116/4.13.0/selenium-devtools-v116-4.13.0.jar:/home/runner/.m2/repository/org/seleniumhq/selenium/selenium-devtools-v117/4.13.0/selenium-devtools-v117-4.13.0.jar:/home/runner/.m2/repository/org/seleniumhq/selenium/selenium-devtools-v85/4.13.0/selenium-devtools-v85-4.13.0.jar:/home/runner/.m2/repository/org/seleniumhq/selenium/selenium-edge-driver/4.13.0/selenium-edge-driver-4.13.0.jar:/home/runner/.m2/repository/org/seleniumhq/selenium/selenium-firefox-driver/4.13.0/selenium-firefox-driver-4.13.0.jar:/home/runner/.m2/repository/org/seleniumhq/selenium/selenium-http/4.13.0/selenium-http-4.13.0.jar:/home/runner/.m2/repository/dev/failsafe/failsafe/3.3.2/failsafe-3.3.2.jar:/home/runner/.m2/repository/org/seleniumhq/selenium/selenium-ie-driver/4.13.0/selenium-ie-driver-4.13.0.jar:/home/runner/.m2/repository/org/seleniumhq/selenium/selenium-remote-driver/4.13.0/selenium-remote-driver-4.13.0.jar:/home/runner/.m2/repository/io/netty/netty-buffer/4.1.96.Final/netty-buffer-4.1.96.Final.jar:/home/runner/.m2/repository/io/netty/netty-codec-http/4.1.96.Final/netty-codec-http-4.1.96.Final.jar:/home/runner/.m2/repository/io/netty/netty-codec/4.1.96.Final/netty-codec-4.1.96.Final.jar:/home/runner/.m2/repository/io/netty/netty-handler/4.1.96.Final/netty-handler-4.1.96.Final.jar:/home/runner/.m2/repository/io/netty/netty-common/4.1.96.Final/netty-common-4.1.96.Final.jar:/home/runner/.m2/repository/io/netty/netty-transport-classes-epoll/4.1.96.Final/netty-transport-classes-epoll-4.1.96.Final.jar:/home/runner/.m2/repository/io/netty/netty-transport-classes-kqueue/4.1.96.Final/netty-transport-classes-kqueue-4.1.96.Final.jar:/home/runner/.m2/repository/io/netty/netty-transport-native-epoll/4.1.96.Final/netty-transport-native-epoll-4.1.96.Final.jar:/home/runner/.m2/repository/io/netty/netty-transport-native-kqueue/4.1.96.Final/netty-transport-native-kqueue-4.1.96.Final.jar:/home/runner/.m2/repository/io/netty/netty-transport-native-unix-common/4.1.96.Final/netty-transport-native-unix-common-4.1.96.Final.jar:/home/runner/.m2/repository/io/netty/netty-transport/4.1.96.Final/netty-transport-4.1.96.Final.jar:/home/runner/.m2/repository/io/netty/netty-resolver/4.1.96.Final/netty-resolver-4.1.96.Final.jar:/home/runner/.m2/repository/io/opentelemetry/opentelemetry-api/1.28.0/opentelemetry-api-1.28.0.jar:/home/runner/.m2/repository/io/opentelemetry/opentelemetry-context/1.28.0/opentelemetry-context-1.28.0.jar:/home/runner/.m2/repository/io/opentelemetry/opentelemetry-exporter-logging/1.28.0/opentelemetry-exporter-logging-1.28.0.jar:/home/runner/.m2/repository/io/opentelemetry/opentelemetry-sdk-metrics/1.28.0/opentelemetry-sdk-metrics-1.28.0.jar:/home/runner/.m2/repository/io/opentelemetry/opentelemetry-extension-incubator/1.28.0-alpha/opentelemetry-extension-incubator-1.28.0-alpha.jar:/home/runner/.m2/repository/io/opentelemetry/opentelemetry-sdk-logs/1.28.0/opentelemetry-sdk-logs-1.28.0.jar:/home/runner/.m2/repository/io/opentelemetry/opentelemetry-sdk-common/1.28.0/opentelemetry-sdk-common-1.28.0.jar:/home/runner/.m2/repository/io/opentelemetry/opentelemetry-sdk-extension-autoconfigure-spi/1.28.0/opentelemetry-sdk-extension-autoconfigure-spi-1.28.0.jar:/home/runner/.m2/repository/io/opentelemetry/opentelemetry-sdk-extension-autoconfigure/1.28.0/opentelemetry-sdk-extension-autoconfigure-1.28.0.jar:/home/runner/.m2/repository/io/opentelemetry/opentelemetry-api-events/1.28.0-alpha/opentelemetry-api-events-1.28.0-alpha.jar:/home/runner/.m2/repository/io/opentelemetry/opentelemetry-sdk-trace/1.28.0/opentelemetry-sdk-trace-1.28.0.jar:/home/runner/.m2/repository/io/opentelemetry/opentelemetry-sdk/1.28.0/opentelemetry-sdk-1.28.0.jar:/home/runner/.m2/repository/io/opentelemetry/opentelemetry-semconv/1.28.0-alpha/opentelemetry-semconv-1.28.0-alpha.jar:/home/runner/.m2/repository/net/bytebuddy/byte-buddy/1.14.5/byte-buddy-1.14.5.jar:/home/runner/.m2/repository/org/asynchttpclient/async-http-client/2.12.3/async-http-client-2.12.3.jar:/home/runner/.m2/repository/org/asynchttpclient/async-http-client-netty-utils/2.12.3/async-http-client-netty-utils-2.12.3.jar:/home/runner/.m2/repository/io/netty/netty-codec-socks/4.1.60.Final/netty-codec-socks-4.1.60.Final.jar:/home/runner/.m2/repository/io/netty/netty-handler-proxy/4.1.60.Final/netty-handler-proxy-4.1.60.Final.jar:/home/runner/.m2/repository/io/netty/netty-transport-native-epoll/4.1.60.Final/netty-transport-native-epoll-4.1.60.Final-linux-x86_64.jar:/home/runner/.m2/repository/io/netty/netty-transport-native-kqueue/4.1.60.Final/netty-transport-native-kqueue-4.1.60.Final-osx-x86_64.jar:/home/runner/.m2/repository/com/typesafe/netty/netty-reactive-streams/2.0.4/netty-reactive-streams-2.0.4.jar:/home/runner/.m2/repository/com/sun/activation/jakarta.activation/1.2.2/jakarta.activation-1.2.2.jar:/home/runner/.m2/repository/org/seleniumhq/selenium/selenium-os/4.13.0/selenium-os-4.13.0.jar:/home/runner/.m2/repository/org/apache/commons/commons-exec/1.3/commons-exec-1.3.jar:/home/runner/.m2/repository/org/seleniumhq/selenium/selenium-safari-driver/4.13.0/selenium-safari-driver-4.13.0.jar:/home/runner/.m2/repository/org/seleniumhq/selenium/selenium-support/4.13.0/selenium-support-4.13.0.jar:/home/runner/.m2/repository/org/testng/testng/7.8.0/testng-7.8.0.jar:/home/runner/.m2/repository/org/slf4j/slf4j-api/1.7.36/slf4j-api-1.7.36.jar:/home/runner/.m2/repository/com/beust/jcommander/1.82/jcommander-1.82.jar:/home/runner/.m2/repository/org/webjars/jquery/3.6.1/jquery-3.6.1.jar:/home/runner/.m2/repository/org/slf4j/slf4j-simple/2.0.9/slf4j-simple-2.0.9.jar:/home/runner/.m2/repository/ch/qos/logback/logback-classic/1.2.11/logback-classic-1.2.11.jar:/home/runner/.m2/repository/ch/qos/logback/logback-core/1.2.11/logback-core-1.2.11.jar:/home/runner/.m2/repository/com/aventstack/extentreports/5.0.9/extentreports-5.0.9.jar:/home/runner/.m2/repository/io/reactivex/rxjava3/rxjava/3.0.4/rxjava-3.0.4.jar:/home/runner/.m2/repository/org/reactivestreams/reactive-streams/1.0.3/reactive-streams-1.0.3.jar:/home/runner/.m2/repository/org/freemarker/freemarker/2.3.30/freemarker-2.3.30.jar:/home/runner/.m2/repository/com/google/code/gson/gson/2.8.6/gson-2.8.6.jar:/home/runner/.m2/repository/org/projectlombok/lombok/1.18.24/lombok-1.18.24.jar:"/>
    <property name="sun.cpu.endian" value="little"/>
    <property name="user.home" value="/home/runner"/>
    <property name="user.language" value="en"/>
    <property name="java.specification.vendor" value="Oracle Corporation"/>
    <property name="java.version.date" value="2024-10-15"/>
    <property name="java.home" value="/opt/hostedtoolcache/Java_Temurin-Hotspot_jdk/23.0.1-11/x64"/>
    <property name="file.separator" value="/"/>
    <property name="basedir" value="/home/runner/work/endtoendproject/endtoendproject"/>
    <property name="java.vm.compressedOopsMode" value="Zero based"/>
    <property name="line.separator" value="&#10;"/>
    <property name="java.specification.name" value="Java Platform API Specification"/>
    <property name="java.vm.specification.vendor" value="Oracle Corporation"/>
    <property name="surefire.real.class.path" value="/home/runner/work/endtoendproject/endtoendproject/target/surefire/surefirebooter16181216088370904810.jar"/>
    <property name="sun.management.compiler" value="HotSpot 64-Bit Tiered Compilers"/>
    <property name="java.runtime.version" value="23.0.1+11"/>
    <property name="user.name" value="runner"/>
    <property name="stdout.encoding" value="UTF-8"/>
    <property name="path.separator" value=":"/>
    <property name="os.version" value="6.5.0-1025-azure"/>
    <property name="java.runtime.name" value="OpenJDK Runtime Environment"/>
    <property name="file.encoding" value="UTF-8"/>
    <property name="java.vm.name" value="OpenJDK 64-Bit Server VM"/>
    <property name="java.vendor.version" value="Temurin-23.0.1+11"/>
    <property name="localRepository" value="/home/runner/.m2/repository"/>
    <property name="java.vendor.url.bug" value="https://github.com/adoptium/adoptium-support/issues"/>
    <property name="java.io.tmpdir" value="/tmp"/>
    <property name="java.version" value="23.0.1"/>
    <property name="user.dir" value="/home/runner/work/endtoendproject/endtoendproject"/>
    <property name="os.arch" value="amd64"/>
    <property name="java.vm.specification.name" value="Java Virtual Machine Specification"/>
    <property name="native.encoding" value="UTF-8"/>
    <property name="java.library.path" value="/usr/java/packages/lib:/usr/lib64:/lib64:/lib:/usr/lib"/>
    <property name="java.vm.info" value="mixed mode, sharing"/>
    <property name="stderr.encoding" value="UTF-8"/>
    <property name="java.vendor" value="Eclipse Adoptium"/>
    <property name="java.vm.version" value="23.0.1+11"/>
    <property name="sun.io.unicode.encoding" value="UnicodeLittle"/>
    <property name="java.class.version" value="67.0"/>
  </properties>
  <testcase name="testInvalidLogin" classname="tests.LoginTest" time="12.195">
    <failure message="Test failed: no such element: Unable to locate element: {&quot;method&quot;:&quot;css selector&quot;,&quot;selector&quot;:&quot;.oxd\-topbar\-header\-breadcrumb&quot;}&#10;  (Session info: chrome=131.0.6778.139)&#10;For documentation on this error, please visit: https://www.selenium.dev/documentation/webdriver/troubleshooting/errors#no-such-element-exception&#10;Build info: version: &apos;4.13.0&apos;, revision: &apos;ba948ece5b*&apos;&#10;System info: os.name: &apos;Linux&apos;, os.arch: &apos;amd64&apos;, os.version: &apos;6.5.0-1025-azure&apos;, java.version: &apos;23.0.1&apos;&#10;Driver info: org.openqa.selenium.chrome.ChromeDriver&#10;Command: [0197941ba018743ea0fa9698cf6b086b, findElement {using=class name, value=oxd-topbar-header-breadcrumb}]&#10;Capabilities {acceptInsecureCerts: false, browserName: chrome, browserVersion: 131.0.6778.139, chrome: {chromedriverVersion: 131.0.6778.108 (3b014839fbc..., userDataDir: /tmp/.org.chromium.Chromium...}, fedcm:accounts: true, goog:chromeOptions: {debuggerAddress: localhost:32923}, networkConnectionEnabled: false, pageLoadStrategy: normal, platformName: linux, proxy: Proxy(), se:cdp: ws://localhost:32923/devtoo..., se:cdpVersion: 131.0.6778.139, setWindowRect: true, strictFileInteractability: false, timeouts: {implicit: 0, pageLoad: 300000, script: 30000}, unhandledPromptBehavior: dismiss and notify, webauthn:extension:credBlob: true, webauthn:extension:largeBlob: true, webauthn:extension:minPinLength: true, webauthn:extension:prf: true, webauthn:virtualAuthenticators: true}&#10;Session ID: 0197941ba018743ea0fa9698cf6b086b" type="java.lang.AssertionError"><![CDATA[java.lang.AssertionError: 
Test failed: no such element: Unable to locate element: {"method":"css selector","selector":".oxd\-topbar\-header\-breadcrumb"}
  (Session info: chrome=131.0.6778.139)
For documentation on this error, please visit: https://www.selenium.dev/documentation/webdriver/troubleshooting/errors#no-such-element-exception
Build info: version: '4.13.0', revision: 'ba948ece5b*'
System info: os.name: 'Linux', os.arch: 'amd64', os.version: '6.5.0-1025-azure', java.version: '23.0.1'
Driver info: org.openqa.selenium.chrome.ChromeDriver
Command: [0197941ba018743ea0fa9698cf6b086b, findElement {using=class name, value=oxd-topbar-header-breadcrumb}]
Capabilities {acceptInsecureCerts: false, browserName: chrome, browserVersion: 131.0.6778.139, chrome: {chromedriverVersion: 131.0.6778.108 (3b014839fbc..., userDataDir: /tmp/.org.chromium.Chromium...}, fedcm:accounts: true, goog:chromeOptions: {debuggerAddress: localhost:32923}, networkConnectionEnabled: false, pageLoadStrategy: normal, platformName: linux, proxy: Proxy(), se:cdp: ws://localhost:32923/devtoo..., se:cdpVersion: 131.0.6778.139, setWindowRect: true, strictFileInteractability: false, timeouts: {implicit: 0, pageLoad: 300000, script: 30000}, unhandledPromptBehavior: dismiss and notify, webauthn:extension:credBlob: true, webauthn:extension:largeBlob: true, webauthn:extension:minPinLength: true, webauthn:extension:prf: true, webauthn:virtualAuthenticators: true}
Session ID: 0197941ba018743ea0fa9698cf6b086b
	at tests.LoginTest.testInvalidLogin(LoginTest.java:128)
]]></failure>
    <system-out><![CDATA[12:28:36.294 [main] DEBUG io.netty.util.internal.logging.InternalLoggerFactory - Using SLF4J as the default logging framework
12:28:36.298 [main] DEBUG io.netty.util.ResourceLeakDetector - -Dio.netty.leakDetection.level: simple
12:28:36.298 [main] DEBUG io.netty.util.ResourceLeakDetector - -Dio.netty.leakDetection.targetRecords: 4
12:28:36.301 [main] DEBUG io.netty.util.ResourceLeakDetectorFactory - Loaded default ResourceLeakDetector: io.netty.util.ResourceLeakDetector@6c345c5f
12:28:36.310 [main] DEBUG io.netty.util.internal.PlatformDependent0 - -Dio.netty.noUnsafe: false
12:28:36.310 [main] DEBUG io.netty.util.internal.PlatformDependent0 - Java version: 23
12:28:36.311 [main] DEBUG io.netty.util.internal.PlatformDependent0 - sun.misc.Unsafe.theUnsafe: available
12:28:36.312 [main] DEBUG io.netty.util.internal.PlatformDependent0 - sun.misc.Unsafe.copyMemory: available
12:28:36.312 [main] DEBUG io.netty.util.internal.PlatformDependent0 - sun.misc.Unsafe.storeFence: available
12:28:36.312 [main] DEBUG io.netty.util.internal.PlatformDependent0 - java.nio.Buffer.address: available
12:28:36.312 [main] DEBUG io.netty.util.internal.PlatformDependent0 - direct buffer constructor: unavailable: Reflective setAccessible(true) disabled
12:28:36.313 [main] DEBUG io.netty.util.internal.PlatformDependent0 - java.nio.Bits.unaligned: available, true
12:28:36.313 [main] DEBUG io.netty.util.internal.PlatformDependent0 - jdk.internal.misc.Unsafe.allocateUninitializedArray(int): unavailable: class io.netty.util.internal.PlatformDependent0$7 cannot access class jdk.internal.misc.Unsafe (in module java.base) because module java.base does not export jdk.internal.misc to unnamed module @3232a28a
12:28:36.314 [main] DEBUG io.netty.util.internal.PlatformDependent0 - java.nio.DirectByteBuffer.<init>(long, {int,long}): unavailable
12:28:36.314 [main] DEBUG io.netty.util.internal.PlatformDependent - sun.misc.Unsafe: available
12:28:36.315 [main] DEBUG io.netty.util.internal.PlatformDependent - maxDirectMemory: 4190109696 bytes (maybe)
12:28:36.315 [main] DEBUG io.netty.util.internal.PlatformDependent - -Dio.netty.tmpdir: /tmp (java.io.tmpdir)
12:28:36.315 [main] DEBUG io.netty.util.internal.PlatformDependent - -Dio.netty.bitMode: 64 (sun.arch.data.model)
12:28:36.316 [main] DEBUG io.netty.util.internal.PlatformDependent - -Dio.netty.maxDirectMemory: -1 bytes
12:28:36.316 [main] DEBUG io.netty.util.internal.PlatformDependent - -Dio.netty.uninitializedArrayAllocationThreshold: -1
12:28:36.317 [main] DEBUG io.netty.util.internal.CleanerJava9 - java.nio.ByteBuffer.cleaner(): available
12:28:36.318 [main] DEBUG io.netty.util.internal.PlatformDependent - -Dio.netty.noPreferDirect: false
12:28:36.323 [main] DEBUG io.netty.util.internal.PlatformDependent - org.jctools-core.MpscChunkedArrayQueue: available
12:28:36.332 [main] DEBUG io.netty.util.internal.InternalThreadLocalMap - -Dio.netty.threadLocalMap.stringBuilder.initialSize: 1024
12:28:36.333 [main] DEBUG io.netty.util.internal.InternalThreadLocalMap - -Dio.netty.threadLocalMap.stringBuilder.maxSize: 4096
12:28:36.463 [main] DEBUG io.netty.handler.ssl.JdkSslContext - Default protocols (JDK): [TLSv1.3, TLSv1.2] 
12:28:36.464 [main] DEBUG io.netty.handler.ssl.JdkSslContext - Default cipher suites (JDK): [TLS_ECDHE_ECDSA_WITH_AES_256_GCM_SHA384, TLS_ECDHE_ECDSA_WITH_AES_128_GCM_SHA256, TLS_ECDHE_RSA_WITH_AES_128_GCM_SHA256, TLS_ECDHE_RSA_WITH_AES_256_GCM_SHA384, TLS_ECDHE_RSA_WITH_AES_128_CBC_SHA, TLS_ECDHE_RSA_WITH_AES_256_CBC_SHA, TLS_RSA_WITH_AES_128_GCM_SHA256, TLS_RSA_WITH_AES_128_CBC_SHA, TLS_RSA_WITH_AES_256_CBC_SHA, TLS_AES_128_GCM_SHA256, TLS_AES_256_GCM_SHA384]
12:28:36.471 [main] DEBUG io.netty.util.concurrent.GlobalEventExecutor - -Dio.netty.globalEventExecutor.quietPeriodSeconds: 1
12:28:36.480 [main] DEBUG io.netty.channel.MultithreadEventLoopGroup - -Dio.netty.eventLoopThreads: 8
12:28:36.486 [main] DEBUG io.netty.channel.nio.NioEventLoop - -Dio.netty.noKeySetOptimization: false
12:28:36.486 [main] DEBUG io.netty.channel.nio.NioEventLoop - -Dio.netty.selectorAutoRebuildThreshold: 512
12:28:36.504 [main] DEBUG io.netty.buffer.PooledByteBufAllocator - -Dio.netty.allocator.numHeapArenas: 8
12:28:36.504 [main] DEBUG io.netty.buffer.PooledByteBufAllocator - -Dio.netty.allocator.numDirectArenas: 8
12:28:36.504 [main] DEBUG io.netty.buffer.PooledByteBufAllocator - -Dio.netty.allocator.pageSize: 8192
12:28:36.504 [main] DEBUG io.netty.buffer.PooledByteBufAllocator - -Dio.netty.allocator.maxOrder: 9
12:28:36.504 [main] DEBUG io.netty.buffer.PooledByteBufAllocator - -Dio.netty.allocator.chunkSize: 4194304
12:28:36.505 [main] DEBUG io.netty.buffer.PooledByteBufAllocator - -Dio.netty.allocator.smallCacheSize: 256
12:28:36.505 [main] DEBUG io.netty.buffer.PooledByteBufAllocator - -Dio.netty.allocator.normalCacheSize: 64
12:28:36.505 [main] DEBUG io.netty.buffer.PooledByteBufAllocator - -Dio.netty.allocator.maxCachedBufferCapacity: 32768
12:28:36.505 [main] DEBUG io.netty.buffer.PooledByteBufAllocator - -Dio.netty.allocator.cacheTrimInterval: 8192
12:28:36.505 [main] DEBUG io.netty.buffer.PooledByteBufAllocator - -Dio.netty.allocator.cacheTrimIntervalMillis: 0
12:28:36.505 [main] DEBUG io.netty.buffer.PooledByteBufAllocator - -Dio.netty.allocator.useCacheForAllThreads: false
12:28:36.505 [main] DEBUG io.netty.buffer.PooledByteBufAllocator - -Dio.netty.allocator.maxCachedByteBuffersPerChunk: 1023
12:28:36.514 [main] DEBUG io.netty.buffer.ByteBufUtil - -Dio.netty.allocator.type: pooled
12:28:36.514 [main] DEBUG io.netty.buffer.ByteBufUtil - -Dio.netty.threadLocalDirectBufferSize: 0
12:28:36.514 [main] DEBUG io.netty.buffer.ByteBufUtil - -Dio.netty.maxThreadLocalCharBufferSize: 16384
12:28:36.689 [Forwarding newSession on session null to remote] DEBUG io.netty.channel.DefaultChannelId - -Dio.netty.processId: 1799 (auto-detected)
12:28:36.690 [Forwarding newSession on session null to remote] DEBUG io.netty.util.NetUtil - -Djava.net.preferIPv4Stack: false
12:28:36.690 [Forwarding newSession on session null to remote] DEBUG io.netty.util.NetUtil - -Djava.net.preferIPv6Addresses: false
12:28:36.691 [Forwarding newSession on session null to remote] DEBUG io.netty.util.NetUtilInitializations - Loopback interface: lo (lo, 0:0:0:0:0:0:0:1%lo)
12:28:36.692 [Forwarding newSession on session null to remote] DEBUG io.netty.util.NetUtil - /proc/sys/net/core/somaxconn: 4096
12:28:36.692 [Forwarding newSession on session null to remote] DEBUG io.netty.channel.DefaultChannelId - -Dio.netty.machineId: 00:22:48:ff:fe:0b:65:8b (auto-detected)
12:28:36.727 [AsyncHttpClient-1-2] DEBUG io.netty.buffer.AbstractByteBuf - -Dio.netty.buffer.checkAccessible: true
12:28:36.727 [AsyncHttpClient-1-2] DEBUG io.netty.buffer.AbstractByteBuf - -Dio.netty.buffer.checkBounds: true
12:28:36.727 [AsyncHttpClient-1-2] DEBUG io.netty.util.ResourceLeakDetectorFactory - Loaded default ResourceLeakDetector: io.netty.util.ResourceLeakDetector@433fde86
12:28:36.741 [AsyncHttpClient-1-2] DEBUG org.asynchttpclient.netty.channel.NettyConnectListener - Using new Channel '[id: 0x9a69f999, L:/127.0.0.1:47218 - R:localhost/127.0.0.1:27595]' for 'POST' to '/session'
12:28:36.757 [AsyncHttpClient-1-2] DEBUG io.netty.util.Recycler - -Dio.netty.recycler.maxCapacityPerThread: 4096
12:28:36.757 [AsyncHttpClient-1-2] DEBUG io.netty.util.Recycler - -Dio.netty.recycler.ratio: 8
12:28:36.757 [AsyncHttpClient-1-2] DEBUG io.netty.util.Recycler - -Dio.netty.recycler.chunkSize: 32
12:28:36.757 [AsyncHttpClient-1-2] DEBUG io.netty.util.Recycler - -Dio.netty.recycler.blocking: false
12:28:36.757 [AsyncHttpClient-1-2] DEBUG io.netty.util.Recycler - -Dio.netty.recycler.batchFastThreadLocalOnly: true
12:28:37.336 [AsyncHttpClient-1-2] DEBUG io.netty.handler.codec.compression.Brotli - brotli4j not in the classpath; Brotli support will be unavailable.
12:28:37.337 [AsyncHttpClient-1-2] DEBUG org.asynchttpclient.netty.handler.HttpHandler - 

Request DefaultHttpRequest(decodeResult: success, version: HTTP/1.1)
POST /session HTTP/1.1
User-Agent: selenium/4.13.0 (java unix)
Content-Length: 385
Content-Type: application/json; charset=utf-8
host: localhost:27595
accept: */*

Response DefaultHttpResponse(decodeResult: success, version: HTTP/1.1)
HTTP/1.1 200 OK
Content-Length: 850
Content-Type: application/json; charset=utf-8
cache-control: no-cache

12:28:37.340 [AsyncHttpClient-1-2] DEBUG org.asynchttpclient.netty.channel.ChannelManager - Adding key: http://localhost:27595 for channel [id: 0x9a69f999, L:/127.0.0.1:47218 - R:localhost/127.0.0.1:27595]
12:28:37.380 [AsyncHttpClient-1-3] DEBUG org.asynchttpclient.netty.channel.NettyConnectListener - Using new Channel '[id: 0x5867416f, L:/127.0.0.1:40048 - R:localhost/127.0.0.1:32923]' for 'GET' to '/json/version'
12:28:37.382 [AsyncHttpClient-1-3] DEBUG org.asynchttpclient.netty.handler.HttpHandler - 

Request DefaultFullHttpRequest(decodeResult: success, version: HTTP/1.1, content: EmptyByteBufBE)
GET /json/version HTTP/1.1
User-Agent: selenium/4.13.0 (java unix)
host: localhost:32923
accept: */*

Response DefaultHttpResponse(decodeResult: success, version: HTTP/1.1)
HTTP/1.1 200 OK
Content-Security-Policy: frame-ancestors 'none'
Content-Length: 414
Content-Type: application/json; charset=UTF-8

12:28:37.382 [AsyncHttpClient-1-3] DEBUG org.asynchttpclient.netty.channel.ChannelManager - Adding key: http://localhost:32923 for channel [id: 0x5867416f, L:/127.0.0.1:40048 - R:localhost/127.0.0.1:32923]
12:28:37.387 [main] DEBUG io.netty.util.internal.ThreadLocalRandom - -Dio.netty.initialSeedUniquifier: 0xce9faabb20435c03
12:28:37.389 [AsyncHttpClient-1-4] DEBUG org.asynchttpclient.netty.channel.NettyConnectListener - Using new Channel '[id: 0x38546209, L:/127.0.0.1:40052 - R:localhost/127.0.0.1:32923]' for 'GET' to '/devtools/browser/778d4b36-28d0-40e8-a99d-71c259035912'
12:28:37.392 [AsyncHttpClient-1-4] DEBUG org.asynchttpclient.netty.handler.WebSocketHandler - 

Request DefaultFullHttpRequest(decodeResult: success, version: HTTP/1.1, content: EmptyByteBufBE)
GET /devtools/browser/778d4b36-28d0-40e8-a99d-71c259035912 HTTP/1.1
upgrade: websocket
connection: upgrade
sec-websocket-key: SU4ZuZrsCcOaG7g8VjnNUA==
sec-websocket-version: 13
origin: http://localhost:32923
host: localhost:32923
accept: */*
user-agent: AHC/2.1

Response DefaultHttpResponse(decodeResult: success, version: HTTP/1.1)
HTTP/1.1 101 WebSocket Protocol Handshake
Upgrade: WebSocket
Connection: Upgrade
Sec-WebSocket-Accept: SAICywbyNsOaUIRN+LZo2t5WNgg=

12:28:37.425 [Forwarding setTimeout on session 0197941ba018743ea0fa9698cf6b086b to remote] DEBUG org.asynchttpclient.netty.request.NettyRequestSender - Using pooled Channel '[id: 0x9a69f999, L:/127.0.0.1:47218 - R:localhost/127.0.0.1:27595]' for 'POST' to 'http://localhost:27595/session/0197941ba018743ea0fa9698cf6b086b/timeouts'
12:28:37.425 [Forwarding setTimeout on session 0197941ba018743ea0fa9698cf6b086b to remote] DEBUG org.asynchttpclient.netty.request.NettyRequestSender - Using open Channel [id: 0x9a69f999, L:/127.0.0.1:47218 - R:localhost/127.0.0.1:27595] for POST '/session/0197941ba018743ea0fa9698cf6b086b/timeouts'
12:28:37.427 [AsyncHttpClient-1-2] DEBUG org.asynchttpclient.netty.handler.HttpHandler - 

Request DefaultHttpRequest(decodeResult: success, version: HTTP/1.1)
POST /session/0197941ba018743ea0fa9698cf6b086b/timeouts HTTP/1.1
User-Agent: selenium/4.13.0 (java unix)
Content-Length: 23
Content-Type: application/json; charset=utf-8
host: localhost:27595
accept: */*

Response DefaultHttpResponse(decodeResult: success, version: HTTP/1.1)
HTTP/1.1 200 OK
Content-Length: 14
Content-Type: application/json; charset=utf-8
cache-control: no-cache

12:28:37.427 [AsyncHttpClient-1-2] DEBUG org.asynchttpclient.netty.channel.ChannelManager - Adding key: http://localhost:27595 for channel [id: 0x9a69f999, L:/127.0.0.1:47218 - R:localhost/127.0.0.1:27595]
12:28:37.467 [Forwarding get on session 0197941ba018743ea0fa9698cf6b086b to remote] DEBUG org.asynchttpclient.netty.request.NettyRequestSender - Using pooled Channel '[id: 0x9a69f999, L:/127.0.0.1:47218 - R:localhost/127.0.0.1:27595]' for 'POST' to 'http://localhost:27595/session/0197941ba018743ea0fa9698cf6b086b/url'
12:28:37.467 [Forwarding get on session 0197941ba018743ea0fa9698cf6b086b to remote] DEBUG org.asynchttpclient.netty.request.NettyRequestSender - Using open Channel [id: 0x9a69f999, L:/127.0.0.1:47218 - R:localhost/127.0.0.1:27595] for POST '/session/0197941ba018743ea0fa9698cf6b086b/url'
12:28:37.526 [AsyncHttpClient-1-1] DEBUG org.asynchttpclient.netty.channel.DefaultChannelPool - Entry count for : http://localhost:32923 : 1
12:28:38.598 [AsyncHttpClient-1-2] DEBUG org.asynchttpclient.netty.handler.HttpHandler - 

Request DefaultHttpRequest(decodeResult: success, version: HTTP/1.1)
POST /session/0197941ba018743ea0fa9698cf6b086b/url HTTP/1.1
User-Agent: selenium/4.13.0 (java unix)
Content-Length: 111
Content-Type: application/json; charset=utf-8
host: localhost:27595
accept: */*

Response DefaultHttpResponse(decodeResult: success, version: HTTP/1.1)
HTTP/1.1 200 OK
Content-Length: 14
Content-Type: application/json; charset=utf-8
cache-control: no-cache

12:28:38.598 [AsyncHttpClient-1-2] DEBUG org.asynchttpclient.netty.channel.ChannelManager - Adding key: http://localhost:27595 for channel [id: 0x9a69f999, L:/127.0.0.1:47218 - R:localhost/127.0.0.1:27595]
12:28:38.601 [Forwarding findElement on session 0197941ba018743ea0fa9698cf6b086b to remote] DEBUG org.asynchttpclient.netty.request.NettyRequestSender - Using pooled Channel '[id: 0x9a69f999, L:/127.0.0.1:47218 - R:localhost/127.0.0.1:27595]' for 'POST' to 'http://localhost:27595/session/0197941ba018743ea0fa9698cf6b086b/element'
12:28:38.601 [Forwarding findElement on session 0197941ba018743ea0fa9698cf6b086b to remote] DEBUG org.asynchttpclient.netty.request.NettyRequestSender - Using open Channel [id: 0x9a69f999, L:/127.0.0.1:47218 - R:localhost/127.0.0.1:27595] for POST '/session/0197941ba018743ea0fa9698cf6b086b/element'
12:28:38.625 [AsyncHttpClient-1-1] DEBUG org.asynchttpclient.netty.channel.DefaultChannelPool - Entry count for : http://localhost:32923 : 1
12:28:38.862 [AsyncHttpClient-1-2] DEBUG org.asynchttpclient.netty.handler.HttpHandler - 

Request DefaultHttpRequest(decodeResult: success, version: HTTP/1.1)
POST /session/0197941ba018743ea0fa9698cf6b086b/element HTTP/1.1
User-Agent: selenium/4.13.0 (java unix)
Content-Length: 62
Content-Type: application/json; charset=utf-8
host: localhost:27595
accept: */*

Response DefaultHttpResponse(decodeResult: success, version: HTTP/1.1)
HTTP/1.1 200 OK
Content-Length: 125
Content-Type: application/json; charset=utf-8
cache-control: no-cache

12:28:38.862 [AsyncHttpClient-1-2] DEBUG org.asynchttpclient.netty.channel.ChannelManager - Adding key: http://localhost:27595 for channel [id: 0x9a69f999, L:/127.0.0.1:47218 - R:localhost/127.0.0.1:27595]
12:28:38.866 [Forwarding sendKeysToElement on session 0197941ba018743ea0fa9698cf6b086b to remote] DEBUG org.asynchttpclient.netty.request.NettyRequestSender - Using pooled Channel '[id: 0x9a69f999, L:/127.0.0.1:47218 - R:localhost/127.0.0.1:27595]' for 'POST' to 'http://localhost:27595/session/0197941ba018743ea0fa9698cf6b086b/element/f.6288715C41777719DE2A5646768E9A0D.d.5F32005BBB7ECF61797E3B76C20E9313.e.2/value'
12:28:38.866 [Forwarding sendKeysToElement on session 0197941ba018743ea0fa9698cf6b086b to remote] DEBUG org.asynchttpclient.netty.request.NettyRequestSender - Using open Channel [id: 0x9a69f999, L:/127.0.0.1:47218 - R:localhost/127.0.0.1:27595] for POST '/session/0197941ba018743ea0fa9698cf6b086b/element/f.6288715C41777719DE2A5646768E9A0D.d.5F32005BBB7ECF61797E3B76C20E9313.e.2/value'
12:28:38.912 [AsyncHttpClient-1-2] DEBUG org.asynchttpclient.netty.handler.HttpHandler - 

Request DefaultHttpRequest(decodeResult: success, version: HTTP/1.1)
POST /session/0197941ba018743ea0fa9698cf6b086b/element/f.6288715C41777719DE2A5646768E9A0D.d.5F32005BBB7ECF61797E3B76C20E9313.e.2/value HTTP/1.1
User-Agent: selenium/4.13.0 (java unix)
Content-Length: 228
Content-Type: application/json; charset=utf-8
host: localhost:27595
accept: */*

Response DefaultHttpResponse(decodeResult: success, version: HTTP/1.1)
HTTP/1.1 200 OK
Content-Length: 14
Content-Type: application/json; charset=utf-8
cache-control: no-cache

12:28:38.912 [AsyncHttpClient-1-2] DEBUG org.asynchttpclient.netty.channel.ChannelManager - Adding key: http://localhost:27595 for channel [id: 0x9a69f999, L:/127.0.0.1:47218 - R:localhost/127.0.0.1:27595]
12:28:38.914 [Forwarding findElement on session 0197941ba018743ea0fa9698cf6b086b to remote] DEBUG org.asynchttpclient.netty.request.NettyRequestSender - Using pooled Channel '[id: 0x9a69f999, L:/127.0.0.1:47218 - R:localhost/127.0.0.1:27595]' for 'POST' to 'http://localhost:27595/session/0197941ba018743ea0fa9698cf6b086b/element'
12:28:38.914 [Forwarding findElement on session 0197941ba018743ea0fa9698cf6b086b to remote] DEBUG org.asynchttpclient.netty.request.NettyRequestSender - Using open Channel [id: 0x9a69f999, L:/127.0.0.1:47218 - R:localhost/127.0.0.1:27595] for POST '/session/0197941ba018743ea0fa9698cf6b086b/element'
12:28:38.925 [AsyncHttpClient-1-2] DEBUG org.asynchttpclient.netty.handler.HttpHandler - 

Request DefaultHttpRequest(decodeResult: success, version: HTTP/1.1)
POST /session/0197941ba018743ea0fa9698cf6b086b/element HTTP/1.1
User-Agent: selenium/4.13.0 (java unix)
Content-Length: 62
Content-Type: application/json; charset=utf-8
host: localhost:27595
accept: */*

Response DefaultHttpResponse(decodeResult: success, version: HTTP/1.1)
HTTP/1.1 200 OK
Content-Length: 125
Content-Type: application/json; charset=utf-8
cache-control: no-cache

12:28:38.925 [AsyncHttpClient-1-2] DEBUG org.asynchttpclient.netty.channel.ChannelManager - Adding key: http://localhost:27595 for channel [id: 0x9a69f999, L:/127.0.0.1:47218 - R:localhost/127.0.0.1:27595]
12:28:38.928 [Forwarding sendKeysToElement on session 0197941ba018743ea0fa9698cf6b086b to remote] DEBUG org.asynchttpclient.netty.request.NettyRequestSender - Using pooled Channel '[id: 0x9a69f999, L:/127.0.0.1:47218 - R:localhost/127.0.0.1:27595]' for 'POST' to 'http://localhost:27595/session/0197941ba018743ea0fa9698cf6b086b/element/f.6288715C41777719DE2A5646768E9A0D.d.5F32005BBB7ECF61797E3B76C20E9313.e.4/value'
12:28:38.928 [Forwarding sendKeysToElement on session 0197941ba018743ea0fa9698cf6b086b to remote] DEBUG org.asynchttpclient.netty.request.NettyRequestSender - Using open Channel [id: 0x9a69f999, L:/127.0.0.1:47218 - R:localhost/127.0.0.1:27595] for POST '/session/0197941ba018743ea0fa9698cf6b086b/element/f.6288715C41777719DE2A5646768E9A0D.d.5F32005BBB7ECF61797E3B76C20E9313.e.4/value'
12:28:38.979 [AsyncHttpClient-1-2] DEBUG org.asynchttpclient.netty.handler.HttpHandler - 

Request DefaultHttpRequest(decodeResult: success, version: HTTP/1.1)
POST /session/0197941ba018743ea0fa9698cf6b086b/element/f.6288715C41777719DE2A5646768E9A0D.d.5F32005BBB7ECF61797E3B76C20E9313.e.4/value HTTP/1.1
User-Agent: selenium/4.13.0 (java unix)
Content-Length: 268
Content-Type: application/json; charset=utf-8
host: localhost:27595
accept: */*

Response DefaultHttpResponse(decodeResult: success, version: HTTP/1.1)
HTTP/1.1 200 OK
Content-Length: 14
Content-Type: application/json; charset=utf-8
cache-control: no-cache

12:28:38.980 [AsyncHttpClient-1-2] DEBUG org.asynchttpclient.netty.channel.ChannelManager - Adding key: http://localhost:27595 for channel [id: 0x9a69f999, L:/127.0.0.1:47218 - R:localhost/127.0.0.1:27595]
12:28:38.982 [Forwarding findElement on session 0197941ba018743ea0fa9698cf6b086b to remote] DEBUG org.asynchttpclient.netty.request.NettyRequestSender - Using pooled Channel '[id: 0x9a69f999, L:/127.0.0.1:47218 - R:localhost/127.0.0.1:27595]' for 'POST' to 'http://localhost:27595/session/0197941ba018743ea0fa9698cf6b086b/element'
12:28:38.982 [Forwarding findElement on session 0197941ba018743ea0fa9698cf6b086b to remote] DEBUG org.asynchttpclient.netty.request.NettyRequestSender - Using open Channel [id: 0x9a69f999, L:/127.0.0.1:47218 - R:localhost/127.0.0.1:27595] for POST '/session/0197941ba018743ea0fa9698cf6b086b/element'
12:28:38.993 [AsyncHttpClient-1-2] DEBUG org.asynchttpclient.netty.handler.HttpHandler - 

Request DefaultHttpRequest(decodeResult: success, version: HTTP/1.1)
POST /session/0197941ba018743ea0fa9698cf6b086b/element HTTP/1.1
User-Agent: selenium/4.13.0 (java unix)
Content-Length: 71
Content-Type: application/json; charset=utf-8
host: localhost:27595
accept: */*

Response DefaultHttpResponse(decodeResult: success, version: HTTP/1.1)
HTTP/1.1 200 OK
Content-Length: 126
Content-Type: application/json; charset=utf-8
cache-control: no-cache

12:28:38.994 [AsyncHttpClient-1-2] DEBUG org.asynchttpclient.netty.channel.ChannelManager - Adding key: http://localhost:27595 for channel [id: 0x9a69f999, L:/127.0.0.1:47218 - R:localhost/127.0.0.1:27595]
12:28:38.995 [Forwarding clickElement on session 0197941ba018743ea0fa9698cf6b086b to remote] DEBUG org.asynchttpclient.netty.request.NettyRequestSender - Using pooled Channel '[id: 0x9a69f999, L:/127.0.0.1:47218 - R:localhost/127.0.0.1:27595]' for 'POST' to 'http://localhost:27595/session/0197941ba018743ea0fa9698cf6b086b/element/f.6288715C41777719DE2A5646768E9A0D.d.5F32005BBB7ECF61797E3B76C20E9313.e.15/click'
12:28:38.995 [Forwarding clickElement on session 0197941ba018743ea0fa9698cf6b086b to remote] DEBUG org.asynchttpclient.netty.request.NettyRequestSender - Using open Channel [id: 0x9a69f999, L:/127.0.0.1:47218 - R:localhost/127.0.0.1:27595] for POST '/session/0197941ba018743ea0fa9698cf6b086b/element/f.6288715C41777719DE2A5646768E9A0D.d.5F32005BBB7ECF61797E3B76C20E9313.e.15/click'
12:28:39.567 [AsyncHttpClient-1-2] DEBUG org.asynchttpclient.netty.handler.HttpHandler - 

Request DefaultHttpRequest(decodeResult: success, version: HTTP/1.1)
POST /session/0197941ba018743ea0fa9698cf6b086b/element/f.6288715C41777719DE2A5646768E9A0D.d.5F32005BBB7ECF61797E3B76C20E9313.e.15/click HTTP/1.1
User-Agent: selenium/4.13.0 (java unix)
Content-Length: 88
Content-Type: application/json; charset=utf-8
host: localhost:27595
accept: */*

Response DefaultHttpResponse(decodeResult: success, version: HTTP/1.1)
HTTP/1.1 200 OK
Content-Length: 14
Content-Type: application/json; charset=utf-8
cache-control: no-cache

12:28:39.567 [AsyncHttpClient-1-2] DEBUG org.asynchttpclient.netty.channel.ChannelManager - Adding key: http://localhost:27595 for channel [id: 0x9a69f999, L:/127.0.0.1:47218 - R:localhost/127.0.0.1:27595]
12:28:39.569 [Forwarding findElement on session 0197941ba018743ea0fa9698cf6b086b to remote] DEBUG org.asynchttpclient.netty.request.NettyRequestSender - Using pooled Channel '[id: 0x9a69f999, L:/127.0.0.1:47218 - R:localhost/127.0.0.1:27595]' for 'POST' to 'http://localhost:27595/session/0197941ba018743ea0fa9698cf6b086b/element'
12:28:39.569 [Forwarding findElement on session 0197941ba018743ea0fa9698cf6b086b to remote] DEBUG org.asynchttpclient.netty.request.NettyRequestSender - Using open Channel [id: 0x9a69f999, L:/127.0.0.1:47218 - R:localhost/127.0.0.1:27595] for POST '/session/0197941ba018743ea0fa9698cf6b086b/element'
12:28:39.726 [AsyncHttpClient-1-1] DEBUG org.asynchttpclient.netty.channel.DefaultChannelPool - Entry count for : http://localhost:32923 : 1
12:28:40.825 [AsyncHttpClient-1-1] DEBUG org.asynchttpclient.netty.channel.DefaultChannelPool - Entry count for : http://localhost:32923 : 1
12:28:41.925 [AsyncHttpClient-1-1] DEBUG org.asynchttpclient.netty.channel.DefaultChannelPool - Entry count for : http://localhost:32923 : 1
12:28:43.026 [AsyncHttpClient-1-1] DEBUG org.asynchttpclient.netty.channel.DefaultChannelPool - Entry count for : http://localhost:32923 : 1
12:28:44.126 [AsyncHttpClient-1-1] DEBUG org.asynchttpclient.netty.channel.DefaultChannelPool - Entry count for : http://localhost:32923 : 1
12:28:45.225 [AsyncHttpClient-1-1] DEBUG org.asynchttpclient.netty.channel.DefaultChannelPool - Entry count for : http://localhost:32923 : 1
12:28:46.326 [AsyncHttpClient-1-1] DEBUG org.asynchttpclient.netty.channel.DefaultChannelPool - Entry count for : http://localhost:32923 : 1
12:28:47.425 [AsyncHttpClient-1-1] DEBUG org.asynchttpclient.netty.channel.DefaultChannelPool - Entry count for : http://localhost:32923 : 1
12:28:48.525 [AsyncHttpClient-1-1] DEBUG org.asynchttpclient.netty.channel.DefaultChannelPool - Entry count for : http://localhost:32923 : 1
12:28:49.588 [AsyncHttpClient-1-2] DEBUG org.asynchttpclient.netty.handler.HttpHandler - 

Request DefaultHttpRequest(decodeResult: success, version: HTTP/1.1)
POST /session/0197941ba018743ea0fa9698cf6b086b/element HTTP/1.1
User-Agent: selenium/4.13.0 (java unix)
Content-Length: 79
Content-Type: application/json; charset=utf-8
host: localhost:27595
accept: */*

Response DefaultHttpResponse(decodeResult: success, version: HTTP/1.1)
HTTP/1.1 404 Not Found
Content-Length: 887
Content-Type: application/json; charset=utf-8
cache-control: no-cache

12:28:49.588 [AsyncHttpClient-1-2] DEBUG org.asynchttpclient.netty.channel.ChannelManager - Adding key: http://localhost:27595 for channel [id: 0x9a69f999, L:/127.0.0.1:47218 - R:localhost/127.0.0.1:27595]
12:28:49.626 [AsyncHttpClient-1-1] DEBUG org.asynchttpclient.netty.channel.DefaultChannelPool - Entry count for : http://localhost:32923 : 1
12:28:49.626 [AsyncHttpClient-1-1] DEBUG org.asynchttpclient.netty.channel.DefaultChannelPool - Entry count for : http://localhost:27595 : 1
]]></system-out>
    <system-err><![CDATA[Jan 01, 2025 12:28:37 PM org.openqa.selenium.devtools.CdpVersionFinder findNearestMatch
WARNING: Unable to find CDP implementation matching 131
Jan 01, 2025 12:28:37 PM org.openqa.selenium.chromium.ChromiumDriver lambda$new$5
WARNING: Unable to find version of CDP to use for 131.0.6778.139. You may need to include a dependency on a specific version of the CDP using something similar to `org.seleniumhq.selenium:selenium-devtools-v86:4.13.0` where the version ("v86") matches the version of the chromium-based browser you're using and the version number of the artifact is the same as Selenium's.
]]></system-err>
  </testcase>
  <testcase name="testValidLogin" classname="tests.LoginTest" time="2.082">
    <system-out><![CDATA[12:28:49.644 [Forwarding get on session 0197941ba018743ea0fa9698cf6b086b to remote] DEBUG org.asynchttpclient.netty.request.NettyRequestSender - Using pooled Channel '[id: 0x9a69f999, L:/127.0.0.1:47218 - R:localhost/127.0.0.1:27595]' for 'POST' to 'http://localhost:27595/session/0197941ba018743ea0fa9698cf6b086b/url'
12:28:49.644 [Forwarding get on session 0197941ba018743ea0fa9698cf6b086b to remote] DEBUG org.asynchttpclient.netty.request.NettyRequestSender - Using open Channel [id: 0x9a69f999, L:/127.0.0.1:47218 - R:localhost/127.0.0.1:27595] for POST '/session/0197941ba018743ea0fa9698cf6b086b/url'
12:28:49.976 [AsyncHttpClient-1-2] DEBUG org.asynchttpclient.netty.handler.HttpHandler - 

Request DefaultHttpRequest(decodeResult: success, version: HTTP/1.1)
POST /session/0197941ba018743ea0fa9698cf6b086b/url HTTP/1.1
User-Agent: selenium/4.13.0 (java unix)
Content-Length: 111
Content-Type: application/json; charset=utf-8
host: localhost:27595
accept: */*

Response DefaultHttpResponse(decodeResult: success, version: HTTP/1.1)
HTTP/1.1 200 OK
Content-Length: 14
Content-Type: application/json; charset=utf-8
cache-control: no-cache

12:28:49.977 [AsyncHttpClient-1-2] DEBUG org.asynchttpclient.netty.channel.ChannelManager - Adding key: http://localhost:27595 for channel [id: 0x9a69f999, L:/127.0.0.1:47218 - R:localhost/127.0.0.1:27595]
12:28:49.979 [Forwarding findElement on session 0197941ba018743ea0fa9698cf6b086b to remote] DEBUG org.asynchttpclient.netty.request.NettyRequestSender - Using pooled Channel '[id: 0x9a69f999, L:/127.0.0.1:47218 - R:localhost/127.0.0.1:27595]' for 'POST' to 'http://localhost:27595/session/0197941ba018743ea0fa9698cf6b086b/element'
12:28:49.979 [Forwarding findElement on session 0197941ba018743ea0fa9698cf6b086b to remote] DEBUG org.asynchttpclient.netty.request.NettyRequestSender - Using open Channel [id: 0x9a69f999, L:/127.0.0.1:47218 - R:localhost/127.0.0.1:27595] for POST '/session/0197941ba018743ea0fa9698cf6b086b/element'
12:28:50.172 [AsyncHttpClient-1-2] DEBUG org.asynchttpclient.netty.handler.HttpHandler - 

Request DefaultHttpRequest(decodeResult: success, version: HTTP/1.1)
POST /session/0197941ba018743ea0fa9698cf6b086b/element HTTP/1.1
User-Agent: selenium/4.13.0 (java unix)
Content-Length: 62
Content-Type: application/json; charset=utf-8
host: localhost:27595
accept: */*

Response DefaultHttpResponse(decodeResult: success, version: HTTP/1.1)
HTTP/1.1 200 OK
Content-Length: 126
Content-Type: application/json; charset=utf-8
cache-control: no-cache

12:28:50.173 [AsyncHttpClient-1-2] DEBUG org.asynchttpclient.netty.channel.ChannelManager - Adding key: http://localhost:27595 for channel [id: 0x9a69f999, L:/127.0.0.1:47218 - R:localhost/127.0.0.1:27595]
12:28:50.175 [Forwarding sendKeysToElement on session 0197941ba018743ea0fa9698cf6b086b to remote] DEBUG org.asynchttpclient.netty.request.NettyRequestSender - Using pooled Channel '[id: 0x9a69f999, L:/127.0.0.1:47218 - R:localhost/127.0.0.1:27595]' for 'POST' to 'http://localhost:27595/session/0197941ba018743ea0fa9698cf6b086b/element/f.6288715C41777719DE2A5646768E9A0D.d.DFAE368EF69EB83910193C631DDF2423.e.34/value'
12:28:50.175 [Forwarding sendKeysToElement on session 0197941ba018743ea0fa9698cf6b086b to remote] DEBUG org.asynchttpclient.netty.request.NettyRequestSender - Using open Channel [id: 0x9a69f999, L:/127.0.0.1:47218 - R:localhost/127.0.0.1:27595] for POST '/session/0197941ba018743ea0fa9698cf6b086b/element/f.6288715C41777719DE2A5646768E9A0D.d.DFAE368EF69EB83910193C631DDF2423.e.34/value'
12:28:50.198 [AsyncHttpClient-1-2] DEBUG org.asynchttpclient.netty.handler.HttpHandler - 

Request DefaultHttpRequest(decodeResult: success, version: HTTP/1.1)
POST /session/0197941ba018743ea0fa9698cf6b086b/element/f.6288715C41777719DE2A5646768E9A0D.d.DFAE368EF69EB83910193C631DDF2423.e.34/value HTTP/1.1
User-Agent: selenium/4.13.0 (java unix)
Content-Length: 169
Content-Type: application/json; charset=utf-8
host: localhost:27595
accept: */*

Response DefaultHttpResponse(decodeResult: success, version: HTTP/1.1)
HTTP/1.1 200 OK
Content-Length: 14
Content-Type: application/json; charset=utf-8
cache-control: no-cache

12:28:50.198 [AsyncHttpClient-1-2] DEBUG org.asynchttpclient.netty.channel.ChannelManager - Adding key: http://localhost:27595 for channel [id: 0x9a69f999, L:/127.0.0.1:47218 - R:localhost/127.0.0.1:27595]
12:28:50.199 [Forwarding findElement on session 0197941ba018743ea0fa9698cf6b086b to remote] DEBUG org.asynchttpclient.netty.request.NettyRequestSender - Using pooled Channel '[id: 0x9a69f999, L:/127.0.0.1:47218 - R:localhost/127.0.0.1:27595]' for 'POST' to 'http://localhost:27595/session/0197941ba018743ea0fa9698cf6b086b/element'
12:28:50.200 [Forwarding findElement on session 0197941ba018743ea0fa9698cf6b086b to remote] DEBUG org.asynchttpclient.netty.request.NettyRequestSender - Using open Channel [id: 0x9a69f999, L:/127.0.0.1:47218 - R:localhost/127.0.0.1:27595] for POST '/session/0197941ba018743ea0fa9698cf6b086b/element'
12:28:50.205 [AsyncHttpClient-1-2] DEBUG org.asynchttpclient.netty.handler.HttpHandler - 

Request DefaultHttpRequest(decodeResult: success, version: HTTP/1.1)
POST /session/0197941ba018743ea0fa9698cf6b086b/element HTTP/1.1
User-Agent: selenium/4.13.0 (java unix)
Content-Length: 62
Content-Type: application/json; charset=utf-8
host: localhost:27595
accept: */*

Response DefaultHttpResponse(decodeResult: success, version: HTTP/1.1)
HTTP/1.1 200 OK
Content-Length: 126
Content-Type: application/json; charset=utf-8
cache-control: no-cache

12:28:50.205 [AsyncHttpClient-1-2] DEBUG org.asynchttpclient.netty.channel.ChannelManager - Adding key: http://localhost:27595 for channel [id: 0x9a69f999, L:/127.0.0.1:47218 - R:localhost/127.0.0.1:27595]
12:28:50.208 [Forwarding sendKeysToElement on session 0197941ba018743ea0fa9698cf6b086b to remote] DEBUG org.asynchttpclient.netty.request.NettyRequestSender - Using pooled Channel '[id: 0x9a69f999, L:/127.0.0.1:47218 - R:localhost/127.0.0.1:27595]' for 'POST' to 'http://localhost:27595/session/0197941ba018743ea0fa9698cf6b086b/element/f.6288715C41777719DE2A5646768E9A0D.d.DFAE368EF69EB83910193C631DDF2423.e.36/value'
12:28:50.208 [Forwarding sendKeysToElement on session 0197941ba018743ea0fa9698cf6b086b to remote] DEBUG org.asynchttpclient.netty.request.NettyRequestSender - Using open Channel [id: 0x9a69f999, L:/127.0.0.1:47218 - R:localhost/127.0.0.1:27595] for POST '/session/0197941ba018743ea0fa9698cf6b086b/element/f.6288715C41777719DE2A5646768E9A0D.d.DFAE368EF69EB83910193C631DDF2423.e.36/value'
12:28:50.243 [AsyncHttpClient-1-2] DEBUG org.asynchttpclient.netty.handler.HttpHandler - 

Request DefaultHttpRequest(decodeResult: success, version: HTTP/1.1)
POST /session/0197941ba018743ea0fa9698cf6b086b/element/f.6288715C41777719DE2A5646768E9A0D.d.DFAE368EF69EB83910193C631DDF2423.e.36/value HTTP/1.1
User-Agent: selenium/4.13.0 (java unix)
Content-Length: 199
Content-Type: application/json; charset=utf-8
host: localhost:27595
accept: */*

Response DefaultHttpResponse(decodeResult: success, version: HTTP/1.1)
HTTP/1.1 200 OK
Content-Length: 14
Content-Type: application/json; charset=utf-8
cache-control: no-cache

12:28:50.244 [AsyncHttpClient-1-2] DEBUG org.asynchttpclient.netty.channel.ChannelManager - Adding key: http://localhost:27595 for channel [id: 0x9a69f999, L:/127.0.0.1:47218 - R:localhost/127.0.0.1:27595]
12:28:50.245 [Forwarding findElement on session 0197941ba018743ea0fa9698cf6b086b to remote] DEBUG org.asynchttpclient.netty.request.NettyRequestSender - Using pooled Channel '[id: 0x9a69f999, L:/127.0.0.1:47218 - R:localhost/127.0.0.1:27595]' for 'POST' to 'http://localhost:27595/session/0197941ba018743ea0fa9698cf6b086b/element'
12:28:50.245 [Forwarding findElement on session 0197941ba018743ea0fa9698cf6b086b to remote] DEBUG org.asynchttpclient.netty.request.NettyRequestSender - Using open Channel [id: 0x9a69f999, L:/127.0.0.1:47218 - R:localhost/127.0.0.1:27595] for POST '/session/0197941ba018743ea0fa9698cf6b086b/element'
12:28:50.250 [AsyncHttpClient-1-2] DEBUG org.asynchttpclient.netty.handler.HttpHandler - 

Request DefaultHttpRequest(decodeResult: success, version: HTTP/1.1)
POST /session/0197941ba018743ea0fa9698cf6b086b/element HTTP/1.1
User-Agent: selenium/4.13.0 (java unix)
Content-Length: 71
Content-Type: application/json; charset=utf-8
host: localhost:27595
accept: */*

Response DefaultHttpResponse(decodeResult: success, version: HTTP/1.1)
HTTP/1.1 200 OK
Content-Length: 126
Content-Type: application/json; charset=utf-8
cache-control: no-cache

12:28:50.251 [AsyncHttpClient-1-2] DEBUG org.asynchttpclient.netty.channel.ChannelManager - Adding key: http://localhost:27595 for channel [id: 0x9a69f999, L:/127.0.0.1:47218 - R:localhost/127.0.0.1:27595]
12:28:50.252 [Forwarding clickElement on session 0197941ba018743ea0fa9698cf6b086b to remote] DEBUG org.asynchttpclient.netty.request.NettyRequestSender - Using pooled Channel '[id: 0x9a69f999, L:/127.0.0.1:47218 - R:localhost/127.0.0.1:27595]' for 'POST' to 'http://localhost:27595/session/0197941ba018743ea0fa9698cf6b086b/element/f.6288715C41777719DE2A5646768E9A0D.d.DFAE368EF69EB83910193C631DDF2423.e.39/click'
12:28:50.252 [Forwarding clickElement on session 0197941ba018743ea0fa9698cf6b086b to remote] DEBUG org.asynchttpclient.netty.request.NettyRequestSender - Using open Channel [id: 0x9a69f999, L:/127.0.0.1:47218 - R:localhost/127.0.0.1:27595] for POST '/session/0197941ba018743ea0fa9698cf6b086b/element/f.6288715C41777719DE2A5646768E9A0D.d.DFAE368EF69EB83910193C631DDF2423.e.39/click'
12:28:50.725 [AsyncHttpClient-1-1] DEBUG org.asynchttpclient.netty.channel.DefaultChannelPool - Entry count for : http://localhost:32923 : 1
12:28:51.371 [AsyncHttpClient-1-2] DEBUG org.asynchttpclient.netty.handler.HttpHandler - 

Request DefaultHttpRequest(decodeResult: success, version: HTTP/1.1)
POST /session/0197941ba018743ea0fa9698cf6b086b/element/f.6288715C41777719DE2A5646768E9A0D.d.DFAE368EF69EB83910193C631DDF2423.e.39/click HTTP/1.1
User-Agent: selenium/4.13.0 (java unix)
Content-Length: 88
Content-Type: application/json; charset=utf-8
host: localhost:27595
accept: */*

Response DefaultHttpResponse(decodeResult: success, version: HTTP/1.1)
HTTP/1.1 200 OK
Content-Length: 14
Content-Type: application/json; charset=utf-8
cache-control: no-cache

12:28:51.371 [AsyncHttpClient-1-2] DEBUG org.asynchttpclient.netty.channel.ChannelManager - Adding key: http://localhost:27595 for channel [id: 0x9a69f999, L:/127.0.0.1:47218 - R:localhost/127.0.0.1:27595]
12:28:51.373 [Forwarding findElement on session 0197941ba018743ea0fa9698cf6b086b to remote] DEBUG org.asynchttpclient.netty.request.NettyRequestSender - Using pooled Channel '[id: 0x9a69f999, L:/127.0.0.1:47218 - R:localhost/127.0.0.1:27595]' for 'POST' to 'http://localhost:27595/session/0197941ba018743ea0fa9698cf6b086b/element'
12:28:51.373 [Forwarding findElement on session 0197941ba018743ea0fa9698cf6b086b to remote] DEBUG org.asynchttpclient.netty.request.NettyRequestSender - Using open Channel [id: 0x9a69f999, L:/127.0.0.1:47218 - R:localhost/127.0.0.1:27595] for POST '/session/0197941ba018743ea0fa9698cf6b086b/element'
12:28:51.665 [AsyncHttpClient-1-2] DEBUG org.asynchttpclient.netty.handler.HttpHandler - 

Request DefaultHttpRequest(decodeResult: success, version: HTTP/1.1)
POST /session/0197941ba018743ea0fa9698cf6b086b/element HTTP/1.1
User-Agent: selenium/4.13.0 (java unix)
Content-Length: 79
Content-Type: application/json; charset=utf-8
host: localhost:27595
accept: */*

Response DefaultHttpResponse(decodeResult: success, version: HTTP/1.1)
HTTP/1.1 200 OK
Content-Length: 126
Content-Type: application/json; charset=utf-8
cache-control: no-cache

12:28:51.665 [AsyncHttpClient-1-2] DEBUG org.asynchttpclient.netty.channel.ChannelManager - Adding key: http://localhost:27595 for channel [id: 0x9a69f999, L:/127.0.0.1:47218 - R:localhost/127.0.0.1:27595]
12:28:51.674 [Forwarding isElementDisplayed on session 0197941ba018743ea0fa9698cf6b086b to remote] DEBUG org.asynchttpclient.netty.request.NettyRequestSender - Using pooled Channel '[id: 0x9a69f999, L:/127.0.0.1:47218 - R:localhost/127.0.0.1:27595]' for 'POST' to 'http://localhost:27595/session/0197941ba018743ea0fa9698cf6b086b/execute/sync'
12:28:51.674 [Forwarding isElementDisplayed on session 0197941ba018743ea0fa9698cf6b086b to remote] DEBUG org.asynchttpclient.netty.request.NettyRequestSender - Using open Channel [id: 0x9a69f999, L:/127.0.0.1:47218 - R:localhost/127.0.0.1:27595] for POST '/session/0197941ba018743ea0fa9698cf6b086b/execute/sync'
12:28:51.702 [AsyncHttpClient-1-2] DEBUG org.asynchttpclient.netty.handler.HttpHandler - 

Request DefaultHttpRequest(decodeResult: success, version: HTTP/1.1)
POST /session/0197941ba018743ea0fa9698cf6b086b/execute/sync HTTP/1.1
User-Agent: selenium/4.13.0 (java unix)
Content-Length: 48845
Content-Type: application/json; charset=utf-8
host: localhost:27595
accept: */*

Response DefaultHttpResponse(decodeResult: success, version: HTTP/1.1)
HTTP/1.1 200 OK
Content-Length: 14
Content-Type: application/json; charset=utf-8
cache-control: no-cache

12:28:51.702 [AsyncHttpClient-1-2] DEBUG org.asynchttpclient.netty.channel.ChannelManager - Adding key: http://localhost:27595 for channel [id: 0x9a69f999, L:/127.0.0.1:47218 - R:localhost/127.0.0.1:27595]
12:28:51.703 [Forwarding findElement on session 0197941ba018743ea0fa9698cf6b086b to remote] DEBUG org.asynchttpclient.netty.request.NettyRequestSender - Using pooled Channel '[id: 0x9a69f999, L:/127.0.0.1:47218 - R:localhost/127.0.0.1:27595]' for 'POST' to 'http://localhost:27595/session/0197941ba018743ea0fa9698cf6b086b/element'
12:28:51.704 [Forwarding findElement on session 0197941ba018743ea0fa9698cf6b086b to remote] DEBUG org.asynchttpclient.netty.request.NettyRequestSender - Using open Channel [id: 0x9a69f999, L:/127.0.0.1:47218 - R:localhost/127.0.0.1:27595] for POST '/session/0197941ba018743ea0fa9698cf6b086b/element'
12:28:51.710 [AsyncHttpClient-1-2] DEBUG org.asynchttpclient.netty.handler.HttpHandler - 

Request DefaultHttpRequest(decodeResult: success, version: HTTP/1.1)
POST /session/0197941ba018743ea0fa9698cf6b086b/element HTTP/1.1
User-Agent: selenium/4.13.0 (java unix)
Content-Length: 79
Content-Type: application/json; charset=utf-8
host: localhost:27595
accept: */*

Response DefaultHttpResponse(decodeResult: success, version: HTTP/1.1)
HTTP/1.1 200 OK
Content-Length: 126
Content-Type: application/json; charset=utf-8
cache-control: no-cache

12:28:51.710 [AsyncHttpClient-1-2] DEBUG org.asynchttpclient.netty.channel.ChannelManager - Adding key: http://localhost:27595 for channel [id: 0x9a69f999, L:/127.0.0.1:47218 - R:localhost/127.0.0.1:27595]
12:28:51.711 [Forwarding getElementText on session 0197941ba018743ea0fa9698cf6b086b to remote] DEBUG org.asynchttpclient.netty.request.NettyRequestSender - Using pooled Channel '[id: 0x9a69f999, L:/127.0.0.1:47218 - R:localhost/127.0.0.1:27595]' for 'GET' to 'http://localhost:27595/session/0197941ba018743ea0fa9698cf6b086b/element/f.6288715C41777719DE2A5646768E9A0D.d.CB7BC6A49C008B97037B7E08EC79F3BB.e.46/text'
12:28:51.711 [Forwarding getElementText on session 0197941ba018743ea0fa9698cf6b086b to remote] DEBUG org.asynchttpclient.netty.request.NettyRequestSender - Using open Channel [id: 0x9a69f999, L:/127.0.0.1:47218 - R:localhost/127.0.0.1:27595] for GET '/session/0197941ba018743ea0fa9698cf6b086b/element/f.6288715C41777719DE2A5646768E9A0D.d.CB7BC6A49C008B97037B7E08EC79F3BB.e.46/text'
12:28:51.723 [AsyncHttpClient-1-2] DEBUG org.asynchttpclient.netty.handler.HttpHandler - 

Request DefaultFullHttpRequest(decodeResult: success, version: HTTP/1.1, content: EmptyByteBufBE)
GET /session/0197941ba018743ea0fa9698cf6b086b/element/f.6288715C41777719DE2A5646768E9A0D.d.CB7BC6A49C008B97037B7E08EC79F3BB.e.46/text HTTP/1.1
Cache-Control: no-cache
User-Agent: selenium/4.13.0 (java unix)
Content-Type: application/json; charset=utf-8
host: localhost:27595
accept: */*

Response DefaultHttpResponse(decodeResult: success, version: HTTP/1.1)
HTTP/1.1 200 OK
Content-Length: 21
Content-Type: application/json; charset=utf-8
cache-control: no-cache

12:28:51.723 [AsyncHttpClient-1-2] DEBUG org.asynchttpclient.netty.channel.ChannelManager - Adding key: http://localhost:27595 for channel [id: 0x9a69f999, L:/127.0.0.1:47218 - R:localhost/127.0.0.1:27595]
]]></system-out>
  </testcase>
</testsuite>